[2023-12-04T17:17:17.914+0000] {processor.py:157} INFO - Started process (PID=44) to work on /opt/airflow/dags/posts.py
[2023-12-04T17:17:17.914+0000] {processor.py:829} INFO - Processing file /opt/airflow/dags/posts.py for tasks to queue
[2023-12-04T17:17:17.916+0000] {logging_mixin.py:154} INFO - [2023-12-04T17:17:17.915+0000] {dagbag.py:536} INFO - Filling up the DagBag from /opt/airflow/dags/posts.py
[2023-12-04T17:17:17.928+0000] {processor.py:839} INFO - DAG(s) dict_keys(['DAG_stackexchange_posts']) retrieved from /opt/airflow/dags/posts.py
[2023-12-04T17:17:18.127+0000] {logging_mixin.py:154} INFO - [2023-12-04T17:17:18.127+0000] {dag.py:2941} INFO - Sync 1 DAGs
[2023-12-04T17:17:18.162+0000] {logging_mixin.py:154} INFO - [2023-12-04T17:17:18.161+0000] {dag.py:3722} INFO - Setting next_dagrun for DAG_stackexchange_posts to 2023-12-04T17:16:38.161613+00:00, run_after=2023-12-04T17:17:18.161613+00:00
[2023-12-04T17:17:18.186+0000] {processor.py:179} INFO - Processing /opt/airflow/dags/posts.py took 0.275 seconds
[2023-12-04T17:17:48.261+0000] {processor.py:157} INFO - Started process (PID=104) to work on /opt/airflow/dags/posts.py
[2023-12-04T17:17:48.267+0000] {processor.py:829} INFO - Processing file /opt/airflow/dags/posts.py for tasks to queue
[2023-12-04T17:17:48.270+0000] {logging_mixin.py:154} INFO - [2023-12-04T17:17:48.270+0000] {dagbag.py:536} INFO - Filling up the DagBag from /opt/airflow/dags/posts.py
[2023-12-04T17:17:48.274+0000] {processor.py:839} INFO - DAG(s) dict_keys(['DAG_stackexchange_posts']) retrieved from /opt/airflow/dags/posts.py
[2023-12-04T17:17:48.287+0000] {logging_mixin.py:154} INFO - [2023-12-04T17:17:48.287+0000] {dag.py:2941} INFO - Sync 1 DAGs
[2023-12-04T17:17:48.300+0000] {logging_mixin.py:154} INFO - [2023-12-04T17:17:48.300+0000] {dag.py:3722} INFO - Setting next_dagrun for DAG_stackexchange_posts to 2023-12-04T17:17:18.161613+00:00, run_after=2023-12-04T17:17:58.161613+00:00
[2023-12-04T17:17:48.310+0000] {processor.py:179} INFO - Processing /opt/airflow/dags/posts.py took 0.052 seconds
[2023-12-04T17:18:18.364+0000] {processor.py:157} INFO - Started process (PID=160) to work on /opt/airflow/dags/posts.py
[2023-12-04T17:18:18.365+0000] {processor.py:829} INFO - Processing file /opt/airflow/dags/posts.py for tasks to queue
[2023-12-04T17:18:18.367+0000] {logging_mixin.py:154} INFO - [2023-12-04T17:18:18.366+0000] {dagbag.py:536} INFO - Filling up the DagBag from /opt/airflow/dags/posts.py
[2023-12-04T17:18:18.370+0000] {processor.py:839} INFO - DAG(s) dict_keys(['DAG_stackexchange_posts']) retrieved from /opt/airflow/dags/posts.py
[2023-12-04T17:18:18.383+0000] {logging_mixin.py:154} INFO - [2023-12-04T17:18:18.382+0000] {dag.py:2941} INFO - Sync 1 DAGs
[2023-12-04T17:18:18.397+0000] {logging_mixin.py:154} INFO - [2023-12-04T17:18:18.396+0000] {dag.py:3722} INFO - Setting next_dagrun for DAG_stackexchange_posts to 2023-12-04T17:17:58.161613+00:00, run_after=2023-12-04T17:18:38.161613+00:00
[2023-12-04T17:18:18.409+0000] {processor.py:179} INFO - Processing /opt/airflow/dags/posts.py took 0.047 seconds
[2023-12-04T17:18:48.505+0000] {processor.py:157} INFO - Started process (PID=220) to work on /opt/airflow/dags/posts.py
[2023-12-04T17:18:48.511+0000] {processor.py:829} INFO - Processing file /opt/airflow/dags/posts.py for tasks to queue
[2023-12-04T17:18:48.512+0000] {logging_mixin.py:154} INFO - [2023-12-04T17:18:48.512+0000] {dagbag.py:536} INFO - Filling up the DagBag from /opt/airflow/dags/posts.py
[2023-12-04T17:18:48.515+0000] {processor.py:839} INFO - DAG(s) dict_keys(['DAG_stackexchange_posts']) retrieved from /opt/airflow/dags/posts.py
[2023-12-04T17:18:48.533+0000] {logging_mixin.py:154} INFO - [2023-12-04T17:18:48.533+0000] {dag.py:2941} INFO - Sync 1 DAGs
[2023-12-04T17:18:48.550+0000] {logging_mixin.py:154} INFO - [2023-12-04T17:18:48.550+0000] {dag.py:3722} INFO - Setting next_dagrun for DAG_stackexchange_posts to 2023-12-04T17:18:38.161613+00:00, run_after=2023-12-04T17:19:18.161613+00:00
[2023-12-04T17:18:48.569+0000] {processor.py:179} INFO - Processing /opt/airflow/dags/posts.py took 0.065 seconds
[2023-12-04T17:19:18.642+0000] {processor.py:157} INFO - Started process (PID=276) to work on /opt/airflow/dags/posts.py
[2023-12-04T17:19:18.648+0000] {processor.py:829} INFO - Processing file /opt/airflow/dags/posts.py for tasks to queue
[2023-12-04T17:19:18.650+0000] {logging_mixin.py:154} INFO - [2023-12-04T17:19:18.649+0000] {dagbag.py:536} INFO - Filling up the DagBag from /opt/airflow/dags/posts.py
[2023-12-04T17:19:18.653+0000] {processor.py:839} INFO - DAG(s) dict_keys(['DAG_stackexchange_posts']) retrieved from /opt/airflow/dags/posts.py
[2023-12-04T17:19:18.671+0000] {logging_mixin.py:154} INFO - [2023-12-04T17:19:18.671+0000] {dag.py:2941} INFO - Sync 1 DAGs
[2023-12-04T17:19:18.688+0000] {logging_mixin.py:154} INFO - [2023-12-04T17:19:18.688+0000] {dag.py:3722} INFO - Setting next_dagrun for DAG_stackexchange_posts to 2023-12-04T17:19:18.161613+00:00, run_after=2023-12-04T17:19:58.161613+00:00
[2023-12-04T17:19:18.705+0000] {processor.py:179} INFO - Processing /opt/airflow/dags/posts.py took 0.065 seconds
[2023-12-04T17:19:49.026+0000] {processor.py:157} INFO - Started process (PID=332) to work on /opt/airflow/dags/posts.py
[2023-12-04T17:19:49.027+0000] {processor.py:829} INFO - Processing file /opt/airflow/dags/posts.py for tasks to queue
[2023-12-04T17:19:49.028+0000] {logging_mixin.py:154} INFO - [2023-12-04T17:19:49.028+0000] {dagbag.py:536} INFO - Filling up the DagBag from /opt/airflow/dags/posts.py
[2023-12-04T17:19:49.032+0000] {processor.py:839} INFO - DAG(s) dict_keys(['DAG_stackexchange_posts']) retrieved from /opt/airflow/dags/posts.py
[2023-12-04T17:19:49.052+0000] {logging_mixin.py:154} INFO - [2023-12-04T17:19:49.052+0000] {dag.py:2941} INFO - Sync 1 DAGs
[2023-12-04T17:19:49.068+0000] {logging_mixin.py:154} INFO - [2023-12-04T17:19:49.068+0000] {dag.py:3722} INFO - Setting next_dagrun for DAG_stackexchange_posts to 2023-12-04T17:19:18.161613+00:00, run_after=2023-12-04T17:19:58.161613+00:00
[2023-12-04T17:19:49.080+0000] {processor.py:179} INFO - Processing /opt/airflow/dags/posts.py took 0.056 seconds
[2023-12-04T17:20:19.777+0000] {processor.py:157} INFO - Started process (PID=392) to work on /opt/airflow/dags/posts.py
[2023-12-04T17:20:19.782+0000] {processor.py:829} INFO - Processing file /opt/airflow/dags/posts.py for tasks to queue
[2023-12-04T17:20:19.784+0000] {logging_mixin.py:154} INFO - [2023-12-04T17:20:19.784+0000] {dagbag.py:536} INFO - Filling up the DagBag from /opt/airflow/dags/posts.py
[2023-12-04T17:20:19.787+0000] {processor.py:839} INFO - DAG(s) dict_keys(['DAG_stackexchange_posts']) retrieved from /opt/airflow/dags/posts.py
[2023-12-04T17:20:19.805+0000] {logging_mixin.py:154} INFO - [2023-12-04T17:20:19.804+0000] {dag.py:2941} INFO - Sync 1 DAGs
[2023-12-04T17:20:19.824+0000] {logging_mixin.py:154} INFO - [2023-12-04T17:20:19.824+0000] {dag.py:3722} INFO - Setting next_dagrun for DAG_stackexchange_posts to 2023-12-04T17:19:58.161613+00:00, run_after=2023-12-04T17:20:38.161613+00:00
[2023-12-04T17:20:19.840+0000] {processor.py:179} INFO - Processing /opt/airflow/dags/posts.py took 0.067 seconds
[2023-12-04T17:20:49.873+0000] {processor.py:157} INFO - Started process (PID=448) to work on /opt/airflow/dags/posts.py
[2023-12-04T17:20:49.879+0000] {processor.py:829} INFO - Processing file /opt/airflow/dags/posts.py for tasks to queue
[2023-12-04T17:20:49.880+0000] {logging_mixin.py:154} INFO - [2023-12-04T17:20:49.880+0000] {dagbag.py:536} INFO - Filling up the DagBag from /opt/airflow/dags/posts.py
[2023-12-04T17:20:49.883+0000] {processor.py:839} INFO - DAG(s) dict_keys(['DAG_stackexchange_posts']) retrieved from /opt/airflow/dags/posts.py
[2023-12-04T17:20:49.896+0000] {logging_mixin.py:154} INFO - [2023-12-04T17:20:49.896+0000] {dag.py:2941} INFO - Sync 1 DAGs
[2023-12-04T17:20:49.910+0000] {logging_mixin.py:154} INFO - [2023-12-04T17:20:49.910+0000] {dag.py:3722} INFO - Setting next_dagrun for DAG_stackexchange_posts to 2023-12-04T17:20:38.161613+00:00, run_after=2023-12-04T17:21:18.161613+00:00
[2023-12-04T17:20:49.926+0000] {processor.py:179} INFO - Processing /opt/airflow/dags/posts.py took 0.055 seconds
[2023-12-04T17:21:19.952+0000] {processor.py:157} INFO - Started process (PID=508) to work on /opt/airflow/dags/posts.py
[2023-12-04T17:21:19.958+0000] {processor.py:829} INFO - Processing file /opt/airflow/dags/posts.py for tasks to queue
[2023-12-04T17:21:19.959+0000] {logging_mixin.py:154} INFO - [2023-12-04T17:21:19.959+0000] {dagbag.py:536} INFO - Filling up the DagBag from /opt/airflow/dags/posts.py
[2023-12-04T17:21:19.963+0000] {processor.py:839} INFO - DAG(s) dict_keys(['DAG_stackexchange_posts']) retrieved from /opt/airflow/dags/posts.py
[2023-12-04T17:21:19.982+0000] {logging_mixin.py:154} INFO - [2023-12-04T17:21:19.982+0000] {dag.py:2941} INFO - Sync 1 DAGs
[2023-12-04T17:21:20.006+0000] {logging_mixin.py:154} INFO - [2023-12-04T17:21:20.006+0000] {dag.py:3722} INFO - Setting next_dagrun for DAG_stackexchange_posts to 2023-12-04T17:21:18.161613+00:00, run_after=2023-12-04T17:21:58.161613+00:00
[2023-12-04T17:21:20.025+0000] {processor.py:179} INFO - Processing /opt/airflow/dags/posts.py took 0.075 seconds
[2023-12-04T17:21:50.329+0000] {processor.py:157} INFO - Started process (PID=564) to work on /opt/airflow/dags/posts.py
[2023-12-04T17:21:50.329+0000] {processor.py:829} INFO - Processing file /opt/airflow/dags/posts.py for tasks to queue
[2023-12-04T17:21:50.332+0000] {logging_mixin.py:154} INFO - [2023-12-04T17:21:50.331+0000] {dagbag.py:536} INFO - Filling up the DagBag from /opt/airflow/dags/posts.py
[2023-12-04T17:21:50.337+0000] {processor.py:839} INFO - DAG(s) dict_keys(['DAG_stackexchange_posts']) retrieved from /opt/airflow/dags/posts.py
[2023-12-04T17:21:50.359+0000] {logging_mixin.py:154} INFO - [2023-12-04T17:21:50.358+0000] {dag.py:2941} INFO - Sync 1 DAGs
[2023-12-04T17:21:50.383+0000] {logging_mixin.py:154} INFO - [2023-12-04T17:21:50.382+0000] {dag.py:3722} INFO - Setting next_dagrun for DAG_stackexchange_posts to 2023-12-04T17:21:18.161613+00:00, run_after=2023-12-04T17:21:58.161613+00:00
[2023-12-04T17:21:50.405+0000] {processor.py:179} INFO - Processing /opt/airflow/dags/posts.py took 0.080 seconds
[2023-12-04T17:22:20.535+0000] {processor.py:157} INFO - Started process (PID=624) to work on /opt/airflow/dags/posts.py
[2023-12-04T17:22:20.536+0000] {processor.py:829} INFO - Processing file /opt/airflow/dags/posts.py for tasks to queue
[2023-12-04T17:22:20.538+0000] {logging_mixin.py:154} INFO - [2023-12-04T17:22:20.538+0000] {dagbag.py:536} INFO - Filling up the DagBag from /opt/airflow/dags/posts.py
[2023-12-04T17:22:20.543+0000] {processor.py:839} INFO - DAG(s) dict_keys(['DAG_stackexchange_posts']) retrieved from /opt/airflow/dags/posts.py
[2023-12-04T17:22:20.562+0000] {logging_mixin.py:154} INFO - [2023-12-04T17:22:20.562+0000] {dag.py:2941} INFO - Sync 1 DAGs
[2023-12-04T17:22:20.584+0000] {logging_mixin.py:154} INFO - [2023-12-04T17:22:20.584+0000] {dag.py:3722} INFO - Setting next_dagrun for DAG_stackexchange_posts to 2023-12-04T17:21:58.161613+00:00, run_after=2023-12-04T17:22:38.161613+00:00
[2023-12-04T17:22:20.604+0000] {processor.py:179} INFO - Processing /opt/airflow/dags/posts.py took 0.071 seconds
[2023-12-04T17:22:50.793+0000] {processor.py:157} INFO - Started process (PID=684) to work on /opt/airflow/dags/posts.py
[2023-12-04T17:22:50.793+0000] {processor.py:829} INFO - Processing file /opt/airflow/dags/posts.py for tasks to queue
[2023-12-04T17:22:50.795+0000] {logging_mixin.py:154} INFO - [2023-12-04T17:22:50.795+0000] {dagbag.py:536} INFO - Filling up the DagBag from /opt/airflow/dags/posts.py
[2023-12-04T17:22:50.799+0000] {processor.py:839} INFO - DAG(s) dict_keys(['DAG_stackexchange_posts']) retrieved from /opt/airflow/dags/posts.py
[2023-12-04T17:22:50.817+0000] {logging_mixin.py:154} INFO - [2023-12-04T17:22:50.817+0000] {dag.py:2941} INFO - Sync 1 DAGs
[2023-12-04T17:22:50.836+0000] {logging_mixin.py:154} INFO - [2023-12-04T17:22:50.835+0000] {dag.py:3722} INFO - Setting next_dagrun for DAG_stackexchange_posts to 2023-12-04T17:22:38.161613+00:00, run_after=2023-12-04T17:23:18.161613+00:00
[2023-12-04T17:22:50.849+0000] {processor.py:179} INFO - Processing /opt/airflow/dags/posts.py took 0.058 seconds
[2023-12-04T17:23:21.036+0000] {processor.py:157} INFO - Started process (PID=740) to work on /opt/airflow/dags/posts.py
[2023-12-04T17:23:21.041+0000] {processor.py:829} INFO - Processing file /opt/airflow/dags/posts.py for tasks to queue
[2023-12-04T17:23:21.044+0000] {logging_mixin.py:154} INFO - [2023-12-04T17:23:21.043+0000] {dagbag.py:536} INFO - Filling up the DagBag from /opt/airflow/dags/posts.py
[2023-12-04T17:23:21.048+0000] {processor.py:839} INFO - DAG(s) dict_keys(['DAG_stackexchange_posts']) retrieved from /opt/airflow/dags/posts.py
[2023-12-04T17:23:21.066+0000] {logging_mixin.py:154} INFO - [2023-12-04T17:23:21.066+0000] {dag.py:2941} INFO - Sync 1 DAGs
[2023-12-04T17:23:21.086+0000] {logging_mixin.py:154} INFO - [2023-12-04T17:23:21.086+0000] {dag.py:3722} INFO - Setting next_dagrun for DAG_stackexchange_posts to 2023-12-04T17:23:18.161613+00:00, run_after=2023-12-04T17:23:58.161613+00:00
[2023-12-04T17:23:21.105+0000] {processor.py:179} INFO - Processing /opt/airflow/dags/posts.py took 0.071 seconds
[2023-12-04T17:23:51.539+0000] {processor.py:157} INFO - Started process (PID=796) to work on /opt/airflow/dags/posts.py
[2023-12-04T17:23:51.539+0000] {processor.py:829} INFO - Processing file /opt/airflow/dags/posts.py for tasks to queue
[2023-12-04T17:23:51.541+0000] {logging_mixin.py:154} INFO - [2023-12-04T17:23:51.540+0000] {dagbag.py:536} INFO - Filling up the DagBag from /opt/airflow/dags/posts.py
[2023-12-04T17:23:51.544+0000] {processor.py:839} INFO - DAG(s) dict_keys(['DAG_stackexchange_posts']) retrieved from /opt/airflow/dags/posts.py
[2023-12-04T17:23:51.558+0000] {logging_mixin.py:154} INFO - [2023-12-04T17:23:51.558+0000] {dag.py:2941} INFO - Sync 1 DAGs
[2023-12-04T17:23:51.580+0000] {logging_mixin.py:154} INFO - [2023-12-04T17:23:51.580+0000] {dag.py:3722} INFO - Setting next_dagrun for DAG_stackexchange_posts to 2023-12-04T17:23:18.161613+00:00, run_after=2023-12-04T17:23:58.161613+00:00
[2023-12-04T17:23:51.598+0000] {processor.py:179} INFO - Processing /opt/airflow/dags/posts.py took 0.061 seconds
[2023-12-04T17:24:21.718+0000] {processor.py:157} INFO - Started process (PID=856) to work on /opt/airflow/dags/posts.py
[2023-12-04T17:24:21.723+0000] {processor.py:829} INFO - Processing file /opt/airflow/dags/posts.py for tasks to queue
[2023-12-04T17:24:21.725+0000] {logging_mixin.py:154} INFO - [2023-12-04T17:24:21.725+0000] {dagbag.py:536} INFO - Filling up the DagBag from /opt/airflow/dags/posts.py
[2023-12-04T17:24:21.728+0000] {processor.py:839} INFO - DAG(s) dict_keys(['DAG_stackexchange_posts']) retrieved from /opt/airflow/dags/posts.py
[2023-12-04T17:24:21.744+0000] {logging_mixin.py:154} INFO - [2023-12-04T17:24:21.743+0000] {dag.py:2941} INFO - Sync 1 DAGs
[2023-12-04T17:24:21.766+0000] {logging_mixin.py:154} INFO - [2023-12-04T17:24:21.766+0000] {dag.py:3722} INFO - Setting next_dagrun for DAG_stackexchange_posts to 2023-12-04T17:23:58.161613+00:00, run_after=2023-12-04T17:24:38.161613+00:00
[2023-12-04T17:24:21.884+0000] {processor.py:179} INFO - Processing /opt/airflow/dags/posts.py took 0.168 seconds
[2023-12-04T17:24:52.269+0000] {processor.py:157} INFO - Started process (PID=916) to work on /opt/airflow/dags/posts.py
[2023-12-04T17:24:52.269+0000] {processor.py:829} INFO - Processing file /opt/airflow/dags/posts.py for tasks to queue
[2023-12-04T17:24:52.271+0000] {logging_mixin.py:154} INFO - [2023-12-04T17:24:52.271+0000] {dagbag.py:536} INFO - Filling up the DagBag from /opt/airflow/dags/posts.py
[2023-12-04T17:24:52.275+0000] {processor.py:839} INFO - DAG(s) dict_keys(['DAG_stackexchange_posts']) retrieved from /opt/airflow/dags/posts.py
[2023-12-04T17:24:52.293+0000] {logging_mixin.py:154} INFO - [2023-12-04T17:24:52.293+0000] {dag.py:2941} INFO - Sync 1 DAGs
[2023-12-04T17:24:52.312+0000] {logging_mixin.py:154} INFO - [2023-12-04T17:24:52.312+0000] {dag.py:3722} INFO - Setting next_dagrun for DAG_stackexchange_posts to 2023-12-04T17:24:38.161613+00:00, run_after=2023-12-04T17:25:18.161613+00:00
[2023-12-04T17:24:52.327+0000] {processor.py:179} INFO - Processing /opt/airflow/dags/posts.py took 0.060 seconds
[2023-12-04T17:25:22.553+0000] {processor.py:157} INFO - Started process (PID=972) to work on /opt/airflow/dags/posts.py
[2023-12-04T17:25:22.559+0000] {processor.py:829} INFO - Processing file /opt/airflow/dags/posts.py for tasks to queue
[2023-12-04T17:25:22.560+0000] {logging_mixin.py:154} INFO - [2023-12-04T17:25:22.560+0000] {dagbag.py:536} INFO - Filling up the DagBag from /opt/airflow/dags/posts.py
[2023-12-04T17:25:22.564+0000] {processor.py:839} INFO - DAG(s) dict_keys(['DAG_stackexchange_posts']) retrieved from /opt/airflow/dags/posts.py
[2023-12-04T17:25:22.586+0000] {logging_mixin.py:154} INFO - [2023-12-04T17:25:22.585+0000] {dag.py:2941} INFO - Sync 1 DAGs
[2023-12-04T17:25:22.609+0000] {logging_mixin.py:154} INFO - [2023-12-04T17:25:22.609+0000] {dag.py:3722} INFO - Setting next_dagrun for DAG_stackexchange_posts to 2023-12-04T17:25:18.161613+00:00, run_after=2023-12-04T17:25:58.161613+00:00
[2023-12-04T17:25:22.628+0000] {processor.py:179} INFO - Processing /opt/airflow/dags/posts.py took 0.077 seconds
[2023-12-04T17:25:53.344+0000] {processor.py:157} INFO - Started process (PID=1028) to work on /opt/airflow/dags/posts.py
[2023-12-04T17:25:53.345+0000] {processor.py:829} INFO - Processing file /opt/airflow/dags/posts.py for tasks to queue
[2023-12-04T17:25:53.346+0000] {logging_mixin.py:154} INFO - [2023-12-04T17:25:53.346+0000] {dagbag.py:536} INFO - Filling up the DagBag from /opt/airflow/dags/posts.py
[2023-12-04T17:25:53.350+0000] {processor.py:839} INFO - DAG(s) dict_keys(['DAG_stackexchange_posts']) retrieved from /opt/airflow/dags/posts.py
[2023-12-04T17:25:53.365+0000] {logging_mixin.py:154} INFO - [2023-12-04T17:25:53.364+0000] {dag.py:2941} INFO - Sync 1 DAGs
[2023-12-04T17:25:53.382+0000] {logging_mixin.py:154} INFO - [2023-12-04T17:25:53.382+0000] {dag.py:3722} INFO - Setting next_dagrun for DAG_stackexchange_posts to 2023-12-04T17:25:18.161613+00:00, run_after=2023-12-04T17:25:58.161613+00:00
[2023-12-04T17:25:53.395+0000] {processor.py:179} INFO - Processing /opt/airflow/dags/posts.py took 0.053 seconds
[2023-12-04T17:26:23.597+0000] {processor.py:157} INFO - Started process (PID=1088) to work on /opt/airflow/dags/posts.py
[2023-12-04T17:26:23.603+0000] {processor.py:829} INFO - Processing file /opt/airflow/dags/posts.py for tasks to queue
[2023-12-04T17:26:23.604+0000] {logging_mixin.py:154} INFO - [2023-12-04T17:26:23.604+0000] {dagbag.py:536} INFO - Filling up the DagBag from /opt/airflow/dags/posts.py
[2023-12-04T17:26:23.607+0000] {processor.py:839} INFO - DAG(s) dict_keys(['DAG_stackexchange_posts']) retrieved from /opt/airflow/dags/posts.py
[2023-12-04T17:26:23.624+0000] {logging_mixin.py:154} INFO - [2023-12-04T17:26:23.624+0000] {dag.py:2941} INFO - Sync 1 DAGs
[2023-12-04T17:26:23.733+0000] {logging_mixin.py:154} INFO - [2023-12-04T17:26:23.733+0000] {dag.py:3722} INFO - Setting next_dagrun for DAG_stackexchange_posts to 2023-12-04T17:25:58.161613+00:00, run_after=2023-12-04T17:26:38.161613+00:00
[2023-12-04T17:26:23.752+0000] {processor.py:179} INFO - Processing /opt/airflow/dags/posts.py took 0.157 seconds
[2023-12-04T17:26:54.041+0000] {processor.py:157} INFO - Started process (PID=1144) to work on /opt/airflow/dags/posts.py
[2023-12-04T17:26:54.047+0000] {processor.py:829} INFO - Processing file /opt/airflow/dags/posts.py for tasks to queue
[2023-12-04T17:26:54.048+0000] {logging_mixin.py:154} INFO - [2023-12-04T17:26:54.048+0000] {dagbag.py:536} INFO - Filling up the DagBag from /opt/airflow/dags/posts.py
[2023-12-04T17:26:54.052+0000] {processor.py:839} INFO - DAG(s) dict_keys(['DAG_stackexchange_posts']) retrieved from /opt/airflow/dags/posts.py
[2023-12-04T17:26:54.068+0000] {logging_mixin.py:154} INFO - [2023-12-04T17:26:54.067+0000] {dag.py:2941} INFO - Sync 1 DAGs
[2023-12-04T17:26:54.088+0000] {logging_mixin.py:154} INFO - [2023-12-04T17:26:54.088+0000] {dag.py:3722} INFO - Setting next_dagrun for DAG_stackexchange_posts to 2023-12-04T17:26:38.161613+00:00, run_after=2023-12-04T17:27:18.161613+00:00
[2023-12-04T17:26:54.103+0000] {processor.py:179} INFO - Processing /opt/airflow/dags/posts.py took 0.065 seconds
[2023-12-04T17:27:24.188+0000] {processor.py:157} INFO - Started process (PID=1200) to work on /opt/airflow/dags/posts.py
[2023-12-04T17:27:24.194+0000] {processor.py:829} INFO - Processing file /opt/airflow/dags/posts.py for tasks to queue
[2023-12-04T17:27:24.195+0000] {logging_mixin.py:154} INFO - [2023-12-04T17:27:24.194+0000] {dagbag.py:536} INFO - Filling up the DagBag from /opt/airflow/dags/posts.py
[2023-12-04T17:27:24.198+0000] {processor.py:839} INFO - DAG(s) dict_keys(['DAG_stackexchange_posts']) retrieved from /opt/airflow/dags/posts.py
[2023-12-04T17:27:24.213+0000] {logging_mixin.py:154} INFO - [2023-12-04T17:27:24.213+0000] {dag.py:2941} INFO - Sync 1 DAGs
[2023-12-04T17:27:24.229+0000] {logging_mixin.py:154} INFO - [2023-12-04T17:27:24.229+0000] {dag.py:3722} INFO - Setting next_dagrun for DAG_stackexchange_posts to 2023-12-04T17:27:18.161613+00:00, run_after=2023-12-04T17:27:58.161613+00:00
[2023-12-04T17:27:24.248+0000] {processor.py:179} INFO - Processing /opt/airflow/dags/posts.py took 0.062 seconds
[2023-12-04T17:27:54.363+0000] {processor.py:157} INFO - Started process (PID=1256) to work on /opt/airflow/dags/posts.py
[2023-12-04T17:27:54.369+0000] {processor.py:829} INFO - Processing file /opt/airflow/dags/posts.py for tasks to queue
[2023-12-04T17:27:54.371+0000] {logging_mixin.py:154} INFO - [2023-12-04T17:27:54.371+0000] {dagbag.py:536} INFO - Filling up the DagBag from /opt/airflow/dags/posts.py
[2023-12-04T17:27:54.375+0000] {processor.py:839} INFO - DAG(s) dict_keys(['DAG_stackexchange_posts']) retrieved from /opt/airflow/dags/posts.py
[2023-12-04T17:27:54.502+0000] {logging_mixin.py:154} INFO - [2023-12-04T17:27:54.502+0000] {dag.py:2941} INFO - Sync 1 DAGs
[2023-12-04T17:27:54.517+0000] {logging_mixin.py:154} INFO - [2023-12-04T17:27:54.517+0000] {dag.py:3722} INFO - Setting next_dagrun for DAG_stackexchange_posts to 2023-12-04T17:27:18.161613+00:00, run_after=2023-12-04T17:27:58.161613+00:00
[2023-12-04T17:27:54.531+0000] {processor.py:179} INFO - Processing /opt/airflow/dags/posts.py took 0.170 seconds
[2023-12-04T17:28:24.571+0000] {processor.py:157} INFO - Started process (PID=1312) to work on /opt/airflow/dags/posts.py
[2023-12-04T17:28:24.577+0000] {processor.py:829} INFO - Processing file /opt/airflow/dags/posts.py for tasks to queue
[2023-12-04T17:28:24.578+0000] {logging_mixin.py:154} INFO - [2023-12-04T17:28:24.578+0000] {dagbag.py:536} INFO - Filling up the DagBag from /opt/airflow/dags/posts.py
[2023-12-04T17:28:24.581+0000] {processor.py:839} INFO - DAG(s) dict_keys(['DAG_stackexchange_posts']) retrieved from /opt/airflow/dags/posts.py
[2023-12-04T17:28:24.596+0000] {logging_mixin.py:154} INFO - [2023-12-04T17:28:24.596+0000] {dag.py:2941} INFO - Sync 1 DAGs
[2023-12-04T17:28:24.704+0000] {logging_mixin.py:154} INFO - [2023-12-04T17:28:24.704+0000] {dag.py:3722} INFO - Setting next_dagrun for DAG_stackexchange_posts to 2023-12-04T17:27:58.161613+00:00, run_after=2023-12-04T17:28:38.161613+00:00
[2023-12-04T17:28:24.723+0000] {processor.py:179} INFO - Processing /opt/airflow/dags/posts.py took 0.154 seconds
[2023-12-04T17:28:54.827+0000] {processor.py:157} INFO - Started process (PID=1372) to work on /opt/airflow/dags/posts.py
[2023-12-04T17:28:54.828+0000] {processor.py:829} INFO - Processing file /opt/airflow/dags/posts.py for tasks to queue
[2023-12-04T17:28:54.829+0000] {logging_mixin.py:154} INFO - [2023-12-04T17:28:54.829+0000] {dagbag.py:536} INFO - Filling up the DagBag from /opt/airflow/dags/posts.py
[2023-12-04T17:28:54.832+0000] {processor.py:839} INFO - DAG(s) dict_keys(['DAG_stackexchange_posts']) retrieved from /opt/airflow/dags/posts.py
[2023-12-04T17:28:54.849+0000] {logging_mixin.py:154} INFO - [2023-12-04T17:28:54.849+0000] {dag.py:2941} INFO - Sync 1 DAGs
[2023-12-04T17:28:54.982+0000] {logging_mixin.py:154} INFO - [2023-12-04T17:28:54.982+0000] {dag.py:3722} INFO - Setting next_dagrun for DAG_stackexchange_posts to 2023-12-04T17:28:38.161613+00:00, run_after=2023-12-04T17:29:18.161613+00:00
[2023-12-04T17:28:55.006+0000] {processor.py:179} INFO - Processing /opt/airflow/dags/posts.py took 0.180 seconds
[2023-12-04T17:29:25.163+0000] {processor.py:157} INFO - Started process (PID=1428) to work on /opt/airflow/dags/posts.py
[2023-12-04T17:29:25.169+0000] {processor.py:829} INFO - Processing file /opt/airflow/dags/posts.py for tasks to queue
[2023-12-04T17:29:25.171+0000] {logging_mixin.py:154} INFO - [2023-12-04T17:29:25.171+0000] {dagbag.py:536} INFO - Filling up the DagBag from /opt/airflow/dags/posts.py
[2023-12-04T17:29:25.176+0000] {processor.py:839} INFO - DAG(s) dict_keys(['DAG_stackexchange_posts']) retrieved from /opt/airflow/dags/posts.py
[2023-12-04T17:29:25.201+0000] {logging_mixin.py:154} INFO - [2023-12-04T17:29:25.201+0000] {dag.py:2941} INFO - Sync 1 DAGs
[2023-12-04T17:29:25.230+0000] {logging_mixin.py:154} INFO - [2023-12-04T17:29:25.230+0000] {dag.py:3722} INFO - Setting next_dagrun for DAG_stackexchange_posts to 2023-12-04T17:29:18.161613+00:00, run_after=2023-12-04T17:29:58.161613+00:00
[2023-12-04T17:29:25.255+0000] {processor.py:179} INFO - Processing /opt/airflow/dags/posts.py took 0.095 seconds
[2023-12-04T17:29:55.467+0000] {processor.py:157} INFO - Started process (PID=1484) to work on /opt/airflow/dags/posts.py
[2023-12-04T17:29:55.473+0000] {processor.py:829} INFO - Processing file /opt/airflow/dags/posts.py for tasks to queue
[2023-12-04T17:29:55.475+0000] {logging_mixin.py:154} INFO - [2023-12-04T17:29:55.474+0000] {dagbag.py:536} INFO - Filling up the DagBag from /opt/airflow/dags/posts.py
[2023-12-04T17:29:55.479+0000] {processor.py:839} INFO - DAG(s) dict_keys(['DAG_stackexchange_posts']) retrieved from /opt/airflow/dags/posts.py
[2023-12-04T17:29:55.496+0000] {logging_mixin.py:154} INFO - [2023-12-04T17:29:55.496+0000] {dag.py:2941} INFO - Sync 1 DAGs
[2023-12-04T17:29:55.514+0000] {logging_mixin.py:154} INFO - [2023-12-04T17:29:55.513+0000] {dag.py:3722} INFO - Setting next_dagrun for DAG_stackexchange_posts to 2023-12-04T17:29:18.161613+00:00, run_after=2023-12-04T17:29:58.161613+00:00
[2023-12-04T17:29:55.529+0000] {processor.py:179} INFO - Processing /opt/airflow/dags/posts.py took 0.064 seconds
[2023-12-04T17:30:26.247+0000] {processor.py:157} INFO - Started process (PID=1544) to work on /opt/airflow/dags/posts.py
[2023-12-04T17:30:26.253+0000] {processor.py:829} INFO - Processing file /opt/airflow/dags/posts.py for tasks to queue
[2023-12-04T17:30:26.255+0000] {logging_mixin.py:154} INFO - [2023-12-04T17:30:26.255+0000] {dagbag.py:536} INFO - Filling up the DagBag from /opt/airflow/dags/posts.py
[2023-12-04T17:30:26.262+0000] {processor.py:839} INFO - DAG(s) dict_keys(['DAG_stackexchange_posts']) retrieved from /opt/airflow/dags/posts.py
[2023-12-04T17:30:26.288+0000] {logging_mixin.py:154} INFO - [2023-12-04T17:30:26.288+0000] {dag.py:2941} INFO - Sync 1 DAGs
[2023-12-04T17:30:26.315+0000] {logging_mixin.py:154} INFO - [2023-12-04T17:30:26.315+0000] {dag.py:3722} INFO - Setting next_dagrun for DAG_stackexchange_posts to 2023-12-04T17:29:58.161613+00:00, run_after=2023-12-04T17:30:38.161613+00:00
[2023-12-04T17:30:26.339+0000] {processor.py:179} INFO - Processing /opt/airflow/dags/posts.py took 0.096 seconds
[2023-12-04T17:30:56.796+0000] {processor.py:157} INFO - Started process (PID=1600) to work on /opt/airflow/dags/posts.py
[2023-12-04T17:30:56.802+0000] {processor.py:829} INFO - Processing file /opt/airflow/dags/posts.py for tasks to queue
[2023-12-04T17:30:56.804+0000] {logging_mixin.py:154} INFO - [2023-12-04T17:30:56.804+0000] {dagbag.py:536} INFO - Filling up the DagBag from /opt/airflow/dags/posts.py
[2023-12-04T17:30:56.810+0000] {processor.py:839} INFO - DAG(s) dict_keys(['DAG_stackexchange_posts']) retrieved from /opt/airflow/dags/posts.py
[2023-12-04T17:30:56.830+0000] {logging_mixin.py:154} INFO - [2023-12-04T17:30:56.830+0000] {dag.py:2941} INFO - Sync 1 DAGs
[2023-12-04T17:30:56.855+0000] {logging_mixin.py:154} INFO - [2023-12-04T17:30:56.855+0000] {dag.py:3722} INFO - Setting next_dagrun for DAG_stackexchange_posts to 2023-12-04T17:30:38.161613+00:00, run_after=2023-12-04T17:31:18.161613+00:00
[2023-12-04T17:30:56.875+0000] {processor.py:179} INFO - Processing /opt/airflow/dags/posts.py took 0.083 seconds
[2023-12-04T17:31:27.292+0000] {processor.py:157} INFO - Started process (PID=1656) to work on /opt/airflow/dags/posts.py
[2023-12-04T17:31:27.298+0000] {processor.py:829} INFO - Processing file /opt/airflow/dags/posts.py for tasks to queue
[2023-12-04T17:31:27.301+0000] {logging_mixin.py:154} INFO - [2023-12-04T17:31:27.301+0000] {dagbag.py:536} INFO - Filling up the DagBag from /opt/airflow/dags/posts.py
[2023-12-04T17:31:27.307+0000] {processor.py:839} INFO - DAG(s) dict_keys(['DAG_stackexchange_posts']) retrieved from /opt/airflow/dags/posts.py
[2023-12-04T17:31:27.333+0000] {logging_mixin.py:154} INFO - [2023-12-04T17:31:27.332+0000] {dag.py:2941} INFO - Sync 1 DAGs
[2023-12-04T17:31:27.360+0000] {logging_mixin.py:154} INFO - [2023-12-04T17:31:27.360+0000] {dag.py:3722} INFO - Setting next_dagrun for DAG_stackexchange_posts to 2023-12-04T17:31:18.161613+00:00, run_after=2023-12-04T17:31:58.161613+00:00
[2023-12-04T17:31:27.387+0000] {processor.py:179} INFO - Processing /opt/airflow/dags/posts.py took 0.098 seconds
[2023-12-04T17:31:57.936+0000] {processor.py:157} INFO - Started process (PID=1712) to work on /opt/airflow/dags/posts.py
[2023-12-04T17:31:57.942+0000] {processor.py:829} INFO - Processing file /opt/airflow/dags/posts.py for tasks to queue
[2023-12-04T17:31:57.944+0000] {logging_mixin.py:154} INFO - [2023-12-04T17:31:57.944+0000] {dagbag.py:536} INFO - Filling up the DagBag from /opt/airflow/dags/posts.py
[2023-12-04T17:31:57.949+0000] {processor.py:839} INFO - DAG(s) dict_keys(['DAG_stackexchange_posts']) retrieved from /opt/airflow/dags/posts.py
[2023-12-04T17:31:57.970+0000] {logging_mixin.py:154} INFO - [2023-12-04T17:31:57.970+0000] {dag.py:2941} INFO - Sync 1 DAGs
[2023-12-04T17:31:57.993+0000] {logging_mixin.py:154} INFO - [2023-12-04T17:31:57.993+0000] {dag.py:3722} INFO - Setting next_dagrun for DAG_stackexchange_posts to 2023-12-04T17:31:18.161613+00:00, run_after=2023-12-04T17:31:58.161613+00:00
[2023-12-04T17:31:58.013+0000] {processor.py:179} INFO - Processing /opt/airflow/dags/posts.py took 0.079 seconds
[2023-12-04T17:32:28.654+0000] {processor.py:157} INFO - Started process (PID=1768) to work on /opt/airflow/dags/posts.py
[2023-12-04T17:32:28.656+0000] {processor.py:829} INFO - Processing file /opt/airflow/dags/posts.py for tasks to queue
[2023-12-04T17:32:28.658+0000] {logging_mixin.py:154} INFO - [2023-12-04T17:32:28.658+0000] {dagbag.py:536} INFO - Filling up the DagBag from /opt/airflow/dags/posts.py
[2023-12-04T17:32:28.663+0000] {processor.py:839} INFO - DAG(s) dict_keys(['DAG_stackexchange_posts']) retrieved from /opt/airflow/dags/posts.py
[2023-12-04T17:32:28.688+0000] {logging_mixin.py:154} INFO - [2023-12-04T17:32:28.688+0000] {dag.py:2941} INFO - Sync 1 DAGs
[2023-12-04T17:32:28.720+0000] {logging_mixin.py:154} INFO - [2023-12-04T17:32:28.720+0000] {dag.py:3722} INFO - Setting next_dagrun for DAG_stackexchange_posts to 2023-12-04T17:31:58.161613+00:00, run_after=2023-12-04T17:32:38.161613+00:00
[2023-12-04T17:32:28.745+0000] {processor.py:179} INFO - Processing /opt/airflow/dags/posts.py took 0.093 seconds
[2023-12-04T17:32:58.904+0000] {processor.py:157} INFO - Started process (PID=1828) to work on /opt/airflow/dags/posts.py
[2023-12-04T17:32:58.910+0000] {processor.py:829} INFO - Processing file /opt/airflow/dags/posts.py for tasks to queue
[2023-12-04T17:32:58.912+0000] {logging_mixin.py:154} INFO - [2023-12-04T17:32:58.911+0000] {dagbag.py:536} INFO - Filling up the DagBag from /opt/airflow/dags/posts.py
[2023-12-04T17:32:58.916+0000] {processor.py:839} INFO - DAG(s) dict_keys(['DAG_stackexchange_posts']) retrieved from /opt/airflow/dags/posts.py
[2023-12-04T17:32:58.934+0000] {logging_mixin.py:154} INFO - [2023-12-04T17:32:58.934+0000] {dag.py:2941} INFO - Sync 1 DAGs
[2023-12-04T17:32:58.952+0000] {logging_mixin.py:154} INFO - [2023-12-04T17:32:58.952+0000] {dag.py:3722} INFO - Setting next_dagrun for DAG_stackexchange_posts to 2023-12-04T17:32:38.161613+00:00, run_after=2023-12-04T17:33:18.161613+00:00
[2023-12-04T17:32:58.971+0000] {processor.py:179} INFO - Processing /opt/airflow/dags/posts.py took 0.068 seconds
[2023-12-04T17:33:29.402+0000] {processor.py:157} INFO - Started process (PID=1884) to work on /opt/airflow/dags/posts.py
[2023-12-04T17:33:29.406+0000] {processor.py:829} INFO - Processing file /opt/airflow/dags/posts.py for tasks to queue
[2023-12-04T17:33:29.407+0000] {logging_mixin.py:154} INFO - [2023-12-04T17:33:29.407+0000] {dagbag.py:536} INFO - Filling up the DagBag from /opt/airflow/dags/posts.py
[2023-12-04T17:33:29.412+0000] {processor.py:839} INFO - DAG(s) dict_keys(['DAG_stackexchange_posts']) retrieved from /opt/airflow/dags/posts.py
[2023-12-04T17:33:29.428+0000] {logging_mixin.py:154} INFO - [2023-12-04T17:33:29.428+0000] {dag.py:2941} INFO - Sync 1 DAGs
[2023-12-04T17:33:29.448+0000] {logging_mixin.py:154} INFO - [2023-12-04T17:33:29.448+0000] {dag.py:3722} INFO - Setting next_dagrun for DAG_stackexchange_posts to 2023-12-04T17:33:18.161613+00:00, run_after=2023-12-04T17:33:58.161613+00:00
[2023-12-04T17:33:29.463+0000] {processor.py:179} INFO - Processing /opt/airflow/dags/posts.py took 0.064 seconds
[2023-12-04T17:33:59.666+0000] {processor.py:157} INFO - Started process (PID=1941) to work on /opt/airflow/dags/posts.py
[2023-12-04T17:33:59.667+0000] {processor.py:829} INFO - Processing file /opt/airflow/dags/posts.py for tasks to queue
[2023-12-04T17:33:59.670+0000] {logging_mixin.py:154} INFO - [2023-12-04T17:33:59.669+0000] {dagbag.py:536} INFO - Filling up the DagBag from /opt/airflow/dags/posts.py
[2023-12-04T17:33:59.677+0000] {processor.py:839} INFO - DAG(s) dict_keys(['DAG_stackexchange_posts']) retrieved from /opt/airflow/dags/posts.py
[2023-12-04T17:33:59.705+0000] {logging_mixin.py:154} INFO - [2023-12-04T17:33:59.705+0000] {dag.py:2941} INFO - Sync 1 DAGs
[2023-12-04T17:33:59.741+0000] {logging_mixin.py:154} INFO - [2023-12-04T17:33:59.741+0000] {dag.py:3722} INFO - Setting next_dagrun for DAG_stackexchange_posts to 2023-12-04T17:33:58.161613+00:00, run_after=2023-12-04T17:34:38.161613+00:00
[2023-12-04T17:33:59.768+0000] {processor.py:179} INFO - Processing /opt/airflow/dags/posts.py took 0.105 seconds
[2023-12-04T17:34:30.349+0000] {processor.py:157} INFO - Started process (PID=1997) to work on /opt/airflow/dags/posts.py
[2023-12-04T17:34:30.355+0000] {processor.py:829} INFO - Processing file /opt/airflow/dags/posts.py for tasks to queue
[2023-12-04T17:34:30.358+0000] {logging_mixin.py:154} INFO - [2023-12-04T17:34:30.358+0000] {dagbag.py:536} INFO - Filling up the DagBag from /opt/airflow/dags/posts.py
[2023-12-04T17:34:30.362+0000] {processor.py:839} INFO - DAG(s) dict_keys(['DAG_stackexchange_posts']) retrieved from /opt/airflow/dags/posts.py
[2023-12-04T17:34:30.382+0000] {logging_mixin.py:154} INFO - [2023-12-04T17:34:30.382+0000] {dag.py:2941} INFO - Sync 1 DAGs
[2023-12-04T17:34:30.399+0000] {logging_mixin.py:154} INFO - [2023-12-04T17:34:30.399+0000] {dag.py:3722} INFO - Setting next_dagrun for DAG_stackexchange_posts to 2023-12-04T17:33:58.161613+00:00, run_after=2023-12-04T17:34:38.161613+00:00
[2023-12-04T17:34:30.416+0000] {processor.py:179} INFO - Processing /opt/airflow/dags/posts.py took 0.068 seconds
[2023-12-04T17:35:00.589+0000] {processor.py:157} INFO - Started process (PID=2057) to work on /opt/airflow/dags/posts.py
[2023-12-04T17:35:00.589+0000] {processor.py:829} INFO - Processing file /opt/airflow/dags/posts.py for tasks to queue
[2023-12-04T17:35:00.591+0000] {logging_mixin.py:154} INFO - [2023-12-04T17:35:00.591+0000] {dagbag.py:536} INFO - Filling up the DagBag from /opt/airflow/dags/posts.py
[2023-12-04T17:35:00.595+0000] {processor.py:839} INFO - DAG(s) dict_keys(['DAG_stackexchange_posts']) retrieved from /opt/airflow/dags/posts.py
[2023-12-04T17:35:00.614+0000] {logging_mixin.py:154} INFO - [2023-12-04T17:35:00.614+0000] {dag.py:2941} INFO - Sync 1 DAGs
[2023-12-04T17:35:00.637+0000] {logging_mixin.py:154} INFO - [2023-12-04T17:35:00.637+0000] {dag.py:3722} INFO - Setting next_dagrun for DAG_stackexchange_posts to 2023-12-04T17:34:38.161613+00:00, run_after=2023-12-04T17:35:18.161613+00:00
[2023-12-04T17:35:00.657+0000] {processor.py:179} INFO - Processing /opt/airflow/dags/posts.py took 0.071 seconds
[2023-12-04T17:35:30.812+0000] {processor.py:157} INFO - Started process (PID=2113) to work on /opt/airflow/dags/posts.py
[2023-12-04T17:35:30.815+0000] {processor.py:829} INFO - Processing file /opt/airflow/dags/posts.py for tasks to queue
[2023-12-04T17:35:30.817+0000] {logging_mixin.py:154} INFO - [2023-12-04T17:35:30.817+0000] {dagbag.py:536} INFO - Filling up the DagBag from /opt/airflow/dags/posts.py
[2023-12-04T17:35:30.821+0000] {processor.py:839} INFO - DAG(s) dict_keys(['DAG_stackexchange_posts']) retrieved from /opt/airflow/dags/posts.py
[2023-12-04T17:35:30.843+0000] {logging_mixin.py:154} INFO - [2023-12-04T17:35:30.843+0000] {dag.py:2941} INFO - Sync 1 DAGs
[2023-12-04T17:35:30.867+0000] {logging_mixin.py:154} INFO - [2023-12-04T17:35:30.867+0000] {dag.py:3722} INFO - Setting next_dagrun for DAG_stackexchange_posts to 2023-12-04T17:35:18.161613+00:00, run_after=2023-12-04T17:35:58.161613+00:00
[2023-12-04T17:35:30.889+0000] {processor.py:179} INFO - Processing /opt/airflow/dags/posts.py took 0.080 seconds
[2023-12-04T17:36:01.618+0000] {processor.py:157} INFO - Started process (PID=2173) to work on /opt/airflow/dags/posts.py
[2023-12-04T17:36:01.624+0000] {processor.py:829} INFO - Processing file /opt/airflow/dags/posts.py for tasks to queue
[2023-12-04T17:36:01.627+0000] {logging_mixin.py:154} INFO - [2023-12-04T17:36:01.626+0000] {dagbag.py:536} INFO - Filling up the DagBag from /opt/airflow/dags/posts.py
[2023-12-04T17:36:01.632+0000] {processor.py:839} INFO - DAG(s) dict_keys(['DAG_stackexchange_posts']) retrieved from /opt/airflow/dags/posts.py
[2023-12-04T17:36:01.657+0000] {logging_mixin.py:154} INFO - [2023-12-04T17:36:01.657+0000] {dag.py:2941} INFO - Sync 1 DAGs
[2023-12-04T17:36:01.686+0000] {logging_mixin.py:154} INFO - [2023-12-04T17:36:01.685+0000] {dag.py:3722} INFO - Setting next_dagrun for DAG_stackexchange_posts to 2023-12-04T17:35:58.161613+00:00, run_after=2023-12-04T17:36:38.161613+00:00
[2023-12-04T17:36:01.712+0000] {processor.py:179} INFO - Processing /opt/airflow/dags/posts.py took 0.097 seconds
[2023-12-04T17:36:31.805+0000] {processor.py:157} INFO - Started process (PID=2229) to work on /opt/airflow/dags/posts.py
[2023-12-04T17:36:31.811+0000] {processor.py:829} INFO - Processing file /opt/airflow/dags/posts.py for tasks to queue
[2023-12-04T17:36:31.814+0000] {logging_mixin.py:154} INFO - [2023-12-04T17:36:31.814+0000] {dagbag.py:536} INFO - Filling up the DagBag from /opt/airflow/dags/posts.py
[2023-12-04T17:36:31.822+0000] {processor.py:839} INFO - DAG(s) dict_keys(['DAG_stackexchange_posts']) retrieved from /opt/airflow/dags/posts.py
[2023-12-04T17:36:31.854+0000] {logging_mixin.py:154} INFO - [2023-12-04T17:36:31.853+0000] {dag.py:2941} INFO - Sync 1 DAGs
[2023-12-04T17:36:31.901+0000] {logging_mixin.py:154} INFO - [2023-12-04T17:36:31.900+0000] {dag.py:3722} INFO - Setting next_dagrun for DAG_stackexchange_posts to 2023-12-04T17:35:58.161613+00:00, run_after=2023-12-04T17:36:38.161613+00:00
[2023-12-04T17:36:31.934+0000] {processor.py:179} INFO - Processing /opt/airflow/dags/posts.py took 0.134 seconds
[2023-12-04T17:37:02.667+0000] {processor.py:157} INFO - Started process (PID=2285) to work on /opt/airflow/dags/posts.py
[2023-12-04T17:37:02.673+0000] {processor.py:829} INFO - Processing file /opt/airflow/dags/posts.py for tasks to queue
[2023-12-04T17:37:02.675+0000] {logging_mixin.py:154} INFO - [2023-12-04T17:37:02.675+0000] {dagbag.py:536} INFO - Filling up the DagBag from /opt/airflow/dags/posts.py
[2023-12-04T17:37:02.679+0000] {processor.py:839} INFO - DAG(s) dict_keys(['DAG_stackexchange_posts']) retrieved from /opt/airflow/dags/posts.py
[2023-12-04T17:37:02.700+0000] {logging_mixin.py:154} INFO - [2023-12-04T17:37:02.699+0000] {dag.py:2941} INFO - Sync 1 DAGs
[2023-12-04T17:37:02.726+0000] {logging_mixin.py:154} INFO - [2023-12-04T17:37:02.726+0000] {dag.py:3722} INFO - Setting next_dagrun for DAG_stackexchange_posts to 2023-12-04T17:36:38.161613+00:00, run_after=2023-12-04T17:37:18.161613+00:00
[2023-12-04T17:37:02.747+0000] {processor.py:179} INFO - Processing /opt/airflow/dags/posts.py took 0.082 seconds
[2023-12-04T17:37:33.157+0000] {processor.py:157} INFO - Started process (PID=2341) to work on /opt/airflow/dags/posts.py
[2023-12-04T17:37:33.158+0000] {processor.py:829} INFO - Processing file /opt/airflow/dags/posts.py for tasks to queue
[2023-12-04T17:37:33.160+0000] {logging_mixin.py:154} INFO - [2023-12-04T17:37:33.160+0000] {dagbag.py:536} INFO - Filling up the DagBag from /opt/airflow/dags/posts.py
[2023-12-04T17:37:33.165+0000] {processor.py:839} INFO - DAG(s) dict_keys(['DAG_stackexchange_posts']) retrieved from /opt/airflow/dags/posts.py
[2023-12-04T17:37:33.191+0000] {logging_mixin.py:154} INFO - [2023-12-04T17:37:33.190+0000] {dag.py:2941} INFO - Sync 1 DAGs
[2023-12-04T17:37:33.217+0000] {logging_mixin.py:154} INFO - [2023-12-04T17:37:33.216+0000] {dag.py:3722} INFO - Setting next_dagrun for DAG_stackexchange_posts to 2023-12-04T17:37:18.161613+00:00, run_after=2023-12-04T17:37:58.161613+00:00
[2023-12-04T17:37:33.239+0000] {processor.py:179} INFO - Processing /opt/airflow/dags/posts.py took 0.084 seconds
[2023-12-04T17:38:03.294+0000] {processor.py:157} INFO - Started process (PID=2397) to work on /opt/airflow/dags/posts.py
[2023-12-04T17:38:03.300+0000] {processor.py:829} INFO - Processing file /opt/airflow/dags/posts.py for tasks to queue
[2023-12-04T17:38:03.302+0000] {logging_mixin.py:154} INFO - [2023-12-04T17:38:03.302+0000] {dagbag.py:536} INFO - Filling up the DagBag from /opt/airflow/dags/posts.py
[2023-12-04T17:38:03.307+0000] {processor.py:839} INFO - DAG(s) dict_keys(['DAG_stackexchange_posts']) retrieved from /opt/airflow/dags/posts.py
[2023-12-04T17:38:03.331+0000] {logging_mixin.py:154} INFO - [2023-12-04T17:38:03.330+0000] {dag.py:2941} INFO - Sync 1 DAGs
[2023-12-04T17:38:03.357+0000] {logging_mixin.py:154} INFO - [2023-12-04T17:38:03.356+0000] {dag.py:3722} INFO - Setting next_dagrun for DAG_stackexchange_posts to 2023-12-04T17:37:58.161613+00:00, run_after=2023-12-04T17:38:38.161613+00:00
[2023-12-04T17:38:03.376+0000] {processor.py:179} INFO - Processing /opt/airflow/dags/posts.py took 0.084 seconds
[2023-12-04T17:38:33.482+0000] {processor.py:157} INFO - Started process (PID=2453) to work on /opt/airflow/dags/posts.py
[2023-12-04T17:38:33.488+0000] {processor.py:829} INFO - Processing file /opt/airflow/dags/posts.py for tasks to queue
[2023-12-04T17:38:33.489+0000] {logging_mixin.py:154} INFO - [2023-12-04T17:38:33.489+0000] {dagbag.py:536} INFO - Filling up the DagBag from /opt/airflow/dags/posts.py
[2023-12-04T17:38:33.493+0000] {processor.py:839} INFO - DAG(s) dict_keys(['DAG_stackexchange_posts']) retrieved from /opt/airflow/dags/posts.py
[2023-12-04T17:38:33.508+0000] {logging_mixin.py:154} INFO - [2023-12-04T17:38:33.508+0000] {dag.py:2941} INFO - Sync 1 DAGs
[2023-12-04T17:38:33.529+0000] {logging_mixin.py:154} INFO - [2023-12-04T17:38:33.528+0000] {dag.py:3722} INFO - Setting next_dagrun for DAG_stackexchange_posts to 2023-12-04T17:37:58.161613+00:00, run_after=2023-12-04T17:38:38.161613+00:00
[2023-12-04T17:38:33.545+0000] {processor.py:179} INFO - Processing /opt/airflow/dags/posts.py took 0.065 seconds
[2023-12-04T17:39:03.589+0000] {processor.py:157} INFO - Started process (PID=2509) to work on /opt/airflow/dags/posts.py
[2023-12-04T17:39:03.595+0000] {processor.py:829} INFO - Processing file /opt/airflow/dags/posts.py for tasks to queue
[2023-12-04T17:39:03.597+0000] {logging_mixin.py:154} INFO - [2023-12-04T17:39:03.596+0000] {dagbag.py:536} INFO - Filling up the DagBag from /opt/airflow/dags/posts.py
[2023-12-04T17:39:03.600+0000] {processor.py:839} INFO - DAG(s) dict_keys(['DAG_stackexchange_posts']) retrieved from /opt/airflow/dags/posts.py
[2023-12-04T17:39:03.620+0000] {logging_mixin.py:154} INFO - [2023-12-04T17:39:03.620+0000] {dag.py:2941} INFO - Sync 1 DAGs
[2023-12-04T17:39:03.640+0000] {logging_mixin.py:154} INFO - [2023-12-04T17:39:03.640+0000] {dag.py:3722} INFO - Setting next_dagrun for DAG_stackexchange_posts to 2023-12-04T17:38:38.161613+00:00, run_after=2023-12-04T17:39:18.161613+00:00
[2023-12-04T17:39:03.656+0000] {processor.py:179} INFO - Processing /opt/airflow/dags/posts.py took 0.069 seconds
[2023-12-04T17:39:34.080+0000] {processor.py:157} INFO - Started process (PID=2565) to work on /opt/airflow/dags/posts.py
[2023-12-04T17:39:34.080+0000] {processor.py:829} INFO - Processing file /opt/airflow/dags/posts.py for tasks to queue
[2023-12-04T17:39:34.082+0000] {logging_mixin.py:154} INFO - [2023-12-04T17:39:34.082+0000] {dagbag.py:536} INFO - Filling up the DagBag from /opt/airflow/dags/posts.py
[2023-12-04T17:39:34.087+0000] {processor.py:839} INFO - DAG(s) dict_keys(['DAG_stackexchange_posts']) retrieved from /opt/airflow/dags/posts.py
[2023-12-04T17:39:34.111+0000] {logging_mixin.py:154} INFO - [2023-12-04T17:39:34.110+0000] {dag.py:2941} INFO - Sync 1 DAGs
[2023-12-04T17:39:34.136+0000] {logging_mixin.py:154} INFO - [2023-12-04T17:39:34.136+0000] {dag.py:3722} INFO - Setting next_dagrun for DAG_stackexchange_posts to 2023-12-04T17:39:18.161613+00:00, run_after=2023-12-04T17:39:58.161613+00:00
[2023-12-04T17:39:34.160+0000] {processor.py:179} INFO - Processing /opt/airflow/dags/posts.py took 0.083 seconds
[2023-12-04T17:40:04.933+0000] {processor.py:157} INFO - Started process (PID=2621) to work on /opt/airflow/dags/posts.py
[2023-12-04T17:40:04.939+0000] {processor.py:829} INFO - Processing file /opt/airflow/dags/posts.py for tasks to queue
[2023-12-04T17:40:04.942+0000] {logging_mixin.py:154} INFO - [2023-12-04T17:40:04.942+0000] {dagbag.py:536} INFO - Filling up the DagBag from /opt/airflow/dags/posts.py
[2023-12-04T17:40:04.947+0000] {processor.py:839} INFO - DAG(s) dict_keys(['DAG_stackexchange_posts']) retrieved from /opt/airflow/dags/posts.py
[2023-12-04T17:40:04.969+0000] {logging_mixin.py:154} INFO - [2023-12-04T17:40:04.969+0000] {dag.py:2941} INFO - Sync 1 DAGs
[2023-12-04T17:40:04.997+0000] {logging_mixin.py:154} INFO - [2023-12-04T17:40:04.997+0000] {dag.py:3722} INFO - Setting next_dagrun for DAG_stackexchange_posts to 2023-12-04T17:39:58.161613+00:00, run_after=2023-12-04T17:40:38.161613+00:00
[2023-12-04T17:40:05.022+0000] {processor.py:179} INFO - Processing /opt/airflow/dags/posts.py took 0.091 seconds
[2023-12-04T17:40:35.463+0000] {processor.py:157} INFO - Started process (PID=2677) to work on /opt/airflow/dags/posts.py
[2023-12-04T17:40:35.465+0000] {processor.py:829} INFO - Processing file /opt/airflow/dags/posts.py for tasks to queue
[2023-12-04T17:40:35.466+0000] {logging_mixin.py:154} INFO - [2023-12-04T17:40:35.466+0000] {dagbag.py:536} INFO - Filling up the DagBag from /opt/airflow/dags/posts.py
[2023-12-04T17:40:35.471+0000] {processor.py:839} INFO - DAG(s) dict_keys(['DAG_stackexchange_posts']) retrieved from /opt/airflow/dags/posts.py
[2023-12-04T17:40:35.492+0000] {logging_mixin.py:154} INFO - [2023-12-04T17:40:35.491+0000] {dag.py:2941} INFO - Sync 1 DAGs
[2023-12-04T17:40:35.514+0000] {logging_mixin.py:154} INFO - [2023-12-04T17:40:35.514+0000] {dag.py:3722} INFO - Setting next_dagrun for DAG_stackexchange_posts to 2023-12-04T17:39:58.161613+00:00, run_after=2023-12-04T17:40:38.161613+00:00
[2023-12-04T17:40:35.537+0000] {processor.py:179} INFO - Processing /opt/airflow/dags/posts.py took 0.078 seconds
[2023-12-04T17:41:05.973+0000] {processor.py:157} INFO - Started process (PID=2733) to work on /opt/airflow/dags/posts.py
[2023-12-04T17:41:05.979+0000] {processor.py:829} INFO - Processing file /opt/airflow/dags/posts.py for tasks to queue
[2023-12-04T17:41:05.982+0000] {logging_mixin.py:154} INFO - [2023-12-04T17:41:05.982+0000] {dagbag.py:536} INFO - Filling up the DagBag from /opt/airflow/dags/posts.py
[2023-12-04T17:41:05.987+0000] {processor.py:839} INFO - DAG(s) dict_keys(['DAG_stackexchange_posts']) retrieved from /opt/airflow/dags/posts.py
[2023-12-04T17:41:06.014+0000] {logging_mixin.py:154} INFO - [2023-12-04T17:41:06.014+0000] {dag.py:2941} INFO - Sync 1 DAGs
[2023-12-04T17:41:06.044+0000] {logging_mixin.py:154} INFO - [2023-12-04T17:41:06.044+0000] {dag.py:3722} INFO - Setting next_dagrun for DAG_stackexchange_posts to 2023-12-04T17:40:38.161613+00:00, run_after=2023-12-04T17:41:18.161613+00:00
[2023-12-04T17:41:06.070+0000] {processor.py:179} INFO - Processing /opt/airflow/dags/posts.py took 0.100 seconds
[2023-12-04T17:41:36.462+0000] {processor.py:157} INFO - Started process (PID=2789) to work on /opt/airflow/dags/posts.py
[2023-12-04T17:41:36.468+0000] {processor.py:829} INFO - Processing file /opt/airflow/dags/posts.py for tasks to queue
[2023-12-04T17:41:36.469+0000] {logging_mixin.py:154} INFO - [2023-12-04T17:41:36.469+0000] {dagbag.py:536} INFO - Filling up the DagBag from /opt/airflow/dags/posts.py
[2023-12-04T17:41:36.476+0000] {processor.py:839} INFO - DAG(s) dict_keys(['DAG_stackexchange_posts']) retrieved from /opt/airflow/dags/posts.py
[2023-12-04T17:41:36.499+0000] {logging_mixin.py:154} INFO - [2023-12-04T17:41:36.499+0000] {dag.py:2941} INFO - Sync 1 DAGs
[2023-12-04T17:41:36.523+0000] {logging_mixin.py:154} INFO - [2023-12-04T17:41:36.523+0000] {dag.py:3722} INFO - Setting next_dagrun for DAG_stackexchange_posts to 2023-12-04T17:41:18.161613+00:00, run_after=2023-12-04T17:41:58.161613+00:00
[2023-12-04T17:41:36.543+0000] {processor.py:179} INFO - Processing /opt/airflow/dags/posts.py took 0.085 seconds
[2023-12-04T17:42:07.120+0000] {processor.py:157} INFO - Started process (PID=2845) to work on /opt/airflow/dags/posts.py
[2023-12-04T17:42:07.121+0000] {processor.py:829} INFO - Processing file /opt/airflow/dags/posts.py for tasks to queue
[2023-12-04T17:42:07.123+0000] {logging_mixin.py:154} INFO - [2023-12-04T17:42:07.123+0000] {dagbag.py:536} INFO - Filling up the DagBag from /opt/airflow/dags/posts.py
[2023-12-04T17:42:07.130+0000] {processor.py:839} INFO - DAG(s) dict_keys(['DAG_stackexchange_posts']) retrieved from /opt/airflow/dags/posts.py
[2023-12-04T17:42:07.154+0000] {logging_mixin.py:154} INFO - [2023-12-04T17:42:07.154+0000] {dag.py:2941} INFO - Sync 1 DAGs
[2023-12-04T17:42:07.187+0000] {logging_mixin.py:154} INFO - [2023-12-04T17:42:07.187+0000] {dag.py:3722} INFO - Setting next_dagrun for DAG_stackexchange_posts to 2023-12-04T17:41:58.161613+00:00, run_after=2023-12-04T17:42:38.161613+00:00
[2023-12-04T17:42:07.231+0000] {processor.py:179} INFO - Processing /opt/airflow/dags/posts.py took 0.114 seconds
[2023-12-04T17:42:37.666+0000] {processor.py:157} INFO - Started process (PID=2901) to work on /opt/airflow/dags/posts.py
[2023-12-04T17:42:37.672+0000] {processor.py:829} INFO - Processing file /opt/airflow/dags/posts.py for tasks to queue
[2023-12-04T17:42:37.674+0000] {logging_mixin.py:154} INFO - [2023-12-04T17:42:37.673+0000] {dagbag.py:536} INFO - Filling up the DagBag from /opt/airflow/dags/posts.py
[2023-12-04T17:42:37.678+0000] {processor.py:839} INFO - DAG(s) dict_keys(['DAG_stackexchange_posts']) retrieved from /opt/airflow/dags/posts.py
[2023-12-04T17:42:37.701+0000] {logging_mixin.py:154} INFO - [2023-12-04T17:42:37.700+0000] {dag.py:2941} INFO - Sync 1 DAGs
[2023-12-04T17:42:37.722+0000] {logging_mixin.py:154} INFO - [2023-12-04T17:42:37.722+0000] {dag.py:3722} INFO - Setting next_dagrun for DAG_stackexchange_posts to 2023-12-04T17:41:58.161613+00:00, run_after=2023-12-04T17:42:38.161613+00:00
[2023-12-04T17:42:37.746+0000] {processor.py:179} INFO - Processing /opt/airflow/dags/posts.py took 0.083 seconds
[2023-12-04T17:43:08.436+0000] {processor.py:157} INFO - Started process (PID=2957) to work on /opt/airflow/dags/posts.py
[2023-12-04T17:43:08.437+0000] {processor.py:829} INFO - Processing file /opt/airflow/dags/posts.py for tasks to queue
[2023-12-04T17:43:08.439+0000] {logging_mixin.py:154} INFO - [2023-12-04T17:43:08.439+0000] {dagbag.py:536} INFO - Filling up the DagBag from /opt/airflow/dags/posts.py
[2023-12-04T17:43:08.444+0000] {processor.py:839} INFO - DAG(s) dict_keys(['DAG_stackexchange_posts']) retrieved from /opt/airflow/dags/posts.py
[2023-12-04T17:43:08.468+0000] {logging_mixin.py:154} INFO - [2023-12-04T17:43:08.468+0000] {dag.py:2941} INFO - Sync 1 DAGs
[2023-12-04T17:43:08.496+0000] {logging_mixin.py:154} INFO - [2023-12-04T17:43:08.495+0000] {dag.py:3722} INFO - Setting next_dagrun for DAG_stackexchange_posts to 2023-12-04T17:42:38.161613+00:00, run_after=2023-12-04T17:43:18.161613+00:00
[2023-12-04T17:43:08.518+0000] {processor.py:179} INFO - Processing /opt/airflow/dags/posts.py took 0.085 seconds
[2023-12-04T17:43:38.848+0000] {processor.py:157} INFO - Started process (PID=3013) to work on /opt/airflow/dags/posts.py
[2023-12-04T17:43:38.853+0000] {processor.py:829} INFO - Processing file /opt/airflow/dags/posts.py for tasks to queue
[2023-12-04T17:43:38.855+0000] {logging_mixin.py:154} INFO - [2023-12-04T17:43:38.855+0000] {dagbag.py:536} INFO - Filling up the DagBag from /opt/airflow/dags/posts.py
[2023-12-04T17:43:38.861+0000] {processor.py:839} INFO - DAG(s) dict_keys(['DAG_stackexchange_posts']) retrieved from /opt/airflow/dags/posts.py
[2023-12-04T17:43:38.881+0000] {logging_mixin.py:154} INFO - [2023-12-04T17:43:38.880+0000] {dag.py:2941} INFO - Sync 1 DAGs
[2023-12-04T17:43:38.907+0000] {logging_mixin.py:154} INFO - [2023-12-04T17:43:38.907+0000] {dag.py:3722} INFO - Setting next_dagrun for DAG_stackexchange_posts to 2023-12-04T17:43:18.161613+00:00, run_after=2023-12-04T17:43:58.161613+00:00
[2023-12-04T17:43:38.930+0000] {processor.py:179} INFO - Processing /opt/airflow/dags/posts.py took 0.086 seconds
[2023-12-04T17:44:09.184+0000] {processor.py:157} INFO - Started process (PID=3069) to work on /opt/airflow/dags/posts.py
[2023-12-04T17:44:09.190+0000] {processor.py:829} INFO - Processing file /opt/airflow/dags/posts.py for tasks to queue
[2023-12-04T17:44:09.193+0000] {logging_mixin.py:154} INFO - [2023-12-04T17:44:09.192+0000] {dagbag.py:536} INFO - Filling up the DagBag from /opt/airflow/dags/posts.py
[2023-12-04T17:44:09.199+0000] {processor.py:839} INFO - DAG(s) dict_keys(['DAG_stackexchange_posts']) retrieved from /opt/airflow/dags/posts.py
[2023-12-04T17:44:09.228+0000] {logging_mixin.py:154} INFO - [2023-12-04T17:44:09.228+0000] {dag.py:2941} INFO - Sync 1 DAGs
[2023-12-04T17:44:09.268+0000] {logging_mixin.py:154} INFO - [2023-12-04T17:44:09.268+0000] {dag.py:3722} INFO - Setting next_dagrun for DAG_stackexchange_posts to 2023-12-04T17:43:58.161613+00:00, run_after=2023-12-04T17:44:38.161613+00:00
[2023-12-04T17:44:09.296+0000] {processor.py:179} INFO - Processing /opt/airflow/dags/posts.py took 0.115 seconds
[2023-12-04T17:44:39.848+0000] {processor.py:157} INFO - Started process (PID=3125) to work on /opt/airflow/dags/posts.py
[2023-12-04T17:44:39.850+0000] {processor.py:829} INFO - Processing file /opt/airflow/dags/posts.py for tasks to queue
[2023-12-04T17:44:39.852+0000] {logging_mixin.py:154} INFO - [2023-12-04T17:44:39.852+0000] {dagbag.py:536} INFO - Filling up the DagBag from /opt/airflow/dags/posts.py
[2023-12-04T17:44:39.857+0000] {processor.py:839} INFO - DAG(s) dict_keys(['DAG_stackexchange_posts']) retrieved from /opt/airflow/dags/posts.py
[2023-12-04T17:44:39.885+0000] {logging_mixin.py:154} INFO - [2023-12-04T17:44:39.885+0000] {dag.py:2941} INFO - Sync 1 DAGs
[2023-12-04T17:44:39.917+0000] {logging_mixin.py:154} INFO - [2023-12-04T17:44:39.917+0000] {dag.py:3722} INFO - Setting next_dagrun for DAG_stackexchange_posts to 2023-12-04T17:44:38.161613+00:00, run_after=2023-12-04T17:45:18.161613+00:00
[2023-12-04T17:44:39.944+0000] {processor.py:179} INFO - Processing /opt/airflow/dags/posts.py took 0.099 seconds
[2023-12-04T17:45:10.775+0000] {processor.py:157} INFO - Started process (PID=3182) to work on /opt/airflow/dags/posts.py
[2023-12-04T17:45:10.781+0000] {processor.py:829} INFO - Processing file /opt/airflow/dags/posts.py for tasks to queue
[2023-12-04T17:45:10.784+0000] {logging_mixin.py:154} INFO - [2023-12-04T17:45:10.784+0000] {dagbag.py:536} INFO - Filling up the DagBag from /opt/airflow/dags/posts.py
[2023-12-04T17:45:10.789+0000] {processor.py:839} INFO - DAG(s) dict_keys(['DAG_stackexchange_posts']) retrieved from /opt/airflow/dags/posts.py
[2023-12-04T17:45:10.810+0000] {logging_mixin.py:154} INFO - [2023-12-04T17:45:10.810+0000] {dag.py:2941} INFO - Sync 1 DAGs
[2023-12-04T17:45:10.835+0000] {logging_mixin.py:154} INFO - [2023-12-04T17:45:10.835+0000] {dag.py:3722} INFO - Setting next_dagrun for DAG_stackexchange_posts to 2023-12-04T17:44:38.161613+00:00, run_after=2023-12-04T17:45:18.161613+00:00
[2023-12-04T17:45:10.854+0000] {processor.py:179} INFO - Processing /opt/airflow/dags/posts.py took 0.081 seconds
[2023-12-04T17:46:12.008+0000] {processor.py:157} INFO - Started process (PID=44) to work on /opt/airflow/dags/posts.py
[2023-12-04T17:46:12.009+0000] {processor.py:829} INFO - Processing file /opt/airflow/dags/posts.py for tasks to queue
[2023-12-04T17:46:12.011+0000] {logging_mixin.py:154} INFO - [2023-12-04T17:46:12.010+0000] {dagbag.py:536} INFO - Filling up the DagBag from /opt/airflow/dags/posts.py
[2023-12-04T17:46:12.022+0000] {processor.py:839} INFO - DAG(s) dict_keys(['DAG_stackexchange_posts']) retrieved from /opt/airflow/dags/posts.py
[2023-12-04T17:46:12.220+0000] {logging_mixin.py:154} INFO - [2023-12-04T17:46:12.220+0000] {dag.py:2941} INFO - Sync 1 DAGs
[2023-12-04T17:46:12.246+0000] {logging_mixin.py:154} INFO - [2023-12-04T17:46:12.246+0000] {dag.py:3722} INFO - Setting next_dagrun for DAG_stackexchange_posts to 2023-12-04T17:45:32.245989+00:00, run_after=2023-12-04T17:46:12.245989+00:00
[2023-12-04T17:46:12.268+0000] {processor.py:179} INFO - Processing /opt/airflow/dags/posts.py took 0.262 seconds
[2023-12-04T17:46:42.448+0000] {processor.py:157} INFO - Started process (PID=100) to work on /opt/airflow/dags/posts.py
[2023-12-04T17:46:42.449+0000] {processor.py:829} INFO - Processing file /opt/airflow/dags/posts.py for tasks to queue
[2023-12-04T17:46:42.451+0000] {logging_mixin.py:154} INFO - [2023-12-04T17:46:42.451+0000] {dagbag.py:536} INFO - Filling up the DagBag from /opt/airflow/dags/posts.py
[2023-12-04T17:46:42.454+0000] {processor.py:839} INFO - DAG(s) dict_keys(['DAG_stackexchange_posts']) retrieved from /opt/airflow/dags/posts.py
[2023-12-04T17:46:42.473+0000] {logging_mixin.py:154} INFO - [2023-12-04T17:46:42.472+0000] {dag.py:2941} INFO - Sync 1 DAGs
[2023-12-04T17:46:42.497+0000] {logging_mixin.py:154} INFO - [2023-12-04T17:46:42.497+0000] {dag.py:3722} INFO - Setting next_dagrun for DAG_stackexchange_posts to 2023-12-04T17:46:12.245989+00:00, run_after=2023-12-04T17:46:52.245989+00:00
[2023-12-04T17:46:42.511+0000] {processor.py:179} INFO - Processing /opt/airflow/dags/posts.py took 0.065 seconds
[2023-12-04T17:47:12.672+0000] {processor.py:157} INFO - Started process (PID=156) to work on /opt/airflow/dags/posts.py
[2023-12-04T17:47:12.673+0000] {processor.py:829} INFO - Processing file /opt/airflow/dags/posts.py for tasks to queue
[2023-12-04T17:47:12.674+0000] {logging_mixin.py:154} INFO - [2023-12-04T17:47:12.674+0000] {dagbag.py:536} INFO - Filling up the DagBag from /opt/airflow/dags/posts.py
[2023-12-04T17:47:12.678+0000] {processor.py:839} INFO - DAG(s) dict_keys(['DAG_stackexchange_posts']) retrieved from /opt/airflow/dags/posts.py
[2023-12-04T17:47:12.694+0000] {logging_mixin.py:154} INFO - [2023-12-04T17:47:12.694+0000] {dag.py:2941} INFO - Sync 1 DAGs
[2023-12-04T17:47:12.714+0000] {logging_mixin.py:154} INFO - [2023-12-04T17:47:12.714+0000] {dag.py:3722} INFO - Setting next_dagrun for DAG_stackexchange_posts to 2023-12-04T17:46:52.245989+00:00, run_after=2023-12-04T17:47:32.245989+00:00
[2023-12-04T17:47:12.736+0000] {processor.py:179} INFO - Processing /opt/airflow/dags/posts.py took 0.067 seconds
[2023-12-04T17:49:40.059+0000] {processor.py:157} INFO - Started process (PID=44) to work on /opt/airflow/dags/posts.py
[2023-12-04T17:49:40.060+0000] {processor.py:829} INFO - Processing file /opt/airflow/dags/posts.py for tasks to queue
[2023-12-04T17:49:40.062+0000] {logging_mixin.py:154} INFO - [2023-12-04T17:49:40.061+0000] {dagbag.py:536} INFO - Filling up the DagBag from /opt/airflow/dags/posts.py
[2023-12-04T17:49:40.071+0000] {processor.py:839} INFO - DAG(s) dict_keys(['DAG_stackexchange_posts']) retrieved from /opt/airflow/dags/posts.py
[2023-12-04T17:49:40.270+0000] {logging_mixin.py:154} INFO - [2023-12-04T17:49:40.270+0000] {dag.py:2941} INFO - Sync 1 DAGs
[2023-12-04T17:49:40.293+0000] {logging_mixin.py:154} INFO - [2023-12-04T17:49:40.292+0000] {dag.py:3722} INFO - Setting next_dagrun for DAG_stackexchange_posts to 2023-12-04T17:49:00.292697+00:00, run_after=2023-12-04T17:49:40.292697+00:00
[2023-12-04T17:49:40.310+0000] {processor.py:179} INFO - Processing /opt/airflow/dags/posts.py took 0.253 seconds
[2023-12-04T17:50:10.765+0000] {processor.py:157} INFO - Started process (PID=100) to work on /opt/airflow/dags/posts.py
[2023-12-04T17:50:10.766+0000] {processor.py:829} INFO - Processing file /opt/airflow/dags/posts.py for tasks to queue
[2023-12-04T17:50:10.768+0000] {logging_mixin.py:154} INFO - [2023-12-04T17:50:10.767+0000] {dagbag.py:536} INFO - Filling up the DagBag from /opt/airflow/dags/posts.py
[2023-12-04T17:50:10.772+0000] {processor.py:839} INFO - DAG(s) dict_keys(['DAG_stackexchange_posts']) retrieved from /opt/airflow/dags/posts.py
[2023-12-04T17:50:10.787+0000] {logging_mixin.py:154} INFO - [2023-12-04T17:50:10.787+0000] {dag.py:2941} INFO - Sync 1 DAGs
[2023-12-04T17:50:10.803+0000] {logging_mixin.py:154} INFO - [2023-12-04T17:50:10.803+0000] {dag.py:3722} INFO - Setting next_dagrun for DAG_stackexchange_posts to 2023-12-04T17:49:41.157095+00:00, run_after=2023-12-04T17:50:21.157095+00:00
[2023-12-04T17:50:10.815+0000] {processor.py:179} INFO - Processing /opt/airflow/dags/posts.py took 0.052 seconds
[2023-12-04T17:50:40.990+0000] {processor.py:157} INFO - Started process (PID=156) to work on /opt/airflow/dags/posts.py
[2023-12-04T17:50:40.991+0000] {processor.py:829} INFO - Processing file /opt/airflow/dags/posts.py for tasks to queue
[2023-12-04T17:50:40.993+0000] {logging_mixin.py:154} INFO - [2023-12-04T17:50:40.993+0000] {dagbag.py:536} INFO - Filling up the DagBag from /opt/airflow/dags/posts.py
[2023-12-04T17:50:40.998+0000] {processor.py:839} INFO - DAG(s) dict_keys(['DAG_stackexchange_posts']) retrieved from /opt/airflow/dags/posts.py
[2023-12-04T17:50:41.022+0000] {logging_mixin.py:154} INFO - [2023-12-04T17:50:41.022+0000] {dag.py:2941} INFO - Sync 1 DAGs
[2023-12-04T17:50:41.048+0000] {logging_mixin.py:154} INFO - [2023-12-04T17:50:41.048+0000] {dag.py:3722} INFO - Setting next_dagrun for DAG_stackexchange_posts to 2023-12-04T17:50:21.157095+00:00, run_after=2023-12-04T17:51:01.157095+00:00
[2023-12-04T17:50:41.071+0000] {processor.py:179} INFO - Processing /opt/airflow/dags/posts.py took 0.085 seconds
[2023-12-04T17:51:11.264+0000] {processor.py:157} INFO - Started process (PID=212) to work on /opt/airflow/dags/posts.py
[2023-12-04T17:51:11.265+0000] {processor.py:829} INFO - Processing file /opt/airflow/dags/posts.py for tasks to queue
[2023-12-04T17:51:11.266+0000] {logging_mixin.py:154} INFO - [2023-12-04T17:51:11.266+0000] {dagbag.py:536} INFO - Filling up the DagBag from /opt/airflow/dags/posts.py
[2023-12-04T17:51:11.269+0000] {processor.py:839} INFO - DAG(s) dict_keys(['DAG_stackexchange_posts']) retrieved from /opt/airflow/dags/posts.py
[2023-12-04T17:51:11.283+0000] {logging_mixin.py:154} INFO - [2023-12-04T17:51:11.283+0000] {dag.py:2941} INFO - Sync 1 DAGs
[2023-12-04T17:51:11.297+0000] {logging_mixin.py:154} INFO - [2023-12-04T17:51:11.297+0000] {dag.py:3722} INFO - Setting next_dagrun for DAG_stackexchange_posts to 2023-12-04T17:51:01.157095+00:00, run_after=2023-12-04T17:51:41.157095+00:00
[2023-12-04T17:51:11.311+0000] {processor.py:179} INFO - Processing /opt/airflow/dags/posts.py took 0.048 seconds
[2023-12-04T17:51:41.345+0000] {processor.py:157} INFO - Started process (PID=268) to work on /opt/airflow/dags/posts.py
[2023-12-04T17:51:41.347+0000] {processor.py:829} INFO - Processing file /opt/airflow/dags/posts.py for tasks to queue
[2023-12-04T17:51:41.349+0000] {logging_mixin.py:154} INFO - [2023-12-04T17:51:41.348+0000] {dagbag.py:536} INFO - Filling up the DagBag from /opt/airflow/dags/posts.py
[2023-12-04T17:51:41.354+0000] {processor.py:839} INFO - DAG(s) dict_keys(['DAG_stackexchange_posts']) retrieved from /opt/airflow/dags/posts.py
[2023-12-04T17:51:41.375+0000] {logging_mixin.py:154} INFO - [2023-12-04T17:51:41.374+0000] {dag.py:2941} INFO - Sync 1 DAGs
[2023-12-04T17:51:41.397+0000] {logging_mixin.py:154} INFO - [2023-12-04T17:51:41.396+0000] {dag.py:3722} INFO - Setting next_dagrun for DAG_stackexchange_posts to 2023-12-04T17:51:41.157095+00:00, run_after=2023-12-04T17:52:21.157095+00:00
[2023-12-04T17:51:41.411+0000] {processor.py:179} INFO - Processing /opt/airflow/dags/posts.py took 0.069 seconds
[2023-12-04T19:37:19.879+0000] {processor.py:157} INFO - Started process (PID=300) to work on /opt/airflow/dags/posts.py
[2023-12-04T19:37:19.880+0000] {processor.py:829} INFO - Processing file /opt/airflow/dags/posts.py for tasks to queue
[2023-12-04T19:37:19.882+0000] {logging_mixin.py:154} INFO - [2023-12-04T19:37:19.882+0000] {dagbag.py:536} INFO - Filling up the DagBag from /opt/airflow/dags/posts.py
[2023-12-04T19:37:19.889+0000] {processor.py:839} INFO - DAG(s) dict_keys(['DAG_stackexchange_posts']) retrieved from /opt/airflow/dags/posts.py
[2023-12-04T19:37:19.915+0000] {logging_mixin.py:154} INFO - [2023-12-04T19:37:19.915+0000] {dag.py:2941} INFO - Sync 1 DAGs
[2023-12-04T19:37:19.962+0000] {logging_mixin.py:154} INFO - [2023-12-04T19:37:19.961+0000] {dag.py:3722} INFO - Setting next_dagrun for DAG_stackexchange_posts to 2023-12-04T19:36:39.961470+00:00, run_after=2023-12-04T19:37:19.961470+00:00
[2023-12-04T19:37:20.002+0000] {processor.py:179} INFO - Processing /opt/airflow/dags/posts.py took 0.128 seconds
[2023-12-04T19:37:24.211+0000] {processor.py:157} INFO - Started process (PID=348) to work on /opt/airflow/dags/posts.py
[2023-12-04T19:37:24.212+0000] {processor.py:829} INFO - Processing file /opt/airflow/dags/posts.py for tasks to queue
[2023-12-04T19:37:24.214+0000] {logging_mixin.py:154} INFO - [2023-12-04T19:37:24.214+0000] {dagbag.py:536} INFO - Filling up the DagBag from /opt/airflow/dags/posts.py
[2023-12-04T19:37:24.220+0000] {processor.py:839} INFO - DAG(s) dict_keys(['DAG_stackexchange_posts']) retrieved from /opt/airflow/dags/posts.py
[2023-12-04T19:37:24.246+0000] {logging_mixin.py:154} INFO - [2023-12-04T19:37:24.246+0000] {taskinstance.py:1939} ERROR - {'DAG Id': 'DAG_stackexchange_posts', 'Task Id': 'post', 'Run Id': 'scheduled__2023-12-04T17:51:01.157095+00:00', 'Hostname': '5ca55f672220', 'External Executor Id': 'c11994ae-3db3-48b8-bab3-d800f3653049'}
[2023-12-04T19:37:24.269+0000] {logging_mixin.py:154} INFO - [2023-12-04T19:37:24.269+0000] {taskinstance.py:1400} INFO - Marking task as FAILED. dag_id=DAG_stackexchange_posts, task_id=post, execution_date=20231204T175101, start_date=20231204T175142, end_date=20231204T193724
[2023-12-04T19:37:24.279+0000] {processor.py:790} INFO - Executed failure callback for <TaskInstance: DAG_stackexchange_posts.post scheduled__2023-12-04T17:51:01.157095+00:00 [failed]> in state failed
[2023-12-04T19:37:24.289+0000] {logging_mixin.py:154} INFO - [2023-12-04T19:37:24.289+0000] {dag.py:2941} INFO - Sync 1 DAGs
[2023-12-04T19:37:24.305+0000] {logging_mixin.py:154} INFO - [2023-12-04T19:37:24.304+0000] {dag.py:3722} INFO - Setting next_dagrun for DAG_stackexchange_posts to 2023-12-04T19:37:19.961470+00:00, run_after=2023-12-04T19:37:59.961470+00:00
[2023-12-04T19:37:24.318+0000] {processor.py:179} INFO - Processing /opt/airflow/dags/posts.py took 0.110 seconds
[2023-12-04T19:37:54.813+0000] {processor.py:157} INFO - Started process (PID=404) to work on /opt/airflow/dags/posts.py
[2023-12-04T19:37:54.814+0000] {processor.py:829} INFO - Processing file /opt/airflow/dags/posts.py for tasks to queue
[2023-12-04T19:37:54.816+0000] {logging_mixin.py:154} INFO - [2023-12-04T19:37:54.815+0000] {dagbag.py:536} INFO - Filling up the DagBag from /opt/airflow/dags/posts.py
[2023-12-04T19:37:54.819+0000] {processor.py:839} INFO - DAG(s) dict_keys(['DAG_stackexchange_posts']) retrieved from /opt/airflow/dags/posts.py
[2023-12-04T19:37:54.833+0000] {logging_mixin.py:154} INFO - [2023-12-04T19:37:54.833+0000] {dag.py:2941} INFO - Sync 1 DAGs
[2023-12-04T19:37:54.848+0000] {logging_mixin.py:154} INFO - [2023-12-04T19:37:54.848+0000] {dag.py:3722} INFO - Setting next_dagrun for DAG_stackexchange_posts to 2023-12-04T19:37:31.888610+00:00, run_after=2023-12-04T19:38:11.888610+00:00
[2023-12-04T19:37:54.860+0000] {processor.py:179} INFO - Processing /opt/airflow/dags/posts.py took 0.050 seconds
[2023-12-04T19:38:24.946+0000] {processor.py:157} INFO - Started process (PID=447) to work on /opt/airflow/dags/posts.py
[2023-12-04T19:38:24.947+0000] {processor.py:829} INFO - Processing file /opt/airflow/dags/posts.py for tasks to queue
[2023-12-04T19:38:24.951+0000] {logging_mixin.py:154} INFO - [2023-12-04T19:38:24.951+0000] {dagbag.py:536} INFO - Filling up the DagBag from /opt/airflow/dags/posts.py
[2023-12-04T19:38:24.959+0000] {processor.py:839} INFO - DAG(s) dict_keys(['DAG_stackexchange_posts']) retrieved from /opt/airflow/dags/posts.py
[2023-12-04T19:38:24.999+0000] {logging_mixin.py:154} INFO - [2023-12-04T19:38:24.999+0000] {dag.py:2941} INFO - Sync 1 DAGs
[2023-12-04T19:38:25.039+0000] {logging_mixin.py:154} INFO - [2023-12-04T19:38:25.039+0000] {dag.py:3722} INFO - Setting next_dagrun for DAG_stackexchange_posts to 2023-12-04T19:38:11.888610+00:00, run_after=2023-12-04T19:38:51.888610+00:00
[2023-12-04T19:38:25.071+0000] {processor.py:179} INFO - Processing /opt/airflow/dags/posts.py took 0.130 seconds
[2023-12-04T19:38:55.443+0000] {processor.py:157} INFO - Started process (PID=501) to work on /opt/airflow/dags/posts.py
[2023-12-04T19:38:55.444+0000] {processor.py:829} INFO - Processing file /opt/airflow/dags/posts.py for tasks to queue
[2023-12-04T19:38:55.447+0000] {logging_mixin.py:154} INFO - [2023-12-04T19:38:55.447+0000] {dagbag.py:536} INFO - Filling up the DagBag from /opt/airflow/dags/posts.py
[2023-12-04T19:38:55.454+0000] {processor.py:839} INFO - DAG(s) dict_keys(['DAG_stackexchange_posts']) retrieved from /opt/airflow/dags/posts.py
[2023-12-04T19:38:55.483+0000] {logging_mixin.py:154} INFO - [2023-12-04T19:38:55.483+0000] {dag.py:2941} INFO - Sync 1 DAGs
[2023-12-04T19:38:55.506+0000] {logging_mixin.py:154} INFO - [2023-12-04T19:38:55.506+0000] {dag.py:3722} INFO - Setting next_dagrun for DAG_stackexchange_posts to 2023-12-04T19:38:51.888610+00:00, run_after=2023-12-04T19:39:31.888610+00:00
[2023-12-04T19:38:55.522+0000] {processor.py:179} INFO - Processing /opt/airflow/dags/posts.py took 0.083 seconds
[2023-12-04T19:39:25.822+0000] {processor.py:157} INFO - Started process (PID=548) to work on /opt/airflow/dags/posts.py
[2023-12-04T19:39:25.828+0000] {processor.py:829} INFO - Processing file /opt/airflow/dags/posts.py for tasks to queue
[2023-12-04T19:39:25.831+0000] {logging_mixin.py:154} INFO - [2023-12-04T19:39:25.831+0000] {dagbag.py:536} INFO - Filling up the DagBag from /opt/airflow/dags/posts.py
[2023-12-04T19:39:25.839+0000] {processor.py:839} INFO - DAG(s) dict_keys(['DAG_stackexchange_posts']) retrieved from /opt/airflow/dags/posts.py
[2023-12-04T19:39:25.875+0000] {logging_mixin.py:154} INFO - [2023-12-04T19:39:25.874+0000] {dag.py:2941} INFO - Sync 1 DAGs
[2023-12-04T19:39:25.918+0000] {logging_mixin.py:154} INFO - [2023-12-04T19:39:25.917+0000] {dag.py:3722} INFO - Setting next_dagrun for DAG_stackexchange_posts to 2023-12-04T19:38:51.888610+00:00, run_after=2023-12-04T19:39:31.888610+00:00
[2023-12-04T19:39:25.948+0000] {processor.py:179} INFO - Processing /opt/airflow/dags/posts.py took 0.131 seconds
[2023-12-04T19:39:56.127+0000] {processor.py:157} INFO - Started process (PID=604) to work on /opt/airflow/dags/posts.py
[2023-12-04T19:39:56.133+0000] {processor.py:829} INFO - Processing file /opt/airflow/dags/posts.py for tasks to queue
[2023-12-04T19:39:56.136+0000] {logging_mixin.py:154} INFO - [2023-12-04T19:39:56.136+0000] {dagbag.py:536} INFO - Filling up the DagBag from /opt/airflow/dags/posts.py
[2023-12-04T19:39:56.145+0000] {processor.py:839} INFO - DAG(s) dict_keys(['DAG_stackexchange_posts']) retrieved from /opt/airflow/dags/posts.py
[2023-12-04T19:39:56.189+0000] {logging_mixin.py:154} INFO - [2023-12-04T19:39:56.189+0000] {dag.py:2941} INFO - Sync 1 DAGs
[2023-12-04T19:39:56.235+0000] {logging_mixin.py:154} INFO - [2023-12-04T19:39:56.235+0000] {dag.py:3722} INFO - Setting next_dagrun for DAG_stackexchange_posts to 2023-12-04T19:39:31.888610+00:00, run_after=2023-12-04T19:40:11.888610+00:00
[2023-12-04T19:39:56.265+0000] {processor.py:179} INFO - Processing /opt/airflow/dags/posts.py took 0.143 seconds
[2023-12-04T19:40:26.426+0000] {processor.py:157} INFO - Started process (PID=660) to work on /opt/airflow/dags/posts.py
[2023-12-04T19:40:26.433+0000] {processor.py:829} INFO - Processing file /opt/airflow/dags/posts.py for tasks to queue
[2023-12-04T19:40:26.439+0000] {logging_mixin.py:154} INFO - [2023-12-04T19:40:26.438+0000] {dagbag.py:536} INFO - Filling up the DagBag from /opt/airflow/dags/posts.py
[2023-12-04T19:40:26.454+0000] {processor.py:839} INFO - DAG(s) dict_keys(['DAG_stackexchange_posts']) retrieved from /opt/airflow/dags/posts.py
[2023-12-04T19:40:26.522+0000] {logging_mixin.py:154} INFO - [2023-12-04T19:40:26.521+0000] {dag.py:2941} INFO - Sync 1 DAGs
[2023-12-04T19:40:26.583+0000] {logging_mixin.py:154} INFO - [2023-12-04T19:40:26.582+0000] {dag.py:3722} INFO - Setting next_dagrun for DAG_stackexchange_posts to 2023-12-04T19:40:11.888610+00:00, run_after=2023-12-04T19:40:51.888610+00:00
[2023-12-04T19:40:26.622+0000] {processor.py:179} INFO - Processing /opt/airflow/dags/posts.py took 0.206 seconds
[2023-12-04T19:40:57.573+0000] {processor.py:157} INFO - Started process (PID=716) to work on /opt/airflow/dags/posts.py
[2023-12-04T19:40:57.579+0000] {processor.py:829} INFO - Processing file /opt/airflow/dags/posts.py for tasks to queue
[2023-12-04T19:40:57.580+0000] {logging_mixin.py:154} INFO - [2023-12-04T19:40:57.580+0000] {dagbag.py:536} INFO - Filling up the DagBag from /opt/airflow/dags/posts.py
[2023-12-04T19:40:57.584+0000] {processor.py:839} INFO - DAG(s) dict_keys(['DAG_stackexchange_posts']) retrieved from /opt/airflow/dags/posts.py
[2023-12-04T19:40:57.601+0000] {logging_mixin.py:154} INFO - [2023-12-04T19:40:57.600+0000] {dag.py:2941} INFO - Sync 1 DAGs
[2023-12-04T19:40:57.624+0000] {logging_mixin.py:154} INFO - [2023-12-04T19:40:57.624+0000] {dag.py:3722} INFO - Setting next_dagrun for DAG_stackexchange_posts to 2023-12-04T19:40:51.888610+00:00, run_after=2023-12-04T19:41:31.888610+00:00
[2023-12-04T19:40:57.644+0000] {processor.py:179} INFO - Processing /opt/airflow/dags/posts.py took 0.072 seconds
[2023-12-04T19:41:27.859+0000] {processor.py:157} INFO - Started process (PID=772) to work on /opt/airflow/dags/posts.py
[2023-12-04T19:41:27.861+0000] {processor.py:829} INFO - Processing file /opt/airflow/dags/posts.py for tasks to queue
[2023-12-04T19:41:27.865+0000] {logging_mixin.py:154} INFO - [2023-12-04T19:41:27.864+0000] {dagbag.py:536} INFO - Filling up the DagBag from /opt/airflow/dags/posts.py
[2023-12-04T19:41:27.875+0000] {processor.py:839} INFO - DAG(s) dict_keys(['DAG_stackexchange_posts']) retrieved from /opt/airflow/dags/posts.py
[2023-12-04T19:41:27.919+0000] {logging_mixin.py:154} INFO - [2023-12-04T19:41:27.918+0000] {dag.py:2941} INFO - Sync 1 DAGs
[2023-12-04T19:41:27.971+0000] {logging_mixin.py:154} INFO - [2023-12-04T19:41:27.970+0000] {dag.py:3722} INFO - Setting next_dagrun for DAG_stackexchange_posts to 2023-12-04T19:40:51.888610+00:00, run_after=2023-12-04T19:41:31.888610+00:00
[2023-12-04T19:41:28.016+0000] {processor.py:179} INFO - Processing /opt/airflow/dags/posts.py took 0.163 seconds
[2023-12-04T19:41:58.071+0000] {processor.py:157} INFO - Started process (PID=828) to work on /opt/airflow/dags/posts.py
[2023-12-04T19:41:58.074+0000] {processor.py:829} INFO - Processing file /opt/airflow/dags/posts.py for tasks to queue
[2023-12-04T19:41:58.077+0000] {logging_mixin.py:154} INFO - [2023-12-04T19:41:58.077+0000] {dagbag.py:536} INFO - Filling up the DagBag from /opt/airflow/dags/posts.py
[2023-12-04T19:41:58.087+0000] {processor.py:839} INFO - DAG(s) dict_keys(['DAG_stackexchange_posts']) retrieved from /opt/airflow/dags/posts.py
[2023-12-04T19:41:58.128+0000] {logging_mixin.py:154} INFO - [2023-12-04T19:41:58.128+0000] {dag.py:2941} INFO - Sync 1 DAGs
[2023-12-04T19:41:58.171+0000] {logging_mixin.py:154} INFO - [2023-12-04T19:41:58.171+0000] {dag.py:3722} INFO - Setting next_dagrun for DAG_stackexchange_posts to 2023-12-04T19:41:31.888610+00:00, run_after=2023-12-04T19:42:11.888610+00:00
[2023-12-04T19:41:58.213+0000] {processor.py:179} INFO - Processing /opt/airflow/dags/posts.py took 0.148 seconds
[2023-12-04T19:42:28.756+0000] {processor.py:157} INFO - Started process (PID=884) to work on /opt/airflow/dags/posts.py
[2023-12-04T19:42:28.764+0000] {processor.py:829} INFO - Processing file /opt/airflow/dags/posts.py for tasks to queue
[2023-12-04T19:42:28.771+0000] {logging_mixin.py:154} INFO - [2023-12-04T19:42:28.770+0000] {dagbag.py:536} INFO - Filling up the DagBag from /opt/airflow/dags/posts.py
[2023-12-04T19:42:28.789+0000] {processor.py:839} INFO - DAG(s) dict_keys(['DAG_stackexchange_posts']) retrieved from /opt/airflow/dags/posts.py
[2023-12-04T19:42:28.853+0000] {logging_mixin.py:154} INFO - [2023-12-04T19:42:28.852+0000] {dag.py:2941} INFO - Sync 1 DAGs
[2023-12-04T19:42:28.915+0000] {logging_mixin.py:154} INFO - [2023-12-04T19:42:28.915+0000] {dag.py:3722} INFO - Setting next_dagrun for DAG_stackexchange_posts to 2023-12-04T19:42:11.888610+00:00, run_after=2023-12-04T19:42:51.888610+00:00
[2023-12-04T19:42:28.960+0000] {processor.py:179} INFO - Processing /opt/airflow/dags/posts.py took 0.215 seconds
[2023-12-04T19:42:59.155+0000] {processor.py:157} INFO - Started process (PID=940) to work on /opt/airflow/dags/posts.py
[2023-12-04T19:42:59.161+0000] {processor.py:829} INFO - Processing file /opt/airflow/dags/posts.py for tasks to queue
[2023-12-04T19:42:59.163+0000] {logging_mixin.py:154} INFO - [2023-12-04T19:42:59.162+0000] {dagbag.py:536} INFO - Filling up the DagBag from /opt/airflow/dags/posts.py
[2023-12-04T19:42:59.167+0000] {processor.py:839} INFO - DAG(s) dict_keys(['DAG_stackexchange_posts']) retrieved from /opt/airflow/dags/posts.py
[2023-12-04T19:42:59.190+0000] {logging_mixin.py:154} INFO - [2023-12-04T19:42:59.189+0000] {dag.py:2941} INFO - Sync 1 DAGs
[2023-12-04T19:42:59.226+0000] {logging_mixin.py:154} INFO - [2023-12-04T19:42:59.226+0000] {dag.py:3722} INFO - Setting next_dagrun for DAG_stackexchange_posts to 2023-12-04T19:42:51.888610+00:00, run_after=2023-12-04T19:43:31.888610+00:00
[2023-12-04T19:42:59.249+0000] {processor.py:179} INFO - Processing /opt/airflow/dags/posts.py took 0.097 seconds
[2023-12-04T19:43:29.524+0000] {processor.py:157} INFO - Started process (PID=996) to work on /opt/airflow/dags/posts.py
[2023-12-04T19:43:29.525+0000] {processor.py:829} INFO - Processing file /opt/airflow/dags/posts.py for tasks to queue
[2023-12-04T19:43:29.527+0000] {logging_mixin.py:154} INFO - [2023-12-04T19:43:29.526+0000] {dagbag.py:536} INFO - Filling up the DagBag from /opt/airflow/dags/posts.py
[2023-12-04T19:43:29.531+0000] {processor.py:839} INFO - DAG(s) dict_keys(['DAG_stackexchange_posts']) retrieved from /opt/airflow/dags/posts.py
[2023-12-04T19:43:29.551+0000] {logging_mixin.py:154} INFO - [2023-12-04T19:43:29.551+0000] {dag.py:2941} INFO - Sync 1 DAGs
[2023-12-04T19:43:29.688+0000] {logging_mixin.py:154} INFO - [2023-12-04T19:43:29.687+0000] {dag.py:3722} INFO - Setting next_dagrun for DAG_stackexchange_posts to 2023-12-04T19:42:51.888610+00:00, run_after=2023-12-04T19:43:31.888610+00:00
[2023-12-04T19:43:29.706+0000] {processor.py:179} INFO - Processing /opt/airflow/dags/posts.py took 0.184 seconds
[2023-12-04T19:43:59.818+0000] {processor.py:157} INFO - Started process (PID=1052) to work on /opt/airflow/dags/posts.py
[2023-12-04T19:43:59.821+0000] {processor.py:829} INFO - Processing file /opt/airflow/dags/posts.py for tasks to queue
[2023-12-04T19:43:59.824+0000] {logging_mixin.py:154} INFO - [2023-12-04T19:43:59.824+0000] {dagbag.py:536} INFO - Filling up the DagBag from /opt/airflow/dags/posts.py
[2023-12-04T19:43:59.833+0000] {processor.py:839} INFO - DAG(s) dict_keys(['DAG_stackexchange_posts']) retrieved from /opt/airflow/dags/posts.py
[2023-12-04T19:43:59.868+0000] {logging_mixin.py:154} INFO - [2023-12-04T19:43:59.867+0000] {dag.py:2941} INFO - Sync 1 DAGs
[2023-12-04T19:44:00.068+0000] {logging_mixin.py:154} INFO - [2023-12-04T19:44:00.068+0000] {dag.py:3722} INFO - Setting next_dagrun for DAG_stackexchange_posts to 2023-12-04T19:43:31.888610+00:00, run_after=2023-12-04T19:44:11.888610+00:00
[2023-12-04T19:44:00.093+0000] {processor.py:179} INFO - Processing /opt/airflow/dags/posts.py took 0.280 seconds
[2023-12-04T19:44:30.604+0000] {processor.py:157} INFO - Started process (PID=1108) to work on /opt/airflow/dags/posts.py
[2023-12-04T19:44:30.611+0000] {processor.py:829} INFO - Processing file /opt/airflow/dags/posts.py for tasks to queue
[2023-12-04T19:44:30.614+0000] {logging_mixin.py:154} INFO - [2023-12-04T19:44:30.614+0000] {dagbag.py:536} INFO - Filling up the DagBag from /opt/airflow/dags/posts.py
[2023-12-04T19:44:30.623+0000] {processor.py:839} INFO - DAG(s) dict_keys(['DAG_stackexchange_posts']) retrieved from /opt/airflow/dags/posts.py
[2023-12-04T19:44:30.665+0000] {logging_mixin.py:154} INFO - [2023-12-04T19:44:30.664+0000] {dag.py:2941} INFO - Sync 1 DAGs
[2023-12-04T19:44:30.709+0000] {logging_mixin.py:154} INFO - [2023-12-04T19:44:30.709+0000] {dag.py:3722} INFO - Setting next_dagrun for DAG_stackexchange_posts to 2023-12-04T19:44:11.888610+00:00, run_after=2023-12-04T19:44:51.888610+00:00
[2023-12-04T19:44:30.880+0000] {processor.py:179} INFO - Processing /opt/airflow/dags/posts.py took 0.280 seconds
[2023-12-04T19:45:01.354+0000] {processor.py:157} INFO - Started process (PID=1164) to work on /opt/airflow/dags/posts.py
[2023-12-04T19:45:01.360+0000] {processor.py:829} INFO - Processing file /opt/airflow/dags/posts.py for tasks to queue
[2023-12-04T19:45:01.362+0000] {logging_mixin.py:154} INFO - [2023-12-04T19:45:01.362+0000] {dagbag.py:536} INFO - Filling up the DagBag from /opt/airflow/dags/posts.py
[2023-12-04T19:45:01.369+0000] {processor.py:839} INFO - DAG(s) dict_keys(['DAG_stackexchange_posts']) retrieved from /opt/airflow/dags/posts.py
[2023-12-04T19:45:01.388+0000] {logging_mixin.py:154} INFO - [2023-12-04T19:45:01.388+0000] {dag.py:2941} INFO - Sync 1 DAGs
[2023-12-04T19:45:01.406+0000] {logging_mixin.py:154} INFO - [2023-12-04T19:45:01.406+0000] {dag.py:3722} INFO - Setting next_dagrun for DAG_stackexchange_posts to 2023-12-04T19:44:51.888610+00:00, run_after=2023-12-04T19:45:31.888610+00:00
[2023-12-04T19:45:01.560+0000] {processor.py:179} INFO - Processing /opt/airflow/dags/posts.py took 0.209 seconds
[2023-12-04T19:45:31.699+0000] {processor.py:157} INFO - Started process (PID=1220) to work on /opt/airflow/dags/posts.py
[2023-12-04T19:45:31.705+0000] {processor.py:829} INFO - Processing file /opt/airflow/dags/posts.py for tasks to queue
[2023-12-04T19:45:31.708+0000] {logging_mixin.py:154} INFO - [2023-12-04T19:45:31.707+0000] {dagbag.py:536} INFO - Filling up the DagBag from /opt/airflow/dags/posts.py
[2023-12-04T19:45:31.713+0000] {processor.py:839} INFO - DAG(s) dict_keys(['DAG_stackexchange_posts']) retrieved from /opt/airflow/dags/posts.py
[2023-12-04T19:45:31.737+0000] {logging_mixin.py:154} INFO - [2023-12-04T19:45:31.737+0000] {dag.py:2941} INFO - Sync 1 DAGs
[2023-12-04T19:45:31.764+0000] {logging_mixin.py:154} INFO - [2023-12-04T19:45:31.763+0000] {dag.py:3722} INFO - Setting next_dagrun for DAG_stackexchange_posts to 2023-12-04T19:44:51.888610+00:00, run_after=2023-12-04T19:45:31.888610+00:00
[2023-12-04T19:45:31.789+0000] {processor.py:179} INFO - Processing /opt/airflow/dags/posts.py took 0.093 seconds
[2023-12-04T19:46:02.666+0000] {processor.py:157} INFO - Started process (PID=1276) to work on /opt/airflow/dags/posts.py
[2023-12-04T19:46:02.667+0000] {processor.py:829} INFO - Processing file /opt/airflow/dags/posts.py for tasks to queue
[2023-12-04T19:46:02.671+0000] {logging_mixin.py:154} INFO - [2023-12-04T19:46:02.670+0000] {dagbag.py:536} INFO - Filling up the DagBag from /opt/airflow/dags/posts.py
[2023-12-04T19:46:02.679+0000] {processor.py:839} INFO - DAG(s) dict_keys(['DAG_stackexchange_posts']) retrieved from /opt/airflow/dags/posts.py
[2023-12-04T19:46:02.715+0000] {logging_mixin.py:154} INFO - [2023-12-04T19:46:02.715+0000] {dag.py:2941} INFO - Sync 1 DAGs
[2023-12-04T19:46:02.755+0000] {logging_mixin.py:154} INFO - [2023-12-04T19:46:02.755+0000] {dag.py:3722} INFO - Setting next_dagrun for DAG_stackexchange_posts to 2023-12-04T19:45:31.888610+00:00, run_after=2023-12-04T19:46:11.888610+00:00
[2023-12-04T19:46:02.786+0000] {processor.py:179} INFO - Processing /opt/airflow/dags/posts.py took 0.124 seconds
[2023-12-04T19:46:33.400+0000] {processor.py:157} INFO - Started process (PID=1332) to work on /opt/airflow/dags/posts.py
[2023-12-04T19:46:33.401+0000] {processor.py:829} INFO - Processing file /opt/airflow/dags/posts.py for tasks to queue
[2023-12-04T19:46:33.404+0000] {logging_mixin.py:154} INFO - [2023-12-04T19:46:33.403+0000] {dagbag.py:536} INFO - Filling up the DagBag from /opt/airflow/dags/posts.py
[2023-12-04T19:46:33.577+0000] {processor.py:839} INFO - DAG(s) dict_keys(['DAG_stackexchange_posts']) retrieved from /opt/airflow/dags/posts.py
[2023-12-04T19:46:33.590+0000] {logging_mixin.py:154} INFO - [2023-12-04T19:46:33.589+0000] {dag.py:2941} INFO - Sync 1 DAGs
[2023-12-04T19:46:33.609+0000] {logging_mixin.py:154} INFO - [2023-12-04T19:46:33.609+0000] {dag.py:3722} INFO - Setting next_dagrun for DAG_stackexchange_posts to 2023-12-04T19:46:11.888610+00:00, run_after=2023-12-04T19:46:51.888610+00:00
[2023-12-04T19:46:33.632+0000] {processor.py:179} INFO - Processing /opt/airflow/dags/posts.py took 0.236 seconds
[2023-12-04T19:47:03.818+0000] {processor.py:157} INFO - Started process (PID=1388) to work on /opt/airflow/dags/posts.py
[2023-12-04T19:47:03.819+0000] {processor.py:829} INFO - Processing file /opt/airflow/dags/posts.py for tasks to queue
[2023-12-04T19:47:03.822+0000] {logging_mixin.py:154} INFO - [2023-12-04T19:47:03.821+0000] {dagbag.py:536} INFO - Filling up the DagBag from /opt/airflow/dags/posts.py
[2023-12-04T19:47:03.830+0000] {processor.py:839} INFO - DAG(s) dict_keys(['DAG_stackexchange_posts']) retrieved from /opt/airflow/dags/posts.py
[2023-12-04T19:47:03.870+0000] {logging_mixin.py:154} INFO - [2023-12-04T19:47:03.870+0000] {dag.py:2941} INFO - Sync 1 DAGs
[2023-12-04T19:47:03.915+0000] {logging_mixin.py:154} INFO - [2023-12-04T19:47:03.915+0000] {dag.py:3722} INFO - Setting next_dagrun for DAG_stackexchange_posts to 2023-12-04T19:46:51.888610+00:00, run_after=2023-12-04T19:47:31.888610+00:00
[2023-12-04T19:47:03.961+0000] {processor.py:179} INFO - Processing /opt/airflow/dags/posts.py took 0.148 seconds
[2023-12-04T19:47:34.116+0000] {processor.py:157} INFO - Started process (PID=1444) to work on /opt/airflow/dags/posts.py
[2023-12-04T19:47:34.117+0000] {processor.py:829} INFO - Processing file /opt/airflow/dags/posts.py for tasks to queue
[2023-12-04T19:47:34.119+0000] {logging_mixin.py:154} INFO - [2023-12-04T19:47:34.119+0000] {dagbag.py:536} INFO - Filling up the DagBag from /opt/airflow/dags/posts.py
[2023-12-04T19:47:34.125+0000] {processor.py:839} INFO - DAG(s) dict_keys(['DAG_stackexchange_posts']) retrieved from /opt/airflow/dags/posts.py
[2023-12-04T19:47:34.147+0000] {logging_mixin.py:154} INFO - [2023-12-04T19:47:34.147+0000] {dag.py:2941} INFO - Sync 1 DAGs
[2023-12-04T19:47:34.168+0000] {logging_mixin.py:154} INFO - [2023-12-04T19:47:34.168+0000] {dag.py:3722} INFO - Setting next_dagrun for DAG_stackexchange_posts to 2023-12-04T19:47:31.888610+00:00, run_after=2023-12-04T19:48:11.888610+00:00
[2023-12-04T19:47:34.186+0000] {processor.py:179} INFO - Processing /opt/airflow/dags/posts.py took 0.072 seconds
[2023-12-04T19:48:04.943+0000] {processor.py:157} INFO - Started process (PID=1500) to work on /opt/airflow/dags/posts.py
[2023-12-04T19:48:04.949+0000] {processor.py:829} INFO - Processing file /opt/airflow/dags/posts.py for tasks to queue
[2023-12-04T19:48:04.952+0000] {logging_mixin.py:154} INFO - [2023-12-04T19:48:04.951+0000] {dagbag.py:536} INFO - Filling up the DagBag from /opt/airflow/dags/posts.py
[2023-12-04T19:48:04.960+0000] {processor.py:839} INFO - DAG(s) dict_keys(['DAG_stackexchange_posts']) retrieved from /opt/airflow/dags/posts.py
[2023-12-04T19:48:04.995+0000] {logging_mixin.py:154} INFO - [2023-12-04T19:48:04.995+0000] {dag.py:2941} INFO - Sync 1 DAGs
[2023-12-04T19:48:05.036+0000] {logging_mixin.py:154} INFO - [2023-12-04T19:48:05.035+0000] {dag.py:3722} INFO - Setting next_dagrun for DAG_stackexchange_posts to 2023-12-04T19:47:31.888610+00:00, run_after=2023-12-04T19:48:11.888610+00:00
[2023-12-04T19:48:05.076+0000] {processor.py:179} INFO - Processing /opt/airflow/dags/posts.py took 0.138 seconds
[2023-12-04T19:48:35.638+0000] {processor.py:157} INFO - Started process (PID=1556) to work on /opt/airflow/dags/posts.py
[2023-12-04T19:48:35.639+0000] {processor.py:829} INFO - Processing file /opt/airflow/dags/posts.py for tasks to queue
[2023-12-04T19:48:35.642+0000] {logging_mixin.py:154} INFO - [2023-12-04T19:48:35.642+0000] {dagbag.py:536} INFO - Filling up the DagBag from /opt/airflow/dags/posts.py
[2023-12-04T19:48:35.650+0000] {processor.py:839} INFO - DAG(s) dict_keys(['DAG_stackexchange_posts']) retrieved from /opt/airflow/dags/posts.py
[2023-12-04T19:48:35.687+0000] {logging_mixin.py:154} INFO - [2023-12-04T19:48:35.687+0000] {dag.py:2941} INFO - Sync 1 DAGs
[2023-12-04T19:48:35.733+0000] {logging_mixin.py:154} INFO - [2023-12-04T19:48:35.732+0000] {dag.py:3722} INFO - Setting next_dagrun for DAG_stackexchange_posts to 2023-12-04T19:48:11.888610+00:00, run_after=2023-12-04T19:48:51.888610+00:00
[2023-12-04T19:48:35.768+0000] {processor.py:179} INFO - Processing /opt/airflow/dags/posts.py took 0.135 seconds
[2023-12-04T19:49:06.200+0000] {processor.py:157} INFO - Started process (PID=1612) to work on /opt/airflow/dags/posts.py
[2023-12-04T19:49:06.201+0000] {processor.py:829} INFO - Processing file /opt/airflow/dags/posts.py for tasks to queue
[2023-12-04T19:49:06.205+0000] {logging_mixin.py:154} INFO - [2023-12-04T19:49:06.204+0000] {dagbag.py:536} INFO - Filling up the DagBag from /opt/airflow/dags/posts.py
[2023-12-04T19:49:06.214+0000] {processor.py:839} INFO - DAG(s) dict_keys(['DAG_stackexchange_posts']) retrieved from /opt/airflow/dags/posts.py
[2023-12-04T19:49:06.257+0000] {logging_mixin.py:154} INFO - [2023-12-04T19:49:06.256+0000] {dag.py:2941} INFO - Sync 1 DAGs
[2023-12-04T19:49:06.307+0000] {logging_mixin.py:154} INFO - [2023-12-04T19:49:06.307+0000] {dag.py:3722} INFO - Setting next_dagrun for DAG_stackexchange_posts to 2023-12-04T19:48:51.888610+00:00, run_after=2023-12-04T19:49:31.888610+00:00
[2023-12-04T19:49:06.348+0000] {processor.py:179} INFO - Processing /opt/airflow/dags/posts.py took 0.154 seconds
[2023-12-04T19:49:36.958+0000] {processor.py:157} INFO - Started process (PID=1676) to work on /opt/airflow/dags/posts.py
[2023-12-04T19:49:36.959+0000] {processor.py:829} INFO - Processing file /opt/airflow/dags/posts.py for tasks to queue
[2023-12-04T19:49:36.961+0000] {logging_mixin.py:154} INFO - [2023-12-04T19:49:36.961+0000] {dagbag.py:536} INFO - Filling up the DagBag from /opt/airflow/dags/posts.py
[2023-12-04T19:49:36.967+0000] {processor.py:839} INFO - DAG(s) dict_keys(['DAG_stackexchange_posts']) retrieved from /opt/airflow/dags/posts.py
[2023-12-04T19:49:36.994+0000] {logging_mixin.py:154} INFO - [2023-12-04T19:49:36.993+0000] {dag.py:2941} INFO - Sync 1 DAGs
[2023-12-04T19:49:37.026+0000] {logging_mixin.py:154} INFO - [2023-12-04T19:49:37.025+0000] {dag.py:3722} INFO - Setting next_dagrun for DAG_stackexchange_posts to 2023-12-04T19:49:31.888610+00:00, run_after=2023-12-04T19:50:11.888610+00:00
[2023-12-04T19:49:37.053+0000] {processor.py:179} INFO - Processing /opt/airflow/dags/posts.py took 0.099 seconds
