[2023-12-04T17:17:17.908+0000] {processor.py:157} INFO - Started process (PID=43) to work on /opt/airflow/dags/write.py
[2023-12-04T17:17:17.909+0000] {processor.py:829} INFO - Processing file /opt/airflow/dags/write.py for tasks to queue
[2023-12-04T17:17:17.911+0000] {logging_mixin.py:154} INFO - [2023-12-04T17:17:17.910+0000] {dagbag.py:536} INFO - Filling up the DagBag from /opt/airflow/dags/write.py
[2023-12-04T17:17:17.930+0000] {processor.py:839} INFO - DAG(s) dict_keys(['DAG_write_to_bigQuery']) retrieved from /opt/airflow/dags/write.py
[2023-12-04T17:17:18.127+0000] {logging_mixin.py:154} INFO - [2023-12-04T17:17:18.127+0000] {dag.py:2941} INFO - Sync 1 DAGs
[2023-12-04T17:17:18.162+0000] {logging_mixin.py:154} INFO - [2023-12-04T17:17:18.162+0000] {dag.py:3722} INFO - Setting next_dagrun for DAG_write_to_bigQuery to 2023-12-04T17:16:58.161613+00:00, run_after=2023-12-04T17:17:18.161613+00:00
[2023-12-04T17:17:18.187+0000] {processor.py:179} INFO - Processing /opt/airflow/dags/write.py took 0.281 seconds
[2023-12-04T17:17:28.006+0000] {processor.py:157} INFO - Started process (PID=96) to work on /opt/airflow/dags/write.py
[2023-12-04T17:17:28.007+0000] {processor.py:829} INFO - Processing file /opt/airflow/dags/write.py for tasks to queue
[2023-12-04T17:17:28.009+0000] {logging_mixin.py:154} INFO - [2023-12-04T17:17:28.009+0000] {dagbag.py:536} INFO - Filling up the DagBag from /opt/airflow/dags/write.py
[2023-12-04T17:17:28.020+0000] {processor.py:839} INFO - DAG(s) dict_keys(['DAG_write_to_bigQuery']) retrieved from /opt/airflow/dags/write.py
[2023-12-04T17:17:28.053+0000] {logging_mixin.py:154} INFO - [2023-12-04T17:17:28.052+0000] {taskinstance.py:1939} ERROR - {'DAG Id': 'DAG_write_to_bigQuery', 'Task Id': 'write', 'Run Id': 'scheduled__2023-12-01T10:37:12.907669+00:00', 'Hostname': '85fc9fd9cbc3', 'External Executor Id': '13e2a679-c960-4681-bedb-3db629f80a3b'}
[2023-12-04T17:17:28.081+0000] {logging_mixin.py:154} INFO - [2023-12-04T17:17:28.081+0000] {taskinstance.py:1400} INFO - Marking task as FAILED. dag_id=DAG_write_to_bigQuery, task_id=write, execution_date=20231201T103712, start_date=20231201T103734, end_date=20231204T171728
[2023-12-04T17:17:28.096+0000] {processor.py:790} INFO - Executed failure callback for <TaskInstance: DAG_write_to_bigQuery.write scheduled__2023-12-01T10:37:12.907669+00:00 [failed]> in state failed
[2023-12-04T17:17:28.101+0000] {logging_mixin.py:154} INFO - [2023-12-04T17:17:28.100+0000] {dag.py:2941} INFO - Sync 1 DAGs
[2023-12-04T17:17:28.126+0000] {logging_mixin.py:154} INFO - [2023-12-04T17:17:28.125+0000] {dag.py:3722} INFO - Setting next_dagrun for DAG_write_to_bigQuery to 2023-12-04T17:17:18.161613+00:00, run_after=2023-12-04T17:17:38.161613+00:00
[2023-12-04T17:17:28.145+0000] {processor.py:179} INFO - Processing /opt/airflow/dags/write.py took 0.144 seconds
[2023-12-04T17:17:58.173+0000] {processor.py:157} INFO - Started process (PID=152) to work on /opt/airflow/dags/write.py
[2023-12-04T17:17:58.174+0000] {processor.py:829} INFO - Processing file /opt/airflow/dags/write.py for tasks to queue
[2023-12-04T17:17:58.175+0000] {logging_mixin.py:154} INFO - [2023-12-04T17:17:58.175+0000] {dagbag.py:536} INFO - Filling up the DagBag from /opt/airflow/dags/write.py
[2023-12-04T17:17:58.182+0000] {processor.py:839} INFO - DAG(s) dict_keys(['DAG_write_to_bigQuery']) retrieved from /opt/airflow/dags/write.py
[2023-12-04T17:17:58.197+0000] {logging_mixin.py:154} INFO - [2023-12-04T17:17:58.197+0000] {dag.py:2941} INFO - Sync 1 DAGs
[2023-12-04T17:17:58.212+0000] {logging_mixin.py:154} INFO - [2023-12-04T17:17:58.212+0000] {dag.py:3722} INFO - Setting next_dagrun for DAG_write_to_bigQuery to 2023-12-04T17:17:38.212474+00:00, run_after=2023-12-04T17:17:58.212474+00:00
[2023-12-04T17:17:58.227+0000] {processor.py:179} INFO - Processing /opt/airflow/dags/write.py took 0.056 seconds
[2023-12-04T17:18:28.368+0000] {processor.py:157} INFO - Started process (PID=208) to work on /opt/airflow/dags/write.py
[2023-12-04T17:18:28.369+0000] {processor.py:829} INFO - Processing file /opt/airflow/dags/write.py for tasks to queue
[2023-12-04T17:18:28.371+0000] {logging_mixin.py:154} INFO - [2023-12-04T17:18:28.370+0000] {dagbag.py:536} INFO - Filling up the DagBag from /opt/airflow/dags/write.py
[2023-12-04T17:18:28.379+0000] {processor.py:839} INFO - DAG(s) dict_keys(['DAG_write_to_bigQuery']) retrieved from /opt/airflow/dags/write.py
[2023-12-04T17:18:28.404+0000] {logging_mixin.py:154} INFO - [2023-12-04T17:18:28.403+0000] {dag.py:2941} INFO - Sync 1 DAGs
[2023-12-04T17:18:28.425+0000] {logging_mixin.py:154} INFO - [2023-12-04T17:18:28.425+0000] {dag.py:3722} INFO - Setting next_dagrun for DAG_write_to_bigQuery to 2023-12-04T17:18:18.212474+00:00, run_after=2023-12-04T17:18:38.212474+00:00
[2023-12-04T17:18:28.445+0000] {processor.py:179} INFO - Processing /opt/airflow/dags/write.py took 0.080 seconds
[2023-12-04T17:18:58.501+0000] {processor.py:157} INFO - Started process (PID=268) to work on /opt/airflow/dags/write.py
[2023-12-04T17:18:58.507+0000] {processor.py:829} INFO - Processing file /opt/airflow/dags/write.py for tasks to queue
[2023-12-04T17:18:58.509+0000] {logging_mixin.py:154} INFO - [2023-12-04T17:18:58.509+0000] {dagbag.py:536} INFO - Filling up the DagBag from /opt/airflow/dags/write.py
[2023-12-04T17:18:58.516+0000] {processor.py:839} INFO - DAG(s) dict_keys(['DAG_write_to_bigQuery']) retrieved from /opt/airflow/dags/write.py
[2023-12-04T17:18:58.533+0000] {logging_mixin.py:154} INFO - [2023-12-04T17:18:58.533+0000] {dag.py:2941} INFO - Sync 1 DAGs
[2023-12-04T17:18:58.549+0000] {logging_mixin.py:154} INFO - [2023-12-04T17:18:58.549+0000] {dag.py:3722} INFO - Setting next_dagrun for DAG_write_to_bigQuery to 2023-12-04T17:18:38.549574+00:00, run_after=2023-12-04T17:18:58.549574+00:00
[2023-12-04T17:18:58.567+0000] {processor.py:179} INFO - Processing /opt/airflow/dags/write.py took 0.069 seconds
[2023-12-04T17:19:28.892+0000] {processor.py:157} INFO - Started process (PID=324) to work on /opt/airflow/dags/write.py
[2023-12-04T17:19:28.898+0000] {processor.py:829} INFO - Processing file /opt/airflow/dags/write.py for tasks to queue
[2023-12-04T17:19:28.900+0000] {logging_mixin.py:154} INFO - [2023-12-04T17:19:28.900+0000] {dagbag.py:536} INFO - Filling up the DagBag from /opt/airflow/dags/write.py
[2023-12-04T17:19:28.907+0000] {processor.py:839} INFO - DAG(s) dict_keys(['DAG_write_to_bigQuery']) retrieved from /opt/airflow/dags/write.py
[2023-12-04T17:19:28.928+0000] {logging_mixin.py:154} INFO - [2023-12-04T17:19:28.928+0000] {dag.py:2941} INFO - Sync 1 DAGs
[2023-12-04T17:19:28.945+0000] {logging_mixin.py:154} INFO - [2023-12-04T17:19:28.945+0000] {dag.py:3722} INFO - Setting next_dagrun for DAG_write_to_bigQuery to 2023-12-04T17:19:18.549574+00:00, run_after=2023-12-04T17:19:38.549574+00:00
[2023-12-04T17:19:28.958+0000] {processor.py:179} INFO - Processing /opt/airflow/dags/write.py took 0.069 seconds
[2023-12-04T17:19:59.623+0000] {processor.py:157} INFO - Started process (PID=384) to work on /opt/airflow/dags/write.py
[2023-12-04T17:19:59.623+0000] {processor.py:829} INFO - Processing file /opt/airflow/dags/write.py for tasks to queue
[2023-12-04T17:19:59.624+0000] {logging_mixin.py:154} INFO - [2023-12-04T17:19:59.624+0000] {dagbag.py:536} INFO - Filling up the DagBag from /opt/airflow/dags/write.py
[2023-12-04T17:19:59.630+0000] {processor.py:839} INFO - DAG(s) dict_keys(['DAG_write_to_bigQuery']) retrieved from /opt/airflow/dags/write.py
[2023-12-04T17:19:59.644+0000] {logging_mixin.py:154} INFO - [2023-12-04T17:19:59.644+0000] {dag.py:2941} INFO - Sync 1 DAGs
[2023-12-04T17:19:59.661+0000] {logging_mixin.py:154} INFO - [2023-12-04T17:19:59.661+0000] {dag.py:3722} INFO - Setting next_dagrun for DAG_write_to_bigQuery to 2023-12-04T17:19:58.549574+00:00, run_after=2023-12-04T17:20:18.549574+00:00
[2023-12-04T17:19:59.677+0000] {processor.py:179} INFO - Processing /opt/airflow/dags/write.py took 0.056 seconds
[2023-12-04T17:20:29.698+0000] {processor.py:157} INFO - Started process (PID=440) to work on /opt/airflow/dags/write.py
[2023-12-04T17:20:29.699+0000] {processor.py:829} INFO - Processing file /opt/airflow/dags/write.py for tasks to queue
[2023-12-04T17:20:29.700+0000] {logging_mixin.py:154} INFO - [2023-12-04T17:20:29.700+0000] {dagbag.py:536} INFO - Filling up the DagBag from /opt/airflow/dags/write.py
[2023-12-04T17:20:29.704+0000] {processor.py:839} INFO - DAG(s) dict_keys(['DAG_write_to_bigQuery']) retrieved from /opt/airflow/dags/write.py
[2023-12-04T17:20:29.717+0000] {logging_mixin.py:154} INFO - [2023-12-04T17:20:29.717+0000] {dag.py:2941} INFO - Sync 1 DAGs
[2023-12-04T17:20:29.729+0000] {logging_mixin.py:154} INFO - [2023-12-04T17:20:29.729+0000] {dag.py:3722} INFO - Setting next_dagrun for DAG_write_to_bigQuery to 2023-12-04T17:20:18.549574+00:00, run_after=2023-12-04T17:20:38.549574+00:00
[2023-12-04T17:20:29.740+0000] {processor.py:179} INFO - Processing /opt/airflow/dags/write.py took 0.045 seconds
[2023-12-04T17:20:59.767+0000] {processor.py:157} INFO - Started process (PID=496) to work on /opt/airflow/dags/write.py
[2023-12-04T17:20:59.772+0000] {processor.py:829} INFO - Processing file /opt/airflow/dags/write.py for tasks to queue
[2023-12-04T17:20:59.773+0000] {logging_mixin.py:154} INFO - [2023-12-04T17:20:59.773+0000] {dagbag.py:536} INFO - Filling up the DagBag from /opt/airflow/dags/write.py
[2023-12-04T17:20:59.778+0000] {processor.py:839} INFO - DAG(s) dict_keys(['DAG_write_to_bigQuery']) retrieved from /opt/airflow/dags/write.py
[2023-12-04T17:20:59.792+0000] {logging_mixin.py:154} INFO - [2023-12-04T17:20:59.791+0000] {dag.py:2941} INFO - Sync 1 DAGs
[2023-12-04T17:20:59.806+0000] {logging_mixin.py:154} INFO - [2023-12-04T17:20:59.806+0000] {dag.py:3722} INFO - Setting next_dagrun for DAG_write_to_bigQuery to 2023-12-04T17:20:58.549574+00:00, run_after=2023-12-04T17:21:18.549574+00:00
[2023-12-04T17:20:59.820+0000] {processor.py:179} INFO - Processing /opt/airflow/dags/write.py took 0.055 seconds
[2023-12-04T17:21:30.187+0000] {processor.py:157} INFO - Started process (PID=556) to work on /opt/airflow/dags/write.py
[2023-12-04T17:21:30.187+0000] {processor.py:829} INFO - Processing file /opt/airflow/dags/write.py for tasks to queue
[2023-12-04T17:21:30.188+0000] {logging_mixin.py:154} INFO - [2023-12-04T17:21:30.188+0000] {dagbag.py:536} INFO - Filling up the DagBag from /opt/airflow/dags/write.py
[2023-12-04T17:21:30.193+0000] {processor.py:839} INFO - DAG(s) dict_keys(['DAG_write_to_bigQuery']) retrieved from /opt/airflow/dags/write.py
[2023-12-04T17:21:30.206+0000] {logging_mixin.py:154} INFO - [2023-12-04T17:21:30.206+0000] {dag.py:2941} INFO - Sync 1 DAGs
[2023-12-04T17:21:30.218+0000] {logging_mixin.py:154} INFO - [2023-12-04T17:21:30.218+0000] {dag.py:3722} INFO - Setting next_dagrun for DAG_write_to_bigQuery to 2023-12-04T17:21:18.549574+00:00, run_after=2023-12-04T17:21:38.549574+00:00
[2023-12-04T17:21:30.229+0000] {processor.py:179} INFO - Processing /opt/airflow/dags/write.py took 0.045 seconds
[2023-12-04T17:22:00.354+0000] {processor.py:157} INFO - Started process (PID=616) to work on /opt/airflow/dags/write.py
[2023-12-04T17:22:00.360+0000] {processor.py:829} INFO - Processing file /opt/airflow/dags/write.py for tasks to queue
[2023-12-04T17:22:00.361+0000] {logging_mixin.py:154} INFO - [2023-12-04T17:22:00.361+0000] {dagbag.py:536} INFO - Filling up the DagBag from /opt/airflow/dags/write.py
[2023-12-04T17:22:00.367+0000] {processor.py:839} INFO - DAG(s) dict_keys(['DAG_write_to_bigQuery']) retrieved from /opt/airflow/dags/write.py
[2023-12-04T17:22:00.382+0000] {logging_mixin.py:154} INFO - [2023-12-04T17:22:00.382+0000] {dag.py:2941} INFO - Sync 1 DAGs
[2023-12-04T17:22:00.397+0000] {logging_mixin.py:154} INFO - [2023-12-04T17:22:00.397+0000] {dag.py:3722} INFO - Setting next_dagrun for DAG_write_to_bigQuery to 2023-12-04T17:21:58.549574+00:00, run_after=2023-12-04T17:22:18.549574+00:00
[2023-12-04T17:22:00.410+0000] {processor.py:179} INFO - Processing /opt/airflow/dags/write.py took 0.057 seconds
[2023-12-04T17:22:30.648+0000] {processor.py:157} INFO - Started process (PID=672) to work on /opt/airflow/dags/write.py
[2023-12-04T17:22:30.649+0000] {processor.py:829} INFO - Processing file /opt/airflow/dags/write.py for tasks to queue
[2023-12-04T17:22:30.650+0000] {logging_mixin.py:154} INFO - [2023-12-04T17:22:30.650+0000] {dagbag.py:536} INFO - Filling up the DagBag from /opt/airflow/dags/write.py
[2023-12-04T17:22:30.655+0000] {processor.py:839} INFO - DAG(s) dict_keys(['DAG_write_to_bigQuery']) retrieved from /opt/airflow/dags/write.py
[2023-12-04T17:22:30.668+0000] {logging_mixin.py:154} INFO - [2023-12-04T17:22:30.668+0000] {dag.py:2941} INFO - Sync 1 DAGs
[2023-12-04T17:22:30.680+0000] {logging_mixin.py:154} INFO - [2023-12-04T17:22:30.680+0000] {dag.py:3722} INFO - Setting next_dagrun for DAG_write_to_bigQuery to 2023-12-04T17:22:18.549574+00:00, run_after=2023-12-04T17:22:38.549574+00:00
[2023-12-04T17:22:30.692+0000] {processor.py:179} INFO - Processing /opt/airflow/dags/write.py took 0.046 seconds
[2023-12-04T17:23:00.890+0000] {processor.py:157} INFO - Started process (PID=732) to work on /opt/airflow/dags/write.py
[2023-12-04T17:23:00.896+0000] {processor.py:829} INFO - Processing file /opt/airflow/dags/write.py for tasks to queue
[2023-12-04T17:23:00.897+0000] {logging_mixin.py:154} INFO - [2023-12-04T17:23:00.897+0000] {dagbag.py:536} INFO - Filling up the DagBag from /opt/airflow/dags/write.py
[2023-12-04T17:23:00.902+0000] {processor.py:839} INFO - DAG(s) dict_keys(['DAG_write_to_bigQuery']) retrieved from /opt/airflow/dags/write.py
[2023-12-04T17:23:00.915+0000] {logging_mixin.py:154} INFO - [2023-12-04T17:23:00.915+0000] {dag.py:2941} INFO - Sync 1 DAGs
[2023-12-04T17:23:00.928+0000] {logging_mixin.py:154} INFO - [2023-12-04T17:23:00.928+0000] {dag.py:3722} INFO - Setting next_dagrun for DAG_write_to_bigQuery to 2023-12-04T17:22:58.549574+00:00, run_after=2023-12-04T17:23:18.549574+00:00
[2023-12-04T17:23:00.940+0000] {processor.py:179} INFO - Processing /opt/airflow/dags/write.py took 0.052 seconds
[2023-12-04T17:23:31.339+0000] {processor.py:157} INFO - Started process (PID=786) to work on /opt/airflow/dags/write.py
[2023-12-04T17:23:31.340+0000] {processor.py:829} INFO - Processing file /opt/airflow/dags/write.py for tasks to queue
[2023-12-04T17:23:31.341+0000] {logging_mixin.py:154} INFO - [2023-12-04T17:23:31.341+0000] {dagbag.py:536} INFO - Filling up the DagBag from /opt/airflow/dags/write.py
[2023-12-04T17:23:31.347+0000] {processor.py:839} INFO - DAG(s) dict_keys(['DAG_write_to_bigQuery']) retrieved from /opt/airflow/dags/write.py
[2023-12-04T17:23:31.360+0000] {logging_mixin.py:154} INFO - [2023-12-04T17:23:31.359+0000] {dag.py:2941} INFO - Sync 1 DAGs
[2023-12-04T17:23:31.374+0000] {logging_mixin.py:154} INFO - [2023-12-04T17:23:31.374+0000] {dag.py:3722} INFO - Setting next_dagrun for DAG_write_to_bigQuery to 2023-12-04T17:23:18.549574+00:00, run_after=2023-12-04T17:23:38.549574+00:00
[2023-12-04T17:23:31.386+0000] {processor.py:179} INFO - Processing /opt/airflow/dags/write.py took 0.049 seconds
[2023-12-04T17:24:02.273+0000] {processor.py:157} INFO - Started process (PID=846) to work on /opt/airflow/dags/write.py
[2023-12-04T17:24:02.274+0000] {processor.py:829} INFO - Processing file /opt/airflow/dags/write.py for tasks to queue
[2023-12-04T17:24:02.275+0000] {logging_mixin.py:154} INFO - [2023-12-04T17:24:02.275+0000] {dagbag.py:536} INFO - Filling up the DagBag from /opt/airflow/dags/write.py
[2023-12-04T17:24:02.281+0000] {processor.py:839} INFO - DAG(s) dict_keys(['DAG_write_to_bigQuery']) retrieved from /opt/airflow/dags/write.py
[2023-12-04T17:24:02.300+0000] {logging_mixin.py:154} INFO - [2023-12-04T17:24:02.300+0000] {dag.py:2941} INFO - Sync 1 DAGs
[2023-12-04T17:24:02.319+0000] {logging_mixin.py:154} INFO - [2023-12-04T17:24:02.319+0000] {dag.py:3722} INFO - Setting next_dagrun for DAG_write_to_bigQuery to 2023-12-04T17:23:58.549574+00:00, run_after=2023-12-04T17:24:18.549574+00:00
[2023-12-04T17:24:02.337+0000] {processor.py:179} INFO - Processing /opt/airflow/dags/write.py took 0.066 seconds
[2023-12-04T17:24:33.058+0000] {processor.py:157} INFO - Started process (PID=902) to work on /opt/airflow/dags/write.py
[2023-12-04T17:24:33.058+0000] {processor.py:829} INFO - Processing file /opt/airflow/dags/write.py for tasks to queue
[2023-12-04T17:24:33.060+0000] {logging_mixin.py:154} INFO - [2023-12-04T17:24:33.060+0000] {dagbag.py:536} INFO - Filling up the DagBag from /opt/airflow/dags/write.py
[2023-12-04T17:24:33.066+0000] {processor.py:839} INFO - DAG(s) dict_keys(['DAG_write_to_bigQuery']) retrieved from /opt/airflow/dags/write.py
[2023-12-04T17:24:33.080+0000] {logging_mixin.py:154} INFO - [2023-12-04T17:24:33.080+0000] {dag.py:2941} INFO - Sync 1 DAGs
[2023-12-04T17:24:33.096+0000] {logging_mixin.py:154} INFO - [2023-12-04T17:24:33.096+0000] {dag.py:3722} INFO - Setting next_dagrun for DAG_write_to_bigQuery to 2023-12-04T17:24:18.549574+00:00, run_after=2023-12-04T17:24:38.549574+00:00
[2023-12-04T17:24:33.110+0000] {processor.py:179} INFO - Processing /opt/airflow/dags/write.py took 0.054 seconds
[2023-12-04T17:25:03.356+0000] {processor.py:157} INFO - Started process (PID=962) to work on /opt/airflow/dags/write.py
[2023-12-04T17:25:03.357+0000] {processor.py:829} INFO - Processing file /opt/airflow/dags/write.py for tasks to queue
[2023-12-04T17:25:03.358+0000] {logging_mixin.py:154} INFO - [2023-12-04T17:25:03.358+0000] {dagbag.py:536} INFO - Filling up the DagBag from /opt/airflow/dags/write.py
[2023-12-04T17:25:03.367+0000] {processor.py:839} INFO - DAG(s) dict_keys(['DAG_write_to_bigQuery']) retrieved from /opt/airflow/dags/write.py
[2023-12-04T17:25:03.382+0000] {logging_mixin.py:154} INFO - [2023-12-04T17:25:03.382+0000] {dag.py:2941} INFO - Sync 1 DAGs
[2023-12-04T17:25:03.398+0000] {logging_mixin.py:154} INFO - [2023-12-04T17:25:03.398+0000] {dag.py:3722} INFO - Setting next_dagrun for DAG_write_to_bigQuery to 2023-12-04T17:24:58.549574+00:00, run_after=2023-12-04T17:25:18.549574+00:00
[2023-12-04T17:25:03.411+0000] {processor.py:179} INFO - Processing /opt/airflow/dags/write.py took 0.057 seconds
[2023-12-04T17:25:34.042+0000] {processor.py:157} INFO - Started process (PID=1018) to work on /opt/airflow/dags/write.py
[2023-12-04T17:25:34.047+0000] {processor.py:829} INFO - Processing file /opt/airflow/dags/write.py for tasks to queue
[2023-12-04T17:25:34.048+0000] {logging_mixin.py:154} INFO - [2023-12-04T17:25:34.048+0000] {dagbag.py:536} INFO - Filling up the DagBag from /opt/airflow/dags/write.py
[2023-12-04T17:25:34.053+0000] {processor.py:839} INFO - DAG(s) dict_keys(['DAG_write_to_bigQuery']) retrieved from /opt/airflow/dags/write.py
[2023-12-04T17:25:34.069+0000] {logging_mixin.py:154} INFO - [2023-12-04T17:25:34.069+0000] {dag.py:2941} INFO - Sync 1 DAGs
[2023-12-04T17:25:34.170+0000] {logging_mixin.py:154} INFO - [2023-12-04T17:25:34.170+0000] {dag.py:3722} INFO - Setting next_dagrun for DAG_write_to_bigQuery to 2023-12-04T17:25:18.549574+00:00, run_after=2023-12-04T17:25:38.549574+00:00
[2023-12-04T17:25:34.186+0000] {processor.py:179} INFO - Processing /opt/airflow/dags/write.py took 0.146 seconds
[2023-12-04T17:26:04.297+0000] {processor.py:157} INFO - Started process (PID=1078) to work on /opt/airflow/dags/write.py
[2023-12-04T17:26:04.303+0000] {processor.py:829} INFO - Processing file /opt/airflow/dags/write.py for tasks to queue
[2023-12-04T17:26:04.304+0000] {logging_mixin.py:154} INFO - [2023-12-04T17:26:04.304+0000] {dagbag.py:536} INFO - Filling up the DagBag from /opt/airflow/dags/write.py
[2023-12-04T17:26:04.309+0000] {processor.py:839} INFO - DAG(s) dict_keys(['DAG_write_to_bigQuery']) retrieved from /opt/airflow/dags/write.py
[2023-12-04T17:26:04.324+0000] {logging_mixin.py:154} INFO - [2023-12-04T17:26:04.324+0000] {dag.py:2941} INFO - Sync 1 DAGs
[2023-12-04T17:26:04.432+0000] {logging_mixin.py:154} INFO - [2023-12-04T17:26:04.432+0000] {dag.py:3722} INFO - Setting next_dagrun for DAG_write_to_bigQuery to 2023-12-04T17:25:58.549574+00:00, run_after=2023-12-04T17:26:18.549574+00:00
[2023-12-04T17:26:04.446+0000] {processor.py:179} INFO - Processing /opt/airflow/dags/write.py took 0.151 seconds
[2023-12-04T17:26:34.822+0000] {processor.py:157} INFO - Started process (PID=1134) to work on /opt/airflow/dags/write.py
[2023-12-04T17:26:34.824+0000] {processor.py:829} INFO - Processing file /opt/airflow/dags/write.py for tasks to queue
[2023-12-04T17:26:34.825+0000] {logging_mixin.py:154} INFO - [2023-12-04T17:26:34.825+0000] {dagbag.py:536} INFO - Filling up the DagBag from /opt/airflow/dags/write.py
[2023-12-04T17:26:34.831+0000] {processor.py:839} INFO - DAG(s) dict_keys(['DAG_write_to_bigQuery']) retrieved from /opt/airflow/dags/write.py
[2023-12-04T17:26:34.849+0000] {logging_mixin.py:154} INFO - [2023-12-04T17:26:34.849+0000] {dag.py:2941} INFO - Sync 1 DAGs
[2023-12-04T17:26:34.871+0000] {logging_mixin.py:154} INFO - [2023-12-04T17:26:34.871+0000] {dag.py:3722} INFO - Setting next_dagrun for DAG_write_to_bigQuery to 2023-12-04T17:26:18.549574+00:00, run_after=2023-12-04T17:26:38.549574+00:00
[2023-12-04T17:26:34.889+0000] {processor.py:179} INFO - Processing /opt/airflow/dags/write.py took 0.069 seconds
[2023-12-04T17:27:04.930+0000] {processor.py:157} INFO - Started process (PID=1190) to work on /opt/airflow/dags/write.py
[2023-12-04T17:27:04.936+0000] {processor.py:829} INFO - Processing file /opt/airflow/dags/write.py for tasks to queue
[2023-12-04T17:27:04.937+0000] {logging_mixin.py:154} INFO - [2023-12-04T17:27:04.937+0000] {dagbag.py:536} INFO - Filling up the DagBag from /opt/airflow/dags/write.py
[2023-12-04T17:27:04.944+0000] {processor.py:839} INFO - DAG(s) dict_keys(['DAG_write_to_bigQuery']) retrieved from /opt/airflow/dags/write.py
[2023-12-04T17:27:04.968+0000] {logging_mixin.py:154} INFO - [2023-12-04T17:27:04.968+0000] {dag.py:2941} INFO - Sync 1 DAGs
[2023-12-04T17:27:04.996+0000] {logging_mixin.py:154} INFO - [2023-12-04T17:27:04.996+0000] {dag.py:3722} INFO - Setting next_dagrun for DAG_write_to_bigQuery to 2023-12-04T17:26:58.549574+00:00, run_after=2023-12-04T17:27:18.549574+00:00
[2023-12-04T17:27:05.015+0000] {processor.py:179} INFO - Processing /opt/airflow/dags/write.py took 0.086 seconds
[2023-12-04T17:27:35.071+0000] {processor.py:157} INFO - Started process (PID=1246) to work on /opt/airflow/dags/write.py
[2023-12-04T17:27:35.076+0000] {processor.py:829} INFO - Processing file /opt/airflow/dags/write.py for tasks to queue
[2023-12-04T17:27:35.078+0000] {logging_mixin.py:154} INFO - [2023-12-04T17:27:35.077+0000] {dagbag.py:536} INFO - Filling up the DagBag from /opt/airflow/dags/write.py
[2023-12-04T17:27:35.082+0000] {processor.py:839} INFO - DAG(s) dict_keys(['DAG_write_to_bigQuery']) retrieved from /opt/airflow/dags/write.py
[2023-12-04T17:27:35.096+0000] {logging_mixin.py:154} INFO - [2023-12-04T17:27:35.096+0000] {dag.py:2941} INFO - Sync 1 DAGs
[2023-12-04T17:27:35.204+0000] {logging_mixin.py:154} INFO - [2023-12-04T17:27:35.204+0000] {dag.py:3722} INFO - Setting next_dagrun for DAG_write_to_bigQuery to 2023-12-04T17:27:18.549574+00:00, run_after=2023-12-04T17:27:38.549574+00:00
[2023-12-04T17:27:35.215+0000] {processor.py:179} INFO - Processing /opt/airflow/dags/write.py took 0.146 seconds
[2023-12-04T17:28:05.258+0000] {processor.py:157} INFO - Started process (PID=1302) to work on /opt/airflow/dags/write.py
[2023-12-04T17:28:05.264+0000] {processor.py:829} INFO - Processing file /opt/airflow/dags/write.py for tasks to queue
[2023-12-04T17:28:05.265+0000] {logging_mixin.py:154} INFO - [2023-12-04T17:28:05.265+0000] {dagbag.py:536} INFO - Filling up the DagBag from /opt/airflow/dags/write.py
[2023-12-04T17:28:05.271+0000] {processor.py:839} INFO - DAG(s) dict_keys(['DAG_write_to_bigQuery']) retrieved from /opt/airflow/dags/write.py
[2023-12-04T17:28:05.288+0000] {logging_mixin.py:154} INFO - [2023-12-04T17:28:05.288+0000] {dag.py:2941} INFO - Sync 1 DAGs
[2023-12-04T17:28:05.403+0000] {logging_mixin.py:154} INFO - [2023-12-04T17:28:05.403+0000] {dag.py:3722} INFO - Setting next_dagrun for DAG_write_to_bigQuery to 2023-12-04T17:27:58.549574+00:00, run_after=2023-12-04T17:28:18.549574+00:00
[2023-12-04T17:28:05.424+0000] {processor.py:179} INFO - Processing /opt/airflow/dags/write.py took 0.168 seconds
[2023-12-04T17:28:35.653+0000] {processor.py:157} INFO - Started process (PID=1358) to work on /opt/airflow/dags/write.py
[2023-12-04T17:28:35.653+0000] {processor.py:829} INFO - Processing file /opt/airflow/dags/write.py for tasks to queue
[2023-12-04T17:28:35.654+0000] {logging_mixin.py:154} INFO - [2023-12-04T17:28:35.654+0000] {dagbag.py:536} INFO - Filling up the DagBag from /opt/airflow/dags/write.py
[2023-12-04T17:28:35.660+0000] {processor.py:839} INFO - DAG(s) dict_keys(['DAG_write_to_bigQuery']) retrieved from /opt/airflow/dags/write.py
[2023-12-04T17:28:35.675+0000] {logging_mixin.py:154} INFO - [2023-12-04T17:28:35.675+0000] {dag.py:2941} INFO - Sync 1 DAGs
[2023-12-04T17:28:35.693+0000] {logging_mixin.py:154} INFO - [2023-12-04T17:28:35.693+0000] {dag.py:3722} INFO - Setting next_dagrun for DAG_write_to_bigQuery to 2023-12-04T17:28:18.549574+00:00, run_after=2023-12-04T17:28:38.549574+00:00
[2023-12-04T17:28:35.707+0000] {processor.py:179} INFO - Processing /opt/airflow/dags/write.py took 0.056 seconds
[2023-12-04T17:29:06.594+0000] {processor.py:157} INFO - Started process (PID=1418) to work on /opt/airflow/dags/write.py
[2023-12-04T17:29:06.599+0000] {processor.py:829} INFO - Processing file /opt/airflow/dags/write.py for tasks to queue
[2023-12-04T17:29:06.601+0000] {logging_mixin.py:154} INFO - [2023-12-04T17:29:06.600+0000] {dagbag.py:536} INFO - Filling up the DagBag from /opt/airflow/dags/write.py
[2023-12-04T17:29:06.685+0000] {processor.py:839} INFO - DAG(s) dict_keys(['DAG_write_to_bigQuery']) retrieved from /opt/airflow/dags/write.py
[2023-12-04T17:29:06.696+0000] {logging_mixin.py:154} INFO - [2023-12-04T17:29:06.695+0000] {dag.py:2941} INFO - Sync 1 DAGs
[2023-12-04T17:29:06.707+0000] {logging_mixin.py:154} INFO - [2023-12-04T17:29:06.707+0000] {dag.py:3722} INFO - Setting next_dagrun for DAG_write_to_bigQuery to 2023-12-04T17:28:58.549574+00:00, run_after=2023-12-04T17:29:18.549574+00:00
[2023-12-04T17:29:06.718+0000] {processor.py:179} INFO - Processing /opt/airflow/dags/write.py took 0.126 seconds
[2023-12-04T17:29:37.264+0000] {processor.py:157} INFO - Started process (PID=1474) to work on /opt/airflow/dags/write.py
[2023-12-04T17:29:37.270+0000] {processor.py:829} INFO - Processing file /opt/airflow/dags/write.py for tasks to queue
[2023-12-04T17:29:37.272+0000] {logging_mixin.py:154} INFO - [2023-12-04T17:29:37.272+0000] {dagbag.py:536} INFO - Filling up the DagBag from /opt/airflow/dags/write.py
[2023-12-04T17:29:37.277+0000] {processor.py:839} INFO - DAG(s) dict_keys(['DAG_write_to_bigQuery']) retrieved from /opt/airflow/dags/write.py
[2023-12-04T17:29:37.298+0000] {logging_mixin.py:154} INFO - [2023-12-04T17:29:37.297+0000] {dag.py:2941} INFO - Sync 1 DAGs
[2023-12-04T17:29:37.314+0000] {logging_mixin.py:154} INFO - [2023-12-04T17:29:37.314+0000] {dag.py:3722} INFO - Setting next_dagrun for DAG_write_to_bigQuery to 2023-12-04T17:29:18.549574+00:00, run_after=2023-12-04T17:29:38.549574+00:00
[2023-12-04T17:29:37.326+0000] {processor.py:179} INFO - Processing /opt/airflow/dags/write.py took 0.064 seconds
[2023-12-04T17:30:08.010+0000] {processor.py:157} INFO - Started process (PID=1534) to work on /opt/airflow/dags/write.py
[2023-12-04T17:30:08.016+0000] {processor.py:829} INFO - Processing file /opt/airflow/dags/write.py for tasks to queue
[2023-12-04T17:30:08.020+0000] {logging_mixin.py:154} INFO - [2023-12-04T17:30:08.019+0000] {dagbag.py:536} INFO - Filling up the DagBag from /opt/airflow/dags/write.py
[2023-12-04T17:30:08.035+0000] {processor.py:839} INFO - DAG(s) dict_keys(['DAG_write_to_bigQuery']) retrieved from /opt/airflow/dags/write.py
[2023-12-04T17:30:08.068+0000] {logging_mixin.py:154} INFO - [2023-12-04T17:30:08.067+0000] {dag.py:2941} INFO - Sync 1 DAGs
[2023-12-04T17:30:08.103+0000] {logging_mixin.py:154} INFO - [2023-12-04T17:30:08.103+0000] {dag.py:3722} INFO - Setting next_dagrun for DAG_write_to_bigQuery to 2023-12-04T17:29:58.549574+00:00, run_after=2023-12-04T17:30:18.549574+00:00
[2023-12-04T17:30:08.123+0000] {processor.py:179} INFO - Processing /opt/airflow/dags/write.py took 0.118 seconds
[2023-12-04T17:30:38.578+0000] {processor.py:157} INFO - Started process (PID=1590) to work on /opt/airflow/dags/write.py
[2023-12-04T17:30:38.579+0000] {processor.py:829} INFO - Processing file /opt/airflow/dags/write.py for tasks to queue
[2023-12-04T17:30:38.582+0000] {logging_mixin.py:154} INFO - [2023-12-04T17:30:38.581+0000] {dagbag.py:536} INFO - Filling up the DagBag from /opt/airflow/dags/write.py
[2023-12-04T17:30:38.590+0000] {processor.py:839} INFO - DAG(s) dict_keys(['DAG_write_to_bigQuery']) retrieved from /opt/airflow/dags/write.py
[2023-12-04T17:30:38.613+0000] {logging_mixin.py:154} INFO - [2023-12-04T17:30:38.612+0000] {dag.py:2941} INFO - Sync 1 DAGs
[2023-12-04T17:30:38.636+0000] {logging_mixin.py:154} INFO - [2023-12-04T17:30:38.636+0000] {dag.py:3722} INFO - Setting next_dagrun for DAG_write_to_bigQuery to 2023-12-04T17:30:18.636098+00:00, run_after=2023-12-04T17:30:38.636098+00:00
[2023-12-04T17:30:38.659+0000] {processor.py:179} INFO - Processing /opt/airflow/dags/write.py took 0.084 seconds
[2023-12-04T17:31:09.083+0000] {processor.py:157} INFO - Started process (PID=1646) to work on /opt/airflow/dags/write.py
[2023-12-04T17:31:09.089+0000] {processor.py:829} INFO - Processing file /opt/airflow/dags/write.py for tasks to queue
[2023-12-04T17:31:09.091+0000] {logging_mixin.py:154} INFO - [2023-12-04T17:31:09.091+0000] {dagbag.py:536} INFO - Filling up the DagBag from /opt/airflow/dags/write.py
[2023-12-04T17:31:09.100+0000] {processor.py:839} INFO - DAG(s) dict_keys(['DAG_write_to_bigQuery']) retrieved from /opt/airflow/dags/write.py
[2023-12-04T17:31:09.120+0000] {logging_mixin.py:154} INFO - [2023-12-04T17:31:09.120+0000] {dag.py:2941} INFO - Sync 1 DAGs
[2023-12-04T17:31:09.137+0000] {logging_mixin.py:154} INFO - [2023-12-04T17:31:09.137+0000] {dag.py:3722} INFO - Setting next_dagrun for DAG_write_to_bigQuery to 2023-12-04T17:30:58.636098+00:00, run_after=2023-12-04T17:31:18.636098+00:00
[2023-12-04T17:31:09.152+0000] {processor.py:179} INFO - Processing /opt/airflow/dags/write.py took 0.073 seconds
[2023-12-04T17:31:39.715+0000] {processor.py:157} INFO - Started process (PID=1702) to work on /opt/airflow/dags/write.py
[2023-12-04T17:31:39.721+0000] {processor.py:829} INFO - Processing file /opt/airflow/dags/write.py for tasks to queue
[2023-12-04T17:31:39.724+0000] {logging_mixin.py:154} INFO - [2023-12-04T17:31:39.724+0000] {dagbag.py:536} INFO - Filling up the DagBag from /opt/airflow/dags/write.py
[2023-12-04T17:31:39.732+0000] {processor.py:839} INFO - DAG(s) dict_keys(['DAG_write_to_bigQuery']) retrieved from /opt/airflow/dags/write.py
[2023-12-04T17:31:39.751+0000] {logging_mixin.py:154} INFO - [2023-12-04T17:31:39.751+0000] {dag.py:2941} INFO - Sync 1 DAGs
[2023-12-04T17:31:39.773+0000] {logging_mixin.py:154} INFO - [2023-12-04T17:31:39.773+0000] {dag.py:3722} INFO - Setting next_dagrun for DAG_write_to_bigQuery to 2023-12-04T17:31:38.636098+00:00, run_after=2023-12-04T17:31:58.636098+00:00
[2023-12-04T17:31:39.794+0000] {processor.py:179} INFO - Processing /opt/airflow/dags/write.py took 0.081 seconds
[2023-12-04T17:32:10.426+0000] {processor.py:157} INFO - Started process (PID=1758) to work on /opt/airflow/dags/write.py
[2023-12-04T17:32:10.432+0000] {processor.py:829} INFO - Processing file /opt/airflow/dags/write.py for tasks to queue
[2023-12-04T17:32:10.434+0000] {logging_mixin.py:154} INFO - [2023-12-04T17:32:10.433+0000] {dagbag.py:536} INFO - Filling up the DagBag from /opt/airflow/dags/write.py
[2023-12-04T17:32:10.440+0000] {processor.py:839} INFO - DAG(s) dict_keys(['DAG_write_to_bigQuery']) retrieved from /opt/airflow/dags/write.py
[2023-12-04T17:32:10.458+0000] {logging_mixin.py:154} INFO - [2023-12-04T17:32:10.457+0000] {dag.py:2941} INFO - Sync 1 DAGs
[2023-12-04T17:32:10.476+0000] {logging_mixin.py:154} INFO - [2023-12-04T17:32:10.476+0000] {dag.py:3722} INFO - Setting next_dagrun for DAG_write_to_bigQuery to 2023-12-04T17:31:58.636098+00:00, run_after=2023-12-04T17:32:18.636098+00:00
[2023-12-04T17:32:10.493+0000] {processor.py:179} INFO - Processing /opt/airflow/dags/write.py took 0.069 seconds
[2023-12-04T17:32:40.682+0000] {processor.py:157} INFO - Started process (PID=1818) to work on /opt/airflow/dags/write.py
[2023-12-04T17:32:40.688+0000] {processor.py:829} INFO - Processing file /opt/airflow/dags/write.py for tasks to queue
[2023-12-04T17:32:40.690+0000] {logging_mixin.py:154} INFO - [2023-12-04T17:32:40.690+0000] {dagbag.py:536} INFO - Filling up the DagBag from /opt/airflow/dags/write.py
[2023-12-04T17:32:40.700+0000] {processor.py:839} INFO - DAG(s) dict_keys(['DAG_write_to_bigQuery']) retrieved from /opt/airflow/dags/write.py
[2023-12-04T17:32:40.725+0000] {logging_mixin.py:154} INFO - [2023-12-04T17:32:40.724+0000] {dag.py:2941} INFO - Sync 1 DAGs
[2023-12-04T17:32:40.750+0000] {logging_mixin.py:154} INFO - [2023-12-04T17:32:40.749+0000] {dag.py:3722} INFO - Setting next_dagrun for DAG_write_to_bigQuery to 2023-12-04T17:32:38.636098+00:00, run_after=2023-12-04T17:32:58.636098+00:00
[2023-12-04T17:32:40.772+0000] {processor.py:179} INFO - Processing /opt/airflow/dags/write.py took 0.094 seconds
[2023-12-04T17:33:11.198+0000] {processor.py:157} INFO - Started process (PID=1874) to work on /opt/airflow/dags/write.py
[2023-12-04T17:33:11.211+0000] {processor.py:829} INFO - Processing file /opt/airflow/dags/write.py for tasks to queue
[2023-12-04T17:33:11.214+0000] {logging_mixin.py:154} INFO - [2023-12-04T17:33:11.213+0000] {dagbag.py:536} INFO - Filling up the DagBag from /opt/airflow/dags/write.py
[2023-12-04T17:33:11.221+0000] {processor.py:839} INFO - DAG(s) dict_keys(['DAG_write_to_bigQuery']) retrieved from /opt/airflow/dags/write.py
[2023-12-04T17:33:11.236+0000] {logging_mixin.py:154} INFO - [2023-12-04T17:33:11.236+0000] {dag.py:2941} INFO - Sync 1 DAGs
[2023-12-04T17:33:11.252+0000] {logging_mixin.py:154} INFO - [2023-12-04T17:33:11.252+0000] {dag.py:3722} INFO - Setting next_dagrun for DAG_write_to_bigQuery to 2023-12-04T17:32:58.636098+00:00, run_after=2023-12-04T17:33:18.636098+00:00
[2023-12-04T17:33:11.267+0000] {processor.py:179} INFO - Processing /opt/airflow/dags/write.py took 0.071 seconds
[2023-12-04T17:33:41.437+0000] {processor.py:157} INFO - Started process (PID=1930) to work on /opt/airflow/dags/write.py
[2023-12-04T17:33:41.438+0000] {processor.py:829} INFO - Processing file /opt/airflow/dags/write.py for tasks to queue
[2023-12-04T17:33:41.440+0000] {logging_mixin.py:154} INFO - [2023-12-04T17:33:41.439+0000] {dagbag.py:536} INFO - Filling up the DagBag from /opt/airflow/dags/write.py
[2023-12-04T17:33:41.449+0000] {processor.py:839} INFO - DAG(s) dict_keys(['DAG_write_to_bigQuery']) retrieved from /opt/airflow/dags/write.py
[2023-12-04T17:33:41.476+0000] {logging_mixin.py:154} INFO - [2023-12-04T17:33:41.475+0000] {dag.py:2941} INFO - Sync 1 DAGs
[2023-12-04T17:33:41.505+0000] {logging_mixin.py:154} INFO - [2023-12-04T17:33:41.505+0000] {dag.py:3722} INFO - Setting next_dagrun for DAG_write_to_bigQuery to 2023-12-04T17:33:38.636098+00:00, run_after=2023-12-04T17:33:58.636098+00:00
[2023-12-04T17:33:41.527+0000] {processor.py:179} INFO - Processing /opt/airflow/dags/write.py took 0.094 seconds
[2023-12-04T17:34:12.158+0000] {processor.py:157} INFO - Started process (PID=1994) to work on /opt/airflow/dags/write.py
[2023-12-04T17:34:12.164+0000] {processor.py:829} INFO - Processing file /opt/airflow/dags/write.py for tasks to queue
[2023-12-04T17:34:12.166+0000] {logging_mixin.py:154} INFO - [2023-12-04T17:34:12.166+0000] {dagbag.py:536} INFO - Filling up the DagBag from /opt/airflow/dags/write.py
[2023-12-04T17:34:12.173+0000] {processor.py:839} INFO - DAG(s) dict_keys(['DAG_write_to_bigQuery']) retrieved from /opt/airflow/dags/write.py
[2023-12-04T17:34:12.188+0000] {logging_mixin.py:154} INFO - [2023-12-04T17:34:12.188+0000] {dag.py:2941} INFO - Sync 1 DAGs
[2023-12-04T17:34:12.203+0000] {logging_mixin.py:154} INFO - [2023-12-04T17:34:12.202+0000] {dag.py:3722} INFO - Setting next_dagrun for DAG_write_to_bigQuery to 2023-12-04T17:33:58.636098+00:00, run_after=2023-12-04T17:34:18.636098+00:00
[2023-12-04T17:34:12.214+0000] {processor.py:179} INFO - Processing /opt/airflow/dags/write.py took 0.058 seconds
[2023-12-04T17:34:43.197+0000] {processor.py:157} INFO - Started process (PID=2054) to work on /opt/airflow/dags/write.py
[2023-12-04T17:34:43.203+0000] {processor.py:829} INFO - Processing file /opt/airflow/dags/write.py for tasks to queue
[2023-12-04T17:34:43.205+0000] {logging_mixin.py:154} INFO - [2023-12-04T17:34:43.205+0000] {dagbag.py:536} INFO - Filling up the DagBag from /opt/airflow/dags/write.py
[2023-12-04T17:34:43.213+0000] {processor.py:839} INFO - DAG(s) dict_keys(['DAG_write_to_bigQuery']) retrieved from /opt/airflow/dags/write.py
[2023-12-04T17:34:43.231+0000] {logging_mixin.py:154} INFO - [2023-12-04T17:34:43.231+0000] {dag.py:2941} INFO - Sync 1 DAGs
[2023-12-04T17:34:43.251+0000] {logging_mixin.py:154} INFO - [2023-12-04T17:34:43.251+0000] {dag.py:3722} INFO - Setting next_dagrun for DAG_write_to_bigQuery to 2023-12-04T17:34:38.636098+00:00, run_after=2023-12-04T17:34:58.636098+00:00
[2023-12-04T17:34:43.267+0000] {processor.py:179} INFO - Processing /opt/airflow/dags/write.py took 0.072 seconds
[2023-12-04T17:35:13.630+0000] {processor.py:157} INFO - Started process (PID=2110) to work on /opt/airflow/dags/write.py
[2023-12-04T17:35:13.631+0000] {processor.py:829} INFO - Processing file /opt/airflow/dags/write.py for tasks to queue
[2023-12-04T17:35:13.633+0000] {logging_mixin.py:154} INFO - [2023-12-04T17:35:13.633+0000] {dagbag.py:536} INFO - Filling up the DagBag from /opt/airflow/dags/write.py
[2023-12-04T17:35:13.641+0000] {processor.py:839} INFO - DAG(s) dict_keys(['DAG_write_to_bigQuery']) retrieved from /opt/airflow/dags/write.py
[2023-12-04T17:35:13.658+0000] {logging_mixin.py:154} INFO - [2023-12-04T17:35:13.658+0000] {dag.py:2941} INFO - Sync 1 DAGs
[2023-12-04T17:35:13.675+0000] {logging_mixin.py:154} INFO - [2023-12-04T17:35:13.675+0000] {dag.py:3722} INFO - Setting next_dagrun for DAG_write_to_bigQuery to 2023-12-04T17:34:58.636098+00:00, run_after=2023-12-04T17:35:18.636098+00:00
[2023-12-04T17:35:13.690+0000] {processor.py:179} INFO - Processing /opt/airflow/dags/write.py took 0.063 seconds
[2023-12-04T17:35:44.393+0000] {processor.py:157} INFO - Started process (PID=2166) to work on /opt/airflow/dags/write.py
[2023-12-04T17:35:44.399+0000] {processor.py:829} INFO - Processing file /opt/airflow/dags/write.py for tasks to queue
[2023-12-04T17:35:44.401+0000] {logging_mixin.py:154} INFO - [2023-12-04T17:35:44.401+0000] {dagbag.py:536} INFO - Filling up the DagBag from /opt/airflow/dags/write.py
[2023-12-04T17:35:44.408+0000] {processor.py:839} INFO - DAG(s) dict_keys(['DAG_write_to_bigQuery']) retrieved from /opt/airflow/dags/write.py
[2023-12-04T17:35:44.430+0000] {logging_mixin.py:154} INFO - [2023-12-04T17:35:44.429+0000] {dag.py:2941} INFO - Sync 1 DAGs
[2023-12-04T17:35:44.451+0000] {logging_mixin.py:154} INFO - [2023-12-04T17:35:44.451+0000] {dag.py:3722} INFO - Setting next_dagrun for DAG_write_to_bigQuery to 2023-12-04T17:35:38.636098+00:00, run_after=2023-12-04T17:35:58.636098+00:00
[2023-12-04T17:35:44.473+0000] {processor.py:179} INFO - Processing /opt/airflow/dags/write.py took 0.083 seconds
[2023-12-04T17:36:15.451+0000] {processor.py:157} INFO - Started process (PID=2226) to work on /opt/airflow/dags/write.py
[2023-12-04T17:36:15.452+0000] {processor.py:829} INFO - Processing file /opt/airflow/dags/write.py for tasks to queue
[2023-12-04T17:36:15.453+0000] {logging_mixin.py:154} INFO - [2023-12-04T17:36:15.453+0000] {dagbag.py:536} INFO - Filling up the DagBag from /opt/airflow/dags/write.py
[2023-12-04T17:36:15.461+0000] {processor.py:839} INFO - DAG(s) dict_keys(['DAG_write_to_bigQuery']) retrieved from /opt/airflow/dags/write.py
[2023-12-04T17:36:15.477+0000] {logging_mixin.py:154} INFO - [2023-12-04T17:36:15.476+0000] {dag.py:2941} INFO - Sync 1 DAGs
[2023-12-04T17:36:15.495+0000] {logging_mixin.py:154} INFO - [2023-12-04T17:36:15.495+0000] {dag.py:3722} INFO - Setting next_dagrun for DAG_write_to_bigQuery to 2023-12-04T17:35:58.636098+00:00, run_after=2023-12-04T17:36:18.636098+00:00
[2023-12-04T17:36:15.508+0000] {processor.py:179} INFO - Processing /opt/airflow/dags/write.py took 0.060 seconds
[2023-12-04T17:36:46.452+0000] {processor.py:157} INFO - Started process (PID=2282) to work on /opt/airflow/dags/write.py
[2023-12-04T17:36:46.453+0000] {processor.py:829} INFO - Processing file /opt/airflow/dags/write.py for tasks to queue
[2023-12-04T17:36:46.456+0000] {logging_mixin.py:154} INFO - [2023-12-04T17:36:46.455+0000] {dagbag.py:536} INFO - Filling up the DagBag from /opt/airflow/dags/write.py
[2023-12-04T17:36:46.463+0000] {processor.py:839} INFO - DAG(s) dict_keys(['DAG_write_to_bigQuery']) retrieved from /opt/airflow/dags/write.py
[2023-12-04T17:36:46.489+0000] {logging_mixin.py:154} INFO - [2023-12-04T17:36:46.489+0000] {dag.py:2941} INFO - Sync 1 DAGs
[2023-12-04T17:36:46.516+0000] {logging_mixin.py:154} INFO - [2023-12-04T17:36:46.515+0000] {dag.py:3722} INFO - Setting next_dagrun for DAG_write_to_bigQuery to 2023-12-04T17:36:41.687666+00:00, run_after=2023-12-04T17:37:01.687666+00:00
[2023-12-04T17:36:46.544+0000] {processor.py:179} INFO - Processing /opt/airflow/dags/write.py took 0.095 seconds
[2023-12-04T17:37:16.950+0000] {processor.py:157} INFO - Started process (PID=2338) to work on /opt/airflow/dags/write.py
[2023-12-04T17:37:16.950+0000] {processor.py:829} INFO - Processing file /opt/airflow/dags/write.py for tasks to queue
[2023-12-04T17:37:16.953+0000] {logging_mixin.py:154} INFO - [2023-12-04T17:37:16.952+0000] {dagbag.py:536} INFO - Filling up the DagBag from /opt/airflow/dags/write.py
[2023-12-04T17:37:16.961+0000] {processor.py:839} INFO - DAG(s) dict_keys(['DAG_write_to_bigQuery']) retrieved from /opt/airflow/dags/write.py
[2023-12-04T17:37:16.981+0000] {logging_mixin.py:154} INFO - [2023-12-04T17:37:16.981+0000] {dag.py:2941} INFO - Sync 1 DAGs
[2023-12-04T17:37:16.999+0000] {logging_mixin.py:154} INFO - [2023-12-04T17:37:16.999+0000] {dag.py:3722} INFO - Setting next_dagrun for DAG_write_to_bigQuery to 2023-12-04T17:37:01.687666+00:00, run_after=2023-12-04T17:37:21.687666+00:00
[2023-12-04T17:37:17.015+0000] {processor.py:179} INFO - Processing /opt/airflow/dags/write.py took 0.067 seconds
[2023-12-04T17:37:47.106+0000] {processor.py:157} INFO - Started process (PID=2394) to work on /opt/airflow/dags/write.py
[2023-12-04T17:37:47.112+0000] {processor.py:829} INFO - Processing file /opt/airflow/dags/write.py for tasks to queue
[2023-12-04T17:37:47.113+0000] {logging_mixin.py:154} INFO - [2023-12-04T17:37:47.113+0000] {dagbag.py:536} INFO - Filling up the DagBag from /opt/airflow/dags/write.py
[2023-12-04T17:37:47.122+0000] {processor.py:839} INFO - DAG(s) dict_keys(['DAG_write_to_bigQuery']) retrieved from /opt/airflow/dags/write.py
[2023-12-04T17:37:47.140+0000] {logging_mixin.py:154} INFO - [2023-12-04T17:37:47.140+0000] {dag.py:2941} INFO - Sync 1 DAGs
[2023-12-04T17:37:47.157+0000] {logging_mixin.py:154} INFO - [2023-12-04T17:37:47.157+0000] {dag.py:3722} INFO - Setting next_dagrun for DAG_write_to_bigQuery to 2023-12-04T17:37:41.687666+00:00, run_after=2023-12-04T17:38:01.687666+00:00
[2023-12-04T17:37:47.176+0000] {processor.py:179} INFO - Processing /opt/airflow/dags/write.py took 0.072 seconds
[2023-12-04T17:38:17.291+0000] {processor.py:157} INFO - Started process (PID=2450) to work on /opt/airflow/dags/write.py
[2023-12-04T17:38:17.297+0000] {processor.py:829} INFO - Processing file /opt/airflow/dags/write.py for tasks to queue
[2023-12-04T17:38:17.299+0000] {logging_mixin.py:154} INFO - [2023-12-04T17:38:17.299+0000] {dagbag.py:536} INFO - Filling up the DagBag from /opt/airflow/dags/write.py
[2023-12-04T17:38:17.305+0000] {processor.py:839} INFO - DAG(s) dict_keys(['DAG_write_to_bigQuery']) retrieved from /opt/airflow/dags/write.py
[2023-12-04T17:38:17.318+0000] {logging_mixin.py:154} INFO - [2023-12-04T17:38:17.318+0000] {dag.py:2941} INFO - Sync 1 DAGs
[2023-12-04T17:38:17.332+0000] {logging_mixin.py:154} INFO - [2023-12-04T17:38:17.332+0000] {dag.py:3722} INFO - Setting next_dagrun for DAG_write_to_bigQuery to 2023-12-04T17:38:01.687666+00:00, run_after=2023-12-04T17:38:21.687666+00:00
[2023-12-04T17:38:17.346+0000] {processor.py:179} INFO - Processing /opt/airflow/dags/write.py took 0.057 seconds
[2023-12-04T17:38:47.371+0000] {processor.py:157} INFO - Started process (PID=2506) to work on /opt/airflow/dags/write.py
[2023-12-04T17:38:47.372+0000] {processor.py:829} INFO - Processing file /opt/airflow/dags/write.py for tasks to queue
[2023-12-04T17:38:47.374+0000] {logging_mixin.py:154} INFO - [2023-12-04T17:38:47.373+0000] {dagbag.py:536} INFO - Filling up the DagBag from /opt/airflow/dags/write.py
[2023-12-04T17:38:47.381+0000] {processor.py:839} INFO - DAG(s) dict_keys(['DAG_write_to_bigQuery']) retrieved from /opt/airflow/dags/write.py
[2023-12-04T17:38:47.403+0000] {logging_mixin.py:154} INFO - [2023-12-04T17:38:47.403+0000] {dag.py:2941} INFO - Sync 1 DAGs
[2023-12-04T17:38:47.431+0000] {logging_mixin.py:154} INFO - [2023-12-04T17:38:47.431+0000] {dag.py:3722} INFO - Setting next_dagrun for DAG_write_to_bigQuery to 2023-12-04T17:38:41.687666+00:00, run_after=2023-12-04T17:39:01.687666+00:00
[2023-12-04T17:38:47.456+0000] {processor.py:179} INFO - Processing /opt/airflow/dags/write.py took 0.089 seconds
[2023-12-04T17:39:17.884+0000] {processor.py:157} INFO - Started process (PID=2562) to work on /opt/airflow/dags/write.py
[2023-12-04T17:39:17.886+0000] {processor.py:829} INFO - Processing file /opt/airflow/dags/write.py for tasks to queue
[2023-12-04T17:39:17.888+0000] {logging_mixin.py:154} INFO - [2023-12-04T17:39:17.887+0000] {dagbag.py:536} INFO - Filling up the DagBag from /opt/airflow/dags/write.py
[2023-12-04T17:39:17.896+0000] {processor.py:839} INFO - DAG(s) dict_keys(['DAG_write_to_bigQuery']) retrieved from /opt/airflow/dags/write.py
[2023-12-04T17:39:17.916+0000] {logging_mixin.py:154} INFO - [2023-12-04T17:39:17.915+0000] {dag.py:2941} INFO - Sync 1 DAGs
[2023-12-04T17:39:17.936+0000] {logging_mixin.py:154} INFO - [2023-12-04T17:39:17.936+0000] {dag.py:3722} INFO - Setting next_dagrun for DAG_write_to_bigQuery to 2023-12-04T17:39:01.687666+00:00, run_after=2023-12-04T17:39:21.687666+00:00
[2023-12-04T17:39:17.956+0000] {processor.py:179} INFO - Processing /opt/airflow/dags/write.py took 0.074 seconds
[2023-12-04T17:39:48.737+0000] {processor.py:157} INFO - Started process (PID=2618) to work on /opt/airflow/dags/write.py
[2023-12-04T17:39:48.738+0000] {processor.py:829} INFO - Processing file /opt/airflow/dags/write.py for tasks to queue
[2023-12-04T17:39:48.740+0000] {logging_mixin.py:154} INFO - [2023-12-04T17:39:48.740+0000] {dagbag.py:536} INFO - Filling up the DagBag from /opt/airflow/dags/write.py
[2023-12-04T17:39:48.748+0000] {processor.py:839} INFO - DAG(s) dict_keys(['DAG_write_to_bigQuery']) retrieved from /opt/airflow/dags/write.py
[2023-12-04T17:39:48.769+0000] {logging_mixin.py:154} INFO - [2023-12-04T17:39:48.769+0000] {dag.py:2941} INFO - Sync 1 DAGs
[2023-12-04T17:39:48.793+0000] {logging_mixin.py:154} INFO - [2023-12-04T17:39:48.793+0000] {dag.py:3722} INFO - Setting next_dagrun for DAG_write_to_bigQuery to 2023-12-04T17:39:41.687666+00:00, run_after=2023-12-04T17:40:01.687666+00:00
[2023-12-04T17:39:48.815+0000] {processor.py:179} INFO - Processing /opt/airflow/dags/write.py took 0.081 seconds
[2023-12-04T17:40:19.257+0000] {processor.py:157} INFO - Started process (PID=2674) to work on /opt/airflow/dags/write.py
[2023-12-04T17:40:19.262+0000] {processor.py:829} INFO - Processing file /opt/airflow/dags/write.py for tasks to queue
[2023-12-04T17:40:19.264+0000] {logging_mixin.py:154} INFO - [2023-12-04T17:40:19.264+0000] {dagbag.py:536} INFO - Filling up the DagBag from /opt/airflow/dags/write.py
[2023-12-04T17:40:19.271+0000] {processor.py:839} INFO - DAG(s) dict_keys(['DAG_write_to_bigQuery']) retrieved from /opt/airflow/dags/write.py
[2023-12-04T17:40:19.291+0000] {logging_mixin.py:154} INFO - [2023-12-04T17:40:19.290+0000] {dag.py:2941} INFO - Sync 1 DAGs
[2023-12-04T17:40:19.312+0000] {logging_mixin.py:154} INFO - [2023-12-04T17:40:19.312+0000] {dag.py:3722} INFO - Setting next_dagrun for DAG_write_to_bigQuery to 2023-12-04T17:40:01.687666+00:00, run_after=2023-12-04T17:40:21.687666+00:00
[2023-12-04T17:40:19.327+0000] {processor.py:179} INFO - Processing /opt/airflow/dags/write.py took 0.073 seconds
[2023-12-04T17:40:49.754+0000] {processor.py:157} INFO - Started process (PID=2730) to work on /opt/airflow/dags/write.py
[2023-12-04T17:40:49.760+0000] {processor.py:829} INFO - Processing file /opt/airflow/dags/write.py for tasks to queue
[2023-12-04T17:40:49.762+0000] {logging_mixin.py:154} INFO - [2023-12-04T17:40:49.762+0000] {dagbag.py:536} INFO - Filling up the DagBag from /opt/airflow/dags/write.py
[2023-12-04T17:40:49.772+0000] {processor.py:839} INFO - DAG(s) dict_keys(['DAG_write_to_bigQuery']) retrieved from /opt/airflow/dags/write.py
[2023-12-04T17:40:49.795+0000] {logging_mixin.py:154} INFO - [2023-12-04T17:40:49.795+0000] {dag.py:2941} INFO - Sync 1 DAGs
[2023-12-04T17:40:49.819+0000] {logging_mixin.py:154} INFO - [2023-12-04T17:40:49.819+0000] {dag.py:3722} INFO - Setting next_dagrun for DAG_write_to_bigQuery to 2023-12-04T17:40:41.687666+00:00, run_after=2023-12-04T17:41:01.687666+00:00
[2023-12-04T17:40:49.836+0000] {processor.py:179} INFO - Processing /opt/airflow/dags/write.py took 0.085 seconds
[2023-12-04T17:41:20.250+0000] {processor.py:157} INFO - Started process (PID=2786) to work on /opt/airflow/dags/write.py
[2023-12-04T17:41:20.257+0000] {processor.py:829} INFO - Processing file /opt/airflow/dags/write.py for tasks to queue
[2023-12-04T17:41:20.259+0000] {logging_mixin.py:154} INFO - [2023-12-04T17:41:20.259+0000] {dagbag.py:536} INFO - Filling up the DagBag from /opt/airflow/dags/write.py
[2023-12-04T17:41:20.266+0000] {processor.py:839} INFO - DAG(s) dict_keys(['DAG_write_to_bigQuery']) retrieved from /opt/airflow/dags/write.py
[2023-12-04T17:41:20.285+0000] {logging_mixin.py:154} INFO - [2023-12-04T17:41:20.285+0000] {dag.py:2941} INFO - Sync 1 DAGs
[2023-12-04T17:41:20.306+0000] {logging_mixin.py:154} INFO - [2023-12-04T17:41:20.306+0000] {dag.py:3722} INFO - Setting next_dagrun for DAG_write_to_bigQuery to 2023-12-04T17:41:01.687666+00:00, run_after=2023-12-04T17:41:21.687666+00:00
[2023-12-04T17:41:20.323+0000] {processor.py:179} INFO - Processing /opt/airflow/dags/write.py took 0.076 seconds
[2023-12-04T17:41:50.903+0000] {processor.py:157} INFO - Started process (PID=2842) to work on /opt/airflow/dags/write.py
[2023-12-04T17:41:50.909+0000] {processor.py:829} INFO - Processing file /opt/airflow/dags/write.py for tasks to queue
[2023-12-04T17:41:50.912+0000] {logging_mixin.py:154} INFO - [2023-12-04T17:41:50.912+0000] {dagbag.py:536} INFO - Filling up the DagBag from /opt/airflow/dags/write.py
[2023-12-04T17:41:50.920+0000] {processor.py:839} INFO - DAG(s) dict_keys(['DAG_write_to_bigQuery']) retrieved from /opt/airflow/dags/write.py
[2023-12-04T17:41:50.942+0000] {logging_mixin.py:154} INFO - [2023-12-04T17:41:50.942+0000] {dag.py:2941} INFO - Sync 1 DAGs
[2023-12-04T17:41:50.967+0000] {logging_mixin.py:154} INFO - [2023-12-04T17:41:50.966+0000] {dag.py:3722} INFO - Setting next_dagrun for DAG_write_to_bigQuery to 2023-12-04T17:41:41.687666+00:00, run_after=2023-12-04T17:42:01.687666+00:00
[2023-12-04T17:41:50.991+0000] {processor.py:179} INFO - Processing /opt/airflow/dags/write.py took 0.091 seconds
[2023-12-04T17:42:21.463+0000] {processor.py:157} INFO - Started process (PID=2898) to work on /opt/airflow/dags/write.py
[2023-12-04T17:42:21.469+0000] {processor.py:829} INFO - Processing file /opt/airflow/dags/write.py for tasks to queue
[2023-12-04T17:42:21.470+0000] {logging_mixin.py:154} INFO - [2023-12-04T17:42:21.470+0000] {dagbag.py:536} INFO - Filling up the DagBag from /opt/airflow/dags/write.py
[2023-12-04T17:42:21.477+0000] {processor.py:839} INFO - DAG(s) dict_keys(['DAG_write_to_bigQuery']) retrieved from /opt/airflow/dags/write.py
[2023-12-04T17:42:21.496+0000] {logging_mixin.py:154} INFO - [2023-12-04T17:42:21.496+0000] {dag.py:2941} INFO - Sync 1 DAGs
[2023-12-04T17:42:21.516+0000] {logging_mixin.py:154} INFO - [2023-12-04T17:42:21.515+0000] {dag.py:3722} INFO - Setting next_dagrun for DAG_write_to_bigQuery to 2023-12-04T17:42:01.687666+00:00, run_after=2023-12-04T17:42:21.687666+00:00
[2023-12-04T17:42:21.535+0000] {processor.py:179} INFO - Processing /opt/airflow/dags/write.py took 0.075 seconds
[2023-12-04T17:42:52.240+0000] {processor.py:157} INFO - Started process (PID=2954) to work on /opt/airflow/dags/write.py
[2023-12-04T17:42:52.246+0000] {processor.py:829} INFO - Processing file /opt/airflow/dags/write.py for tasks to queue
[2023-12-04T17:42:52.248+0000] {logging_mixin.py:154} INFO - [2023-12-04T17:42:52.248+0000] {dagbag.py:536} INFO - Filling up the DagBag from /opt/airflow/dags/write.py
[2023-12-04T17:42:52.254+0000] {processor.py:839} INFO - DAG(s) dict_keys(['DAG_write_to_bigQuery']) retrieved from /opt/airflow/dags/write.py
[2023-12-04T17:42:52.271+0000] {logging_mixin.py:154} INFO - [2023-12-04T17:42:52.271+0000] {dag.py:2941} INFO - Sync 1 DAGs
[2023-12-04T17:42:52.291+0000] {logging_mixin.py:154} INFO - [2023-12-04T17:42:52.291+0000] {dag.py:3722} INFO - Setting next_dagrun for DAG_write_to_bigQuery to 2023-12-04T17:42:41.687666+00:00, run_after=2023-12-04T17:43:01.687666+00:00
[2023-12-04T17:42:52.307+0000] {processor.py:179} INFO - Processing /opt/airflow/dags/write.py took 0.070 seconds
[2023-12-04T17:43:22.645+0000] {processor.py:157} INFO - Started process (PID=3010) to work on /opt/airflow/dags/write.py
[2023-12-04T17:43:22.646+0000] {processor.py:829} INFO - Processing file /opt/airflow/dags/write.py for tasks to queue
[2023-12-04T17:43:22.648+0000] {logging_mixin.py:154} INFO - [2023-12-04T17:43:22.648+0000] {dagbag.py:536} INFO - Filling up the DagBag from /opt/airflow/dags/write.py
[2023-12-04T17:43:22.657+0000] {processor.py:839} INFO - DAG(s) dict_keys(['DAG_write_to_bigQuery']) retrieved from /opt/airflow/dags/write.py
[2023-12-04T17:43:22.681+0000] {logging_mixin.py:154} INFO - [2023-12-04T17:43:22.680+0000] {dag.py:2941} INFO - Sync 1 DAGs
[2023-12-04T17:43:22.712+0000] {logging_mixin.py:154} INFO - [2023-12-04T17:43:22.712+0000] {dag.py:3722} INFO - Setting next_dagrun for DAG_write_to_bigQuery to 2023-12-04T17:43:21.687666+00:00, run_after=2023-12-04T17:43:41.687666+00:00
[2023-12-04T17:43:22.737+0000] {processor.py:179} INFO - Processing /opt/airflow/dags/write.py took 0.096 seconds
[2023-12-04T17:43:52.959+0000] {processor.py:157} INFO - Started process (PID=3066) to work on /opt/airflow/dags/write.py
[2023-12-04T17:43:52.960+0000] {processor.py:829} INFO - Processing file /opt/airflow/dags/write.py for tasks to queue
[2023-12-04T17:43:52.962+0000] {logging_mixin.py:154} INFO - [2023-12-04T17:43:52.962+0000] {dagbag.py:536} INFO - Filling up the DagBag from /opt/airflow/dags/write.py
[2023-12-04T17:43:52.970+0000] {processor.py:839} INFO - DAG(s) dict_keys(['DAG_write_to_bigQuery']) retrieved from /opt/airflow/dags/write.py
[2023-12-04T17:43:52.993+0000] {logging_mixin.py:154} INFO - [2023-12-04T17:43:52.993+0000] {dag.py:2941} INFO - Sync 1 DAGs
[2023-12-04T17:43:53.017+0000] {logging_mixin.py:154} INFO - [2023-12-04T17:43:53.017+0000] {dag.py:3722} INFO - Setting next_dagrun for DAG_write_to_bigQuery to 2023-12-04T17:43:41.687666+00:00, run_after=2023-12-04T17:44:01.687666+00:00
[2023-12-04T17:43:53.038+0000] {processor.py:179} INFO - Processing /opt/airflow/dags/write.py took 0.081 seconds
[2023-12-04T17:44:23.642+0000] {processor.py:157} INFO - Started process (PID=3122) to work on /opt/airflow/dags/write.py
[2023-12-04T17:44:23.648+0000] {processor.py:829} INFO - Processing file /opt/airflow/dags/write.py for tasks to queue
[2023-12-04T17:44:23.650+0000] {logging_mixin.py:154} INFO - [2023-12-04T17:44:23.649+0000] {dagbag.py:536} INFO - Filling up the DagBag from /opt/airflow/dags/write.py
[2023-12-04T17:44:23.657+0000] {processor.py:839} INFO - DAG(s) dict_keys(['DAG_write_to_bigQuery']) retrieved from /opt/airflow/dags/write.py
[2023-12-04T17:44:23.676+0000] {logging_mixin.py:154} INFO - [2023-12-04T17:44:23.676+0000] {dag.py:2941} INFO - Sync 1 DAGs
[2023-12-04T17:44:23.701+0000] {logging_mixin.py:154} INFO - [2023-12-04T17:44:23.701+0000] {dag.py:3722} INFO - Setting next_dagrun for DAG_write_to_bigQuery to 2023-12-04T17:44:21.687666+00:00, run_after=2023-12-04T17:44:41.687666+00:00
[2023-12-04T17:44:23.721+0000] {processor.py:179} INFO - Processing /opt/airflow/dags/write.py took 0.081 seconds
[2023-12-04T17:44:54.421+0000] {processor.py:157} INFO - Started process (PID=3178) to work on /opt/airflow/dags/write.py
[2023-12-04T17:44:54.423+0000] {processor.py:829} INFO - Processing file /opt/airflow/dags/write.py for tasks to queue
[2023-12-04T17:44:54.425+0000] {logging_mixin.py:154} INFO - [2023-12-04T17:44:54.425+0000] {dagbag.py:536} INFO - Filling up the DagBag from /opt/airflow/dags/write.py
[2023-12-04T17:44:54.431+0000] {processor.py:839} INFO - DAG(s) dict_keys(['DAG_write_to_bigQuery']) retrieved from /opt/airflow/dags/write.py
[2023-12-04T17:44:54.448+0000] {logging_mixin.py:154} INFO - [2023-12-04T17:44:54.448+0000] {dag.py:2941} INFO - Sync 1 DAGs
[2023-12-04T17:44:54.465+0000] {logging_mixin.py:154} INFO - [2023-12-04T17:44:54.465+0000] {dag.py:3722} INFO - Setting next_dagrun for DAG_write_to_bigQuery to 2023-12-04T17:44:41.687666+00:00, run_after=2023-12-04T17:45:01.687666+00:00
[2023-12-04T17:44:54.483+0000] {processor.py:179} INFO - Processing /opt/airflow/dags/write.py took 0.066 seconds
[2023-12-04T17:45:01.563+0000] {processor.py:157} INFO - Started process (PID=3181) to work on /opt/airflow/dags/write.py
[2023-12-04T17:45:01.565+0000] {processor.py:829} INFO - Processing file /opt/airflow/dags/write.py for tasks to queue
[2023-12-04T17:45:01.567+0000] {logging_mixin.py:154} INFO - [2023-12-04T17:45:01.567+0000] {dagbag.py:536} INFO - Filling up the DagBag from /opt/airflow/dags/write.py
[2023-12-04T17:45:01.576+0000] {processor.py:839} INFO - DAG(s) dict_keys(['DAG_write_to_bigQuery']) retrieved from /opt/airflow/dags/write.py
[2023-12-04T17:45:01.657+0000] {logging_mixin.py:154} INFO - [2023-12-04T17:45:01.657+0000] {dag.py:2941} INFO - Sync 1 DAGs
[2023-12-04T17:45:01.673+0000] {logging_mixin.py:154} INFO - [2023-12-04T17:45:01.673+0000] {dag.py:3722} INFO - Setting next_dagrun for DAG_write_to_bigQuery to 2023-12-04T17:44:41.687666+00:00, run_after=2023-12-04T18:14:41.687666+00:00
[2023-12-04T17:45:01.692+0000] {processor.py:179} INFO - Processing /opt/airflow/dags/write.py took 0.132 seconds
[2023-12-04T17:46:12.003+0000] {processor.py:157} INFO - Started process (PID=43) to work on /opt/airflow/dags/write.py
[2023-12-04T17:46:12.004+0000] {processor.py:829} INFO - Processing file /opt/airflow/dags/write.py for tasks to queue
[2023-12-04T17:46:12.006+0000] {logging_mixin.py:154} INFO - [2023-12-04T17:46:12.005+0000] {dagbag.py:536} INFO - Filling up the DagBag from /opt/airflow/dags/write.py
[2023-12-04T17:46:12.023+0000] {processor.py:839} INFO - DAG(s) dict_keys(['DAG_write_to_bigQuery']) retrieved from /opt/airflow/dags/write.py
[2023-12-04T17:46:12.218+0000] {logging_mixin.py:154} INFO - [2023-12-04T17:46:12.218+0000] {dag.py:2941} INFO - Sync 1 DAGs
[2023-12-04T17:46:12.242+0000] {logging_mixin.py:154} INFO - [2023-12-04T17:46:12.242+0000] {dag.py:3722} INFO - Setting next_dagrun for DAG_write_to_bigQuery to 2023-12-04T17:44:41.687666+00:00, run_after=2023-12-04T18:14:41.687666+00:00
[2023-12-04T17:46:12.267+0000] {processor.py:179} INFO - Processing /opt/airflow/dags/write.py took 0.268 seconds
[2023-12-04T17:46:42.442+0000] {processor.py:157} INFO - Started process (PID=99) to work on /opt/airflow/dags/write.py
[2023-12-04T17:46:42.448+0000] {processor.py:829} INFO - Processing file /opt/airflow/dags/write.py for tasks to queue
[2023-12-04T17:46:42.450+0000] {logging_mixin.py:154} INFO - [2023-12-04T17:46:42.450+0000] {dagbag.py:536} INFO - Filling up the DagBag from /opt/airflow/dags/write.py
[2023-12-04T17:46:42.457+0000] {processor.py:839} INFO - DAG(s) dict_keys(['DAG_write_to_bigQuery']) retrieved from /opt/airflow/dags/write.py
[2023-12-04T17:46:42.473+0000] {logging_mixin.py:154} INFO - [2023-12-04T17:46:42.473+0000] {dag.py:2941} INFO - Sync 1 DAGs
[2023-12-04T17:46:42.497+0000] {logging_mixin.py:154} INFO - [2023-12-04T17:46:42.497+0000] {dag.py:3722} INFO - Setting next_dagrun for DAG_write_to_bigQuery to 2023-12-04T17:44:41.687666+00:00, run_after=2023-12-04T18:14:41.687666+00:00
[2023-12-04T17:46:42.513+0000] {processor.py:179} INFO - Processing /opt/airflow/dags/write.py took 0.072 seconds
[2023-12-04T17:47:12.666+0000] {processor.py:157} INFO - Started process (PID=155) to work on /opt/airflow/dags/write.py
[2023-12-04T17:47:12.669+0000] {processor.py:829} INFO - Processing file /opt/airflow/dags/write.py for tasks to queue
[2023-12-04T17:47:12.670+0000] {logging_mixin.py:154} INFO - [2023-12-04T17:47:12.670+0000] {dagbag.py:536} INFO - Filling up the DagBag from /opt/airflow/dags/write.py
[2023-12-04T17:47:12.677+0000] {processor.py:839} INFO - DAG(s) dict_keys(['DAG_write_to_bigQuery']) retrieved from /opt/airflow/dags/write.py
[2023-12-04T17:47:12.693+0000] {logging_mixin.py:154} INFO - [2023-12-04T17:47:12.693+0000] {dag.py:2941} INFO - Sync 1 DAGs
[2023-12-04T17:47:12.712+0000] {logging_mixin.py:154} INFO - [2023-12-04T17:47:12.712+0000] {dag.py:3722} INFO - Setting next_dagrun for DAG_write_to_bigQuery to 2023-12-04T17:44:41.687666+00:00, run_after=2023-12-04T18:14:41.687666+00:00
[2023-12-04T17:47:12.735+0000] {processor.py:179} INFO - Processing /opt/airflow/dags/write.py took 0.071 seconds
[2023-12-04T17:49:40.055+0000] {processor.py:157} INFO - Started process (PID=43) to work on /opt/airflow/dags/write.py
[2023-12-04T17:49:40.056+0000] {processor.py:829} INFO - Processing file /opt/airflow/dags/write.py for tasks to queue
[2023-12-04T17:49:40.058+0000] {logging_mixin.py:154} INFO - [2023-12-04T17:49:40.058+0000] {dagbag.py:536} INFO - Filling up the DagBag from /opt/airflow/dags/write.py
[2023-12-04T17:49:40.075+0000] {processor.py:839} INFO - DAG(s) dict_keys(['DAG_write_to_bigQuery']) retrieved from /opt/airflow/dags/write.py
[2023-12-04T17:49:40.270+0000] {logging_mixin.py:154} INFO - [2023-12-04T17:49:40.270+0000] {dag.py:2941} INFO - Sync 1 DAGs
[2023-12-04T17:49:40.290+0000] {logging_mixin.py:154} INFO - [2023-12-04T17:49:40.290+0000] {dag.py:3722} INFO - Setting next_dagrun for DAG_write_to_bigQuery to 2023-12-04T17:44:41.687666+00:00, run_after=2023-12-04T18:14:41.687666+00:00
[2023-12-04T17:49:40.311+0000] {processor.py:179} INFO - Processing /opt/airflow/dags/write.py took 0.259 seconds
[2023-12-04T17:50:10.765+0000] {processor.py:157} INFO - Started process (PID=99) to work on /opt/airflow/dags/write.py
[2023-12-04T17:50:10.766+0000] {processor.py:829} INFO - Processing file /opt/airflow/dags/write.py for tasks to queue
[2023-12-04T17:50:10.773+0000] {logging_mixin.py:154} INFO - [2023-12-04T17:50:10.767+0000] {dagbag.py:536} INFO - Filling up the DagBag from /opt/airflow/dags/write.py
[2023-12-04T17:50:10.779+0000] {processor.py:839} INFO - DAG(s) dict_keys(['DAG_write_to_bigQuery']) retrieved from /opt/airflow/dags/write.py
[2023-12-04T17:50:10.793+0000] {logging_mixin.py:154} INFO - [2023-12-04T17:50:10.793+0000] {dag.py:2941} INFO - Sync 1 DAGs
[2023-12-04T17:50:10.808+0000] {logging_mixin.py:154} INFO - [2023-12-04T17:50:10.808+0000] {dag.py:3722} INFO - Setting next_dagrun for DAG_write_to_bigQuery to 2023-12-04T17:44:41.687666+00:00, run_after=2023-12-04T18:14:41.687666+00:00
[2023-12-04T17:50:10.824+0000] {processor.py:179} INFO - Processing /opt/airflow/dags/write.py took 0.061 seconds
[2023-12-04T17:50:40.983+0000] {processor.py:157} INFO - Started process (PID=155) to work on /opt/airflow/dags/write.py
[2023-12-04T17:50:40.989+0000] {processor.py:829} INFO - Processing file /opt/airflow/dags/write.py for tasks to queue
[2023-12-04T17:50:40.991+0000] {logging_mixin.py:154} INFO - [2023-12-04T17:50:40.991+0000] {dagbag.py:536} INFO - Filling up the DagBag from /opt/airflow/dags/write.py
[2023-12-04T17:50:41.000+0000] {processor.py:839} INFO - DAG(s) dict_keys(['DAG_write_to_bigQuery']) retrieved from /opt/airflow/dags/write.py
[2023-12-04T17:50:41.023+0000] {logging_mixin.py:154} INFO - [2023-12-04T17:50:41.023+0000] {dag.py:2941} INFO - Sync 1 DAGs
[2023-12-04T17:50:41.049+0000] {logging_mixin.py:154} INFO - [2023-12-04T17:50:41.048+0000] {dag.py:3722} INFO - Setting next_dagrun for DAG_write_to_bigQuery to 2023-12-04T17:44:41.687666+00:00, run_after=2023-12-04T18:14:41.687666+00:00
[2023-12-04T17:50:41.071+0000] {processor.py:179} INFO - Processing /opt/airflow/dags/write.py took 0.090 seconds
[2023-12-04T17:51:11.260+0000] {processor.py:157} INFO - Started process (PID=211) to work on /opt/airflow/dags/write.py
[2023-12-04T17:51:11.260+0000] {processor.py:829} INFO - Processing file /opt/airflow/dags/write.py for tasks to queue
[2023-12-04T17:51:11.262+0000] {logging_mixin.py:154} INFO - [2023-12-04T17:51:11.262+0000] {dagbag.py:536} INFO - Filling up the DagBag from /opt/airflow/dags/write.py
[2023-12-04T17:51:11.268+0000] {processor.py:839} INFO - DAG(s) dict_keys(['DAG_write_to_bigQuery']) retrieved from /opt/airflow/dags/write.py
[2023-12-04T17:51:11.283+0000] {logging_mixin.py:154} INFO - [2023-12-04T17:51:11.283+0000] {dag.py:2941} INFO - Sync 1 DAGs
[2023-12-04T17:51:11.297+0000] {logging_mixin.py:154} INFO - [2023-12-04T17:51:11.296+0000] {dag.py:3722} INFO - Setting next_dagrun for DAG_write_to_bigQuery to 2023-12-04T17:44:41.687666+00:00, run_after=2023-12-04T18:14:41.687666+00:00
[2023-12-04T17:51:11.312+0000] {processor.py:179} INFO - Processing /opt/airflow/dags/write.py took 0.054 seconds
[2023-12-04T17:51:41.337+0000] {processor.py:157} INFO - Started process (PID=267) to work on /opt/airflow/dags/write.py
[2023-12-04T17:51:41.338+0000] {processor.py:829} INFO - Processing file /opt/airflow/dags/write.py for tasks to queue
[2023-12-04T17:51:41.340+0000] {logging_mixin.py:154} INFO - [2023-12-04T17:51:41.340+0000] {dagbag.py:536} INFO - Filling up the DagBag from /opt/airflow/dags/write.py
[2023-12-04T17:51:41.348+0000] {processor.py:839} INFO - DAG(s) dict_keys(['DAG_write_to_bigQuery']) retrieved from /opt/airflow/dags/write.py
[2023-12-04T17:51:41.371+0000] {logging_mixin.py:154} INFO - [2023-12-04T17:51:41.371+0000] {dag.py:2941} INFO - Sync 1 DAGs
[2023-12-04T17:51:41.392+0000] {logging_mixin.py:154} INFO - [2023-12-04T17:51:41.392+0000] {dag.py:3722} INFO - Setting next_dagrun for DAG_write_to_bigQuery to 2023-12-04T17:44:41.687666+00:00, run_after=2023-12-04T18:14:41.687666+00:00
[2023-12-04T17:51:41.407+0000] {processor.py:179} INFO - Processing /opt/airflow/dags/write.py took 0.073 seconds
[2023-12-04T19:37:19.838+0000] {processor.py:157} INFO - Started process (PID=299) to work on /opt/airflow/dags/write.py
[2023-12-04T19:37:19.839+0000] {processor.py:829} INFO - Processing file /opt/airflow/dags/write.py for tasks to queue
[2023-12-04T19:37:19.842+0000] {logging_mixin.py:154} INFO - [2023-12-04T19:37:19.841+0000] {dagbag.py:536} INFO - Filling up the DagBag from /opt/airflow/dags/write.py
[2023-12-04T19:37:19.853+0000] {processor.py:839} INFO - DAG(s) dict_keys(['DAG_write_to_bigQuery']) retrieved from /opt/airflow/dags/write.py
[2023-12-04T19:37:19.881+0000] {logging_mixin.py:154} INFO - [2023-12-04T19:37:19.880+0000] {dag.py:2941} INFO - Sync 1 DAGs
[2023-12-04T19:37:19.913+0000] {logging_mixin.py:154} INFO - [2023-12-04T19:37:19.913+0000] {dag.py:3722} INFO - Setting next_dagrun for DAG_write_to_bigQuery to 2023-12-04T19:07:19.912811+00:00, run_after=2023-12-04T19:37:19.912811+00:00
[2023-12-04T19:37:19.949+0000] {processor.py:179} INFO - Processing /opt/airflow/dags/write.py took 0.115 seconds
[2023-12-04T19:37:50.424+0000] {processor.py:157} INFO - Started process (PID=356) to work on /opt/airflow/dags/write.py
[2023-12-04T19:37:50.426+0000] {processor.py:829} INFO - Processing file /opt/airflow/dags/write.py for tasks to queue
[2023-12-04T19:37:50.430+0000] {logging_mixin.py:154} INFO - [2023-12-04T19:37:50.429+0000] {dagbag.py:536} INFO - Filling up the DagBag from /opt/airflow/dags/write.py
[2023-12-04T19:37:50.444+0000] {processor.py:839} INFO - DAG(s) dict_keys(['DAG_write_to_bigQuery']) retrieved from /opt/airflow/dags/write.py
[2023-12-04T19:37:50.479+0000] {logging_mixin.py:154} INFO - [2023-12-04T19:37:50.479+0000] {dag.py:2941} INFO - Sync 1 DAGs
[2023-12-04T19:37:50.529+0000] {logging_mixin.py:154} INFO - [2023-12-04T19:37:50.529+0000] {dag.py:3722} INFO - Setting next_dagrun for DAG_write_to_bigQuery to 2023-12-04T19:37:19.912811+00:00, run_after=2023-12-04T20:07:19.912811+00:00
[2023-12-04T19:37:50.564+0000] {processor.py:179} INFO - Processing /opt/airflow/dags/write.py took 0.149 seconds
[2023-12-04T19:38:21.088+0000] {processor.py:157} INFO - Started process (PID=412) to work on /opt/airflow/dags/write.py
[2023-12-04T19:38:21.094+0000] {processor.py:829} INFO - Processing file /opt/airflow/dags/write.py for tasks to queue
[2023-12-04T19:38:21.095+0000] {logging_mixin.py:154} INFO - [2023-12-04T19:38:21.095+0000] {dagbag.py:536} INFO - Filling up the DagBag from /opt/airflow/dags/write.py
[2023-12-04T19:38:21.101+0000] {processor.py:839} INFO - DAG(s) dict_keys(['DAG_write_to_bigQuery']) retrieved from /opt/airflow/dags/write.py
[2023-12-04T19:38:21.119+0000] {logging_mixin.py:154} INFO - [2023-12-04T19:38:21.119+0000] {dag.py:2941} INFO - Sync 1 DAGs
[2023-12-04T19:38:21.142+0000] {logging_mixin.py:154} INFO - [2023-12-04T19:38:21.141+0000] {dag.py:3722} INFO - Setting next_dagrun for DAG_write_to_bigQuery to 2023-12-04T19:37:19.912811+00:00, run_after=2023-12-04T20:07:19.912811+00:00
[2023-12-04T19:38:21.159+0000] {processor.py:179} INFO - Processing /opt/airflow/dags/write.py took 0.072 seconds
[2023-12-04T19:38:51.191+0000] {processor.py:157} INFO - Started process (PID=468) to work on /opt/airflow/dags/write.py
[2023-12-04T19:38:51.192+0000] {processor.py:829} INFO - Processing file /opt/airflow/dags/write.py for tasks to queue
[2023-12-04T19:38:51.196+0000] {logging_mixin.py:154} INFO - [2023-12-04T19:38:51.195+0000] {dagbag.py:536} INFO - Filling up the DagBag from /opt/airflow/dags/write.py
[2023-12-04T19:38:51.209+0000] {processor.py:839} INFO - DAG(s) dict_keys(['DAG_write_to_bigQuery']) retrieved from /opt/airflow/dags/write.py
[2023-12-04T19:38:51.239+0000] {logging_mixin.py:154} INFO - [2023-12-04T19:38:51.238+0000] {dag.py:2941} INFO - Sync 1 DAGs
[2023-12-04T19:38:51.269+0000] {logging_mixin.py:154} INFO - [2023-12-04T19:38:51.269+0000] {dag.py:3722} INFO - Setting next_dagrun for DAG_write_to_bigQuery to 2023-12-04T19:37:19.912811+00:00, run_after=2023-12-04T20:07:19.912811+00:00
[2023-12-04T19:38:51.298+0000] {processor.py:179} INFO - Processing /opt/airflow/dags/write.py took 0.112 seconds
[2023-12-04T19:39:21.556+0000] {processor.py:157} INFO - Started process (PID=524) to work on /opt/airflow/dags/write.py
[2023-12-04T19:39:21.562+0000] {processor.py:829} INFO - Processing file /opt/airflow/dags/write.py for tasks to queue
[2023-12-04T19:39:21.565+0000] {logging_mixin.py:154} INFO - [2023-12-04T19:39:21.565+0000] {dagbag.py:536} INFO - Filling up the DagBag from /opt/airflow/dags/write.py
[2023-12-04T19:39:21.579+0000] {processor.py:839} INFO - DAG(s) dict_keys(['DAG_write_to_bigQuery']) retrieved from /opt/airflow/dags/write.py
[2023-12-04T19:39:21.618+0000] {logging_mixin.py:154} INFO - [2023-12-04T19:39:21.618+0000] {dag.py:2941} INFO - Sync 1 DAGs
[2023-12-04T19:39:21.657+0000] {logging_mixin.py:154} INFO - [2023-12-04T19:39:21.656+0000] {dag.py:3722} INFO - Setting next_dagrun for DAG_write_to_bigQuery to 2023-12-04T19:37:19.912811+00:00, run_after=2023-12-04T20:07:19.912811+00:00
[2023-12-04T19:39:21.688+0000] {processor.py:179} INFO - Processing /opt/airflow/dags/write.py took 0.136 seconds
[2023-12-04T19:39:51.986+0000] {processor.py:157} INFO - Started process (PID=580) to work on /opt/airflow/dags/write.py
[2023-12-04T19:39:51.992+0000] {processor.py:829} INFO - Processing file /opt/airflow/dags/write.py for tasks to queue
[2023-12-04T19:39:51.996+0000] {logging_mixin.py:154} INFO - [2023-12-04T19:39:51.995+0000] {dagbag.py:536} INFO - Filling up the DagBag from /opt/airflow/dags/write.py
[2023-12-04T19:39:52.011+0000] {processor.py:839} INFO - DAG(s) dict_keys(['DAG_write_to_bigQuery']) retrieved from /opt/airflow/dags/write.py
[2023-12-04T19:39:52.044+0000] {logging_mixin.py:154} INFO - [2023-12-04T19:39:52.044+0000] {dag.py:2941} INFO - Sync 1 DAGs
[2023-12-04T19:39:52.081+0000] {logging_mixin.py:154} INFO - [2023-12-04T19:39:52.081+0000] {dag.py:3722} INFO - Setting next_dagrun for DAG_write_to_bigQuery to 2023-12-04T19:37:19.912811+00:00, run_after=2023-12-04T20:07:19.912811+00:00
[2023-12-04T19:39:52.112+0000] {processor.py:179} INFO - Processing /opt/airflow/dags/write.py took 0.131 seconds
[2023-12-04T19:40:22.216+0000] {processor.py:157} INFO - Started process (PID=636) to work on /opt/airflow/dags/write.py
[2023-12-04T19:40:22.223+0000] {processor.py:829} INFO - Processing file /opt/airflow/dags/write.py for tasks to queue
[2023-12-04T19:40:22.226+0000] {logging_mixin.py:154} INFO - [2023-12-04T19:40:22.226+0000] {dagbag.py:536} INFO - Filling up the DagBag from /opt/airflow/dags/write.py
[2023-12-04T19:40:22.241+0000] {processor.py:839} INFO - DAG(s) dict_keys(['DAG_write_to_bigQuery']) retrieved from /opt/airflow/dags/write.py
[2023-12-04T19:40:22.276+0000] {logging_mixin.py:154} INFO - [2023-12-04T19:40:22.275+0000] {dag.py:2941} INFO - Sync 1 DAGs
[2023-12-04T19:40:22.315+0000] {logging_mixin.py:154} INFO - [2023-12-04T19:40:22.315+0000] {dag.py:3722} INFO - Setting next_dagrun for DAG_write_to_bigQuery to 2023-12-04T19:37:19.912811+00:00, run_after=2023-12-04T20:07:19.912811+00:00
[2023-12-04T19:40:22.349+0000] {processor.py:179} INFO - Processing /opt/airflow/dags/write.py took 0.138 seconds
[2023-12-04T19:40:52.837+0000] {processor.py:157} INFO - Started process (PID=692) to work on /opt/airflow/dags/write.py
[2023-12-04T19:40:52.844+0000] {processor.py:829} INFO - Processing file /opt/airflow/dags/write.py for tasks to queue
[2023-12-04T19:40:52.846+0000] {logging_mixin.py:154} INFO - [2023-12-04T19:40:52.846+0000] {dagbag.py:536} INFO - Filling up the DagBag from /opt/airflow/dags/write.py
[2023-12-04T19:40:52.859+0000] {processor.py:839} INFO - DAG(s) dict_keys(['DAG_write_to_bigQuery']) retrieved from /opt/airflow/dags/write.py
[2023-12-04T19:40:52.891+0000] {logging_mixin.py:154} INFO - [2023-12-04T19:40:52.891+0000] {dag.py:2941} INFO - Sync 1 DAGs
[2023-12-04T19:40:52.932+0000] {logging_mixin.py:154} INFO - [2023-12-04T19:40:52.931+0000] {dag.py:3722} INFO - Setting next_dagrun for DAG_write_to_bigQuery to 2023-12-04T19:37:19.912811+00:00, run_after=2023-12-04T20:07:19.912811+00:00
[2023-12-04T19:40:52.969+0000] {processor.py:179} INFO - Processing /opt/airflow/dags/write.py took 0.136 seconds
[2023-12-04T19:41:23.190+0000] {processor.py:157} INFO - Started process (PID=748) to work on /opt/airflow/dags/write.py
[2023-12-04T19:41:23.191+0000] {processor.py:829} INFO - Processing file /opt/airflow/dags/write.py for tasks to queue
[2023-12-04T19:41:23.192+0000] {logging_mixin.py:154} INFO - [2023-12-04T19:41:23.192+0000] {dagbag.py:536} INFO - Filling up the DagBag from /opt/airflow/dags/write.py
[2023-12-04T19:41:23.198+0000] {processor.py:839} INFO - DAG(s) dict_keys(['DAG_write_to_bigQuery']) retrieved from /opt/airflow/dags/write.py
[2023-12-04T19:41:23.220+0000] {logging_mixin.py:154} INFO - [2023-12-04T19:41:23.219+0000] {dag.py:2941} INFO - Sync 1 DAGs
[2023-12-04T19:41:23.242+0000] {logging_mixin.py:154} INFO - [2023-12-04T19:41:23.242+0000] {dag.py:3722} INFO - Setting next_dagrun for DAG_write_to_bigQuery to 2023-12-04T19:37:19.912811+00:00, run_after=2023-12-04T20:07:19.912811+00:00
[2023-12-04T19:41:23.264+0000] {processor.py:179} INFO - Processing /opt/airflow/dags/write.py took 0.076 seconds
[2023-12-04T19:41:53.551+0000] {processor.py:157} INFO - Started process (PID=804) to work on /opt/airflow/dags/write.py
[2023-12-04T19:41:53.557+0000] {processor.py:829} INFO - Processing file /opt/airflow/dags/write.py for tasks to queue
[2023-12-04T19:41:53.559+0000] {logging_mixin.py:154} INFO - [2023-12-04T19:41:53.558+0000] {dagbag.py:536} INFO - Filling up the DagBag from /opt/airflow/dags/write.py
[2023-12-04T19:41:53.566+0000] {processor.py:839} INFO - DAG(s) dict_keys(['DAG_write_to_bigQuery']) retrieved from /opt/airflow/dags/write.py
[2023-12-04T19:41:53.592+0000] {logging_mixin.py:154} INFO - [2023-12-04T19:41:53.591+0000] {dag.py:2941} INFO - Sync 1 DAGs
[2023-12-04T19:41:53.631+0000] {logging_mixin.py:154} INFO - [2023-12-04T19:41:53.631+0000] {dag.py:3722} INFO - Setting next_dagrun for DAG_write_to_bigQuery to 2023-12-04T19:37:19.912811+00:00, run_after=2023-12-04T20:07:19.912811+00:00
[2023-12-04T19:41:53.652+0000] {processor.py:179} INFO - Processing /opt/airflow/dags/write.py took 0.105 seconds
[2023-12-04T19:42:24.007+0000] {processor.py:157} INFO - Started process (PID=860) to work on /opt/airflow/dags/write.py
[2023-12-04T19:42:24.013+0000] {processor.py:829} INFO - Processing file /opt/airflow/dags/write.py for tasks to queue
[2023-12-04T19:42:24.017+0000] {logging_mixin.py:154} INFO - [2023-12-04T19:42:24.016+0000] {dagbag.py:536} INFO - Filling up the DagBag from /opt/airflow/dags/write.py
[2023-12-04T19:42:24.031+0000] {processor.py:839} INFO - DAG(s) dict_keys(['DAG_write_to_bigQuery']) retrieved from /opt/airflow/dags/write.py
[2023-12-04T19:42:24.064+0000] {logging_mixin.py:154} INFO - [2023-12-04T19:42:24.064+0000] {dag.py:2941} INFO - Sync 1 DAGs
[2023-12-04T19:42:24.104+0000] {logging_mixin.py:154} INFO - [2023-12-04T19:42:24.103+0000] {dag.py:3722} INFO - Setting next_dagrun for DAG_write_to_bigQuery to 2023-12-04T19:37:19.912811+00:00, run_after=2023-12-04T20:07:19.912811+00:00
[2023-12-04T19:42:24.138+0000] {processor.py:179} INFO - Processing /opt/airflow/dags/write.py took 0.136 seconds
[2023-12-04T19:42:54.424+0000] {processor.py:157} INFO - Started process (PID=916) to work on /opt/airflow/dags/write.py
[2023-12-04T19:42:54.430+0000] {processor.py:829} INFO - Processing file /opt/airflow/dags/write.py for tasks to queue
[2023-12-04T19:42:54.432+0000] {logging_mixin.py:154} INFO - [2023-12-04T19:42:54.431+0000] {dagbag.py:536} INFO - Filling up the DagBag from /opt/airflow/dags/write.py
[2023-12-04T19:42:54.439+0000] {processor.py:839} INFO - DAG(s) dict_keys(['DAG_write_to_bigQuery']) retrieved from /opt/airflow/dags/write.py
[2023-12-04T19:42:54.461+0000] {logging_mixin.py:154} INFO - [2023-12-04T19:42:54.461+0000] {dag.py:2941} INFO - Sync 1 DAGs
[2023-12-04T19:42:54.496+0000] {logging_mixin.py:154} INFO - [2023-12-04T19:42:54.496+0000] {dag.py:3722} INFO - Setting next_dagrun for DAG_write_to_bigQuery to 2023-12-04T19:37:19.912811+00:00, run_after=2023-12-04T20:07:19.912811+00:00
[2023-12-04T19:42:54.641+0000] {processor.py:179} INFO - Processing /opt/airflow/dags/write.py took 0.220 seconds
[2023-12-04T19:43:24.897+0000] {processor.py:157} INFO - Started process (PID=973) to work on /opt/airflow/dags/write.py
[2023-12-04T19:43:24.898+0000] {processor.py:829} INFO - Processing file /opt/airflow/dags/write.py for tasks to queue
[2023-12-04T19:43:24.901+0000] {logging_mixin.py:154} INFO - [2023-12-04T19:43:24.901+0000] {dagbag.py:536} INFO - Filling up the DagBag from /opt/airflow/dags/write.py
[2023-12-04T19:43:24.915+0000] {processor.py:839} INFO - DAG(s) dict_keys(['DAG_write_to_bigQuery']) retrieved from /opt/airflow/dags/write.py
[2023-12-04T19:43:24.952+0000] {logging_mixin.py:154} INFO - [2023-12-04T19:43:24.952+0000] {dag.py:2941} INFO - Sync 1 DAGs
[2023-12-04T19:43:24.994+0000] {logging_mixin.py:154} INFO - [2023-12-04T19:43:24.994+0000] {dag.py:3722} INFO - Setting next_dagrun for DAG_write_to_bigQuery to 2023-12-04T19:37:19.912811+00:00, run_after=2023-12-04T20:07:19.912811+00:00
[2023-12-04T19:43:25.026+0000] {processor.py:179} INFO - Processing /opt/airflow/dags/write.py took 0.134 seconds
[2023-12-04T19:43:55.134+0000] {processor.py:157} INFO - Started process (PID=1028) to work on /opt/airflow/dags/write.py
[2023-12-04T19:43:55.141+0000] {processor.py:829} INFO - Processing file /opt/airflow/dags/write.py for tasks to queue
[2023-12-04T19:43:55.144+0000] {logging_mixin.py:154} INFO - [2023-12-04T19:43:55.144+0000] {dagbag.py:536} INFO - Filling up the DagBag from /opt/airflow/dags/write.py
[2023-12-04T19:43:55.159+0000] {processor.py:839} INFO - DAG(s) dict_keys(['DAG_write_to_bigQuery']) retrieved from /opt/airflow/dags/write.py
[2023-12-04T19:43:55.200+0000] {logging_mixin.py:154} INFO - [2023-12-04T19:43:55.199+0000] {dag.py:2941} INFO - Sync 1 DAGs
[2023-12-04T19:43:55.245+0000] {logging_mixin.py:154} INFO - [2023-12-04T19:43:55.245+0000] {dag.py:3722} INFO - Setting next_dagrun for DAG_write_to_bigQuery to 2023-12-04T19:37:19.912811+00:00, run_after=2023-12-04T20:07:19.912811+00:00
[2023-12-04T19:43:55.283+0000] {processor.py:179} INFO - Processing /opt/airflow/dags/write.py took 0.153 seconds
[2023-12-04T19:44:25.719+0000] {processor.py:157} INFO - Started process (PID=1084) to work on /opt/airflow/dags/write.py
[2023-12-04T19:44:25.721+0000] {processor.py:829} INFO - Processing file /opt/airflow/dags/write.py for tasks to queue
[2023-12-04T19:44:25.724+0000] {logging_mixin.py:154} INFO - [2023-12-04T19:44:25.724+0000] {dagbag.py:536} INFO - Filling up the DagBag from /opt/airflow/dags/write.py
[2023-12-04T19:44:25.738+0000] {processor.py:839} INFO - DAG(s) dict_keys(['DAG_write_to_bigQuery']) retrieved from /opt/airflow/dags/write.py
[2023-12-04T19:44:25.772+0000] {logging_mixin.py:154} INFO - [2023-12-04T19:44:25.771+0000] {dag.py:2941} INFO - Sync 1 DAGs
[2023-12-04T19:44:25.810+0000] {logging_mixin.py:154} INFO - [2023-12-04T19:44:25.810+0000] {dag.py:3722} INFO - Setting next_dagrun for DAG_write_to_bigQuery to 2023-12-04T19:37:19.912811+00:00, run_after=2023-12-04T20:07:19.912811+00:00
[2023-12-04T19:44:25.846+0000] {processor.py:179} INFO - Processing /opt/airflow/dags/write.py took 0.133 seconds
[2023-12-04T19:44:56.264+0000] {processor.py:157} INFO - Started process (PID=1140) to work on /opt/airflow/dags/write.py
[2023-12-04T19:44:56.265+0000] {processor.py:829} INFO - Processing file /opt/airflow/dags/write.py for tasks to queue
[2023-12-04T19:44:56.267+0000] {logging_mixin.py:154} INFO - [2023-12-04T19:44:56.267+0000] {dagbag.py:536} INFO - Filling up the DagBag from /opt/airflow/dags/write.py
[2023-12-04T19:44:56.279+0000] {processor.py:839} INFO - DAG(s) dict_keys(['DAG_write_to_bigQuery']) retrieved from /opt/airflow/dags/write.py
[2023-12-04T19:44:56.309+0000] {logging_mixin.py:154} INFO - [2023-12-04T19:44:56.309+0000] {dag.py:2941} INFO - Sync 1 DAGs
[2023-12-04T19:44:56.334+0000] {logging_mixin.py:154} INFO - [2023-12-04T19:44:56.334+0000] {dag.py:3722} INFO - Setting next_dagrun for DAG_write_to_bigQuery to 2023-12-04T19:37:19.912811+00:00, run_after=2023-12-04T20:07:19.912811+00:00
[2023-12-04T19:44:56.350+0000] {processor.py:179} INFO - Processing /opt/airflow/dags/write.py took 0.090 seconds
[2023-12-04T19:45:26.890+0000] {processor.py:157} INFO - Started process (PID=1196) to work on /opt/airflow/dags/write.py
[2023-12-04T19:45:26.892+0000] {processor.py:829} INFO - Processing file /opt/airflow/dags/write.py for tasks to queue
[2023-12-04T19:45:26.895+0000] {logging_mixin.py:154} INFO - [2023-12-04T19:45:26.894+0000] {dagbag.py:536} INFO - Filling up the DagBag from /opt/airflow/dags/write.py
[2023-12-04T19:45:26.908+0000] {processor.py:839} INFO - DAG(s) dict_keys(['DAG_write_to_bigQuery']) retrieved from /opt/airflow/dags/write.py
[2023-12-04T19:45:26.942+0000] {logging_mixin.py:154} INFO - [2023-12-04T19:45:26.942+0000] {dag.py:2941} INFO - Sync 1 DAGs
[2023-12-04T19:45:26.981+0000] {logging_mixin.py:154} INFO - [2023-12-04T19:45:26.980+0000] {dag.py:3722} INFO - Setting next_dagrun for DAG_write_to_bigQuery to 2023-12-04T19:37:19.912811+00:00, run_after=2023-12-04T20:07:19.912811+00:00
[2023-12-04T19:45:27.017+0000] {processor.py:179} INFO - Processing /opt/airflow/dags/write.py took 0.131 seconds
[2023-12-04T19:45:57.517+0000] {processor.py:157} INFO - Started process (PID=1252) to work on /opt/airflow/dags/write.py
[2023-12-04T19:45:57.524+0000] {processor.py:829} INFO - Processing file /opt/airflow/dags/write.py for tasks to queue
[2023-12-04T19:45:57.527+0000] {logging_mixin.py:154} INFO - [2023-12-04T19:45:57.526+0000] {dagbag.py:536} INFO - Filling up the DagBag from /opt/airflow/dags/write.py
[2023-12-04T19:45:57.542+0000] {processor.py:839} INFO - DAG(s) dict_keys(['DAG_write_to_bigQuery']) retrieved from /opt/airflow/dags/write.py
[2023-12-04T19:45:57.784+0000] {logging_mixin.py:154} INFO - [2023-12-04T19:45:57.784+0000] {dag.py:2941} INFO - Sync 1 DAGs
[2023-12-04T19:45:57.801+0000] {logging_mixin.py:154} INFO - [2023-12-04T19:45:57.801+0000] {dag.py:3722} INFO - Setting next_dagrun for DAG_write_to_bigQuery to 2023-12-04T19:37:19.912811+00:00, run_after=2023-12-04T20:07:19.912811+00:00
[2023-12-04T19:45:57.830+0000] {processor.py:179} INFO - Processing /opt/airflow/dags/write.py took 0.317 seconds
[2023-12-04T19:46:28.290+0000] {processor.py:157} INFO - Started process (PID=1308) to work on /opt/airflow/dags/write.py
[2023-12-04T19:46:28.292+0000] {processor.py:829} INFO - Processing file /opt/airflow/dags/write.py for tasks to queue
[2023-12-04T19:46:28.295+0000] {logging_mixin.py:154} INFO - [2023-12-04T19:46:28.295+0000] {dagbag.py:536} INFO - Filling up the DagBag from /opt/airflow/dags/write.py
[2023-12-04T19:46:28.310+0000] {processor.py:839} INFO - DAG(s) dict_keys(['DAG_write_to_bigQuery']) retrieved from /opt/airflow/dags/write.py
[2023-12-04T19:46:28.517+0000] {logging_mixin.py:154} INFO - [2023-12-04T19:46:28.516+0000] {dag.py:2941} INFO - Sync 1 DAGs
[2023-12-04T19:46:28.533+0000] {logging_mixin.py:154} INFO - [2023-12-04T19:46:28.533+0000] {dag.py:3722} INFO - Setting next_dagrun for DAG_write_to_bigQuery to 2023-12-04T19:37:19.912811+00:00, run_after=2023-12-04T20:07:19.912811+00:00
[2023-12-04T19:46:28.555+0000] {processor.py:179} INFO - Processing /opt/airflow/dags/write.py took 0.271 seconds
[2023-12-04T19:46:59.115+0000] {processor.py:157} INFO - Started process (PID=1364) to work on /opt/airflow/dags/write.py
[2023-12-04T19:46:59.116+0000] {processor.py:829} INFO - Processing file /opt/airflow/dags/write.py for tasks to queue
[2023-12-04T19:46:59.117+0000] {logging_mixin.py:154} INFO - [2023-12-04T19:46:59.117+0000] {dagbag.py:536} INFO - Filling up the DagBag from /opt/airflow/dags/write.py
[2023-12-04T19:46:59.124+0000] {processor.py:839} INFO - DAG(s) dict_keys(['DAG_write_to_bigQuery']) retrieved from /opt/airflow/dags/write.py
[2023-12-04T19:46:59.142+0000] {logging_mixin.py:154} INFO - [2023-12-04T19:46:59.141+0000] {dag.py:2941} INFO - Sync 1 DAGs
[2023-12-04T19:46:59.159+0000] {logging_mixin.py:154} INFO - [2023-12-04T19:46:59.159+0000] {dag.py:3722} INFO - Setting next_dagrun for DAG_write_to_bigQuery to 2023-12-04T19:37:19.912811+00:00, run_after=2023-12-04T20:07:19.912811+00:00
[2023-12-04T19:46:59.175+0000] {processor.py:179} INFO - Processing /opt/airflow/dags/write.py took 0.062 seconds
[2023-12-04T19:47:29.241+0000] {processor.py:157} INFO - Started process (PID=1420) to work on /opt/airflow/dags/write.py
[2023-12-04T19:47:29.247+0000] {processor.py:829} INFO - Processing file /opt/airflow/dags/write.py for tasks to queue
[2023-12-04T19:47:29.250+0000] {logging_mixin.py:154} INFO - [2023-12-04T19:47:29.250+0000] {dagbag.py:536} INFO - Filling up the DagBag from /opt/airflow/dags/write.py
[2023-12-04T19:47:29.263+0000] {processor.py:839} INFO - DAG(s) dict_keys(['DAG_write_to_bigQuery']) retrieved from /opt/airflow/dags/write.py
[2023-12-04T19:47:29.297+0000] {logging_mixin.py:154} INFO - [2023-12-04T19:47:29.296+0000] {dag.py:2941} INFO - Sync 1 DAGs
[2023-12-04T19:47:29.342+0000] {logging_mixin.py:154} INFO - [2023-12-04T19:47:29.341+0000] {dag.py:3722} INFO - Setting next_dagrun for DAG_write_to_bigQuery to 2023-12-04T19:37:19.912811+00:00, run_after=2023-12-04T20:07:19.912811+00:00
[2023-12-04T19:47:29.377+0000] {processor.py:179} INFO - Processing /opt/airflow/dags/write.py took 0.140 seconds
[2023-12-04T19:47:59.667+0000] {processor.py:157} INFO - Started process (PID=1476) to work on /opt/airflow/dags/write.py
[2023-12-04T19:47:59.674+0000] {processor.py:829} INFO - Processing file /opt/airflow/dags/write.py for tasks to queue
[2023-12-04T19:47:59.677+0000] {logging_mixin.py:154} INFO - [2023-12-04T19:47:59.677+0000] {dagbag.py:536} INFO - Filling up the DagBag from /opt/airflow/dags/write.py
[2023-12-04T19:47:59.693+0000] {processor.py:839} INFO - DAG(s) dict_keys(['DAG_write_to_bigQuery']) retrieved from /opt/airflow/dags/write.py
[2023-12-04T19:47:59.731+0000] {logging_mixin.py:154} INFO - [2023-12-04T19:47:59.730+0000] {dag.py:2941} INFO - Sync 1 DAGs
[2023-12-04T19:47:59.779+0000] {logging_mixin.py:154} INFO - [2023-12-04T19:47:59.778+0000] {dag.py:3722} INFO - Setting next_dagrun for DAG_write_to_bigQuery to 2023-12-04T19:37:19.912811+00:00, run_after=2023-12-04T20:07:19.912811+00:00
[2023-12-04T19:47:59.820+0000] {processor.py:179} INFO - Processing /opt/airflow/dags/write.py took 0.158 seconds
[2023-12-04T19:48:30.564+0000] {processor.py:157} INFO - Started process (PID=1532) to work on /opt/airflow/dags/write.py
[2023-12-04T19:48:30.571+0000] {processor.py:829} INFO - Processing file /opt/airflow/dags/write.py for tasks to queue
[2023-12-04T19:48:30.574+0000] {logging_mixin.py:154} INFO - [2023-12-04T19:48:30.573+0000] {dagbag.py:536} INFO - Filling up the DagBag from /opt/airflow/dags/write.py
[2023-12-04T19:48:30.588+0000] {processor.py:839} INFO - DAG(s) dict_keys(['DAG_write_to_bigQuery']) retrieved from /opt/airflow/dags/write.py
[2023-12-04T19:48:30.622+0000] {logging_mixin.py:154} INFO - [2023-12-04T19:48:30.621+0000] {dag.py:2941} INFO - Sync 1 DAGs
[2023-12-04T19:48:30.659+0000] {logging_mixin.py:154} INFO - [2023-12-04T19:48:30.659+0000] {dag.py:3722} INFO - Setting next_dagrun for DAG_write_to_bigQuery to 2023-12-04T19:37:19.912811+00:00, run_after=2023-12-04T20:07:19.912811+00:00
[2023-12-04T19:48:30.689+0000] {processor.py:179} INFO - Processing /opt/airflow/dags/write.py took 0.129 seconds
[2023-12-04T19:49:00.837+0000] {processor.py:157} INFO - Started process (PID=1588) to work on /opt/airflow/dags/write.py
[2023-12-04T19:49:00.839+0000] {processor.py:829} INFO - Processing file /opt/airflow/dags/write.py for tasks to queue
[2023-12-04T19:49:00.840+0000] {logging_mixin.py:154} INFO - [2023-12-04T19:49:00.840+0000] {dagbag.py:536} INFO - Filling up the DagBag from /opt/airflow/dags/write.py
[2023-12-04T19:49:00.846+0000] {processor.py:839} INFO - DAG(s) dict_keys(['DAG_write_to_bigQuery']) retrieved from /opt/airflow/dags/write.py
[2023-12-04T19:49:00.865+0000] {logging_mixin.py:154} INFO - [2023-12-04T19:49:00.864+0000] {dag.py:2941} INFO - Sync 1 DAGs
[2023-12-04T19:49:00.882+0000] {logging_mixin.py:154} INFO - [2023-12-04T19:49:00.882+0000] {dag.py:3722} INFO - Setting next_dagrun for DAG_write_to_bigQuery to 2023-12-04T19:37:19.912811+00:00, run_after=2023-12-04T20:07:19.912811+00:00
[2023-12-04T19:49:00.906+0000] {processor.py:179} INFO - Processing /opt/airflow/dags/write.py took 0.072 seconds
[2023-12-04T19:49:31.167+0000] {processor.py:157} INFO - Started process (PID=1644) to work on /opt/airflow/dags/write.py
[2023-12-04T19:49:31.168+0000] {processor.py:829} INFO - Processing file /opt/airflow/dags/write.py for tasks to queue
[2023-12-04T19:49:31.171+0000] {logging_mixin.py:154} INFO - [2023-12-04T19:49:31.171+0000] {dagbag.py:536} INFO - Filling up the DagBag from /opt/airflow/dags/write.py
[2023-12-04T19:49:31.185+0000] {processor.py:839} INFO - DAG(s) dict_keys(['DAG_write_to_bigQuery']) retrieved from /opt/airflow/dags/write.py
[2023-12-04T19:49:31.226+0000] {logging_mixin.py:154} INFO - [2023-12-04T19:49:31.225+0000] {dag.py:2941} INFO - Sync 1 DAGs
[2023-12-04T19:49:31.264+0000] {logging_mixin.py:154} INFO - [2023-12-04T19:49:31.263+0000] {dag.py:3722} INFO - Setting next_dagrun for DAG_write_to_bigQuery to 2023-12-04T19:37:19.912811+00:00, run_after=2023-12-04T20:07:19.912811+00:00
[2023-12-04T19:49:31.305+0000] {processor.py:179} INFO - Processing /opt/airflow/dags/write.py took 0.142 seconds
